Removed Pin From Net: NetName=NetQ7_4 Pin=R55-1
Removed Pin From Net: NetName=NetD5_1 Pin=R55-2
Removed Pin From Net: NetName=NetQ9_4 Pin=R56-1
Removed Pin From Net: NetName=NetD5_1 Pin=R56-2
Removed Pin From Net: NetName=NetD6_1 Pin=R57-1
Removed Pin From Net: NetName=NetD7_1 Pin=R57-2
Removed Pin From Net: NetName=NetD5_1 Pin=R64-2
Removed Pin From Net: NetName=NetD9_2 Pin=R65-1
Removed Pin From Net: NetName=NetD5_1 Pin=R65-2
Removed Pin From Net: NetName=DSG Pin=R68-1
Change Component DesignItemId : Designator=R55 Old DesignItemId=Resistor New DesignItemId=Resistor_0603
Change Component DesignItemId : Designator=R56 Old DesignItemId=Resistor New DesignItemId=Resistor_0603
Change Component DesignItemId : Designator=R57 Old DesignItemId=Resistor New DesignItemId=Resistor_0603
Change Component DesignItemId : Designator=R65 Old DesignItemId=Resistor New DesignItemId=Resistor_0603
Change Component Footprint: Designator=C47 Old Footprint=0603S New Footprint=c0603
Change Component Footprint: Designator=R55 Old Footprint=1206 New Footprint=0603S
Change Component Footprint: Designator=R56 Old Footprint=1206 New Footprint=0603S
Change Component Footprint: Designator=R57 Old Footprint=1206 New Footprint=0603S
Change Component Footprint: Designator=R65 Old Footprint=1206 New Footprint=0603S
Change Component Footprint: Designator=Q3 Old Footprint=PG-TSDSON-8 New Footprint=PG-TSDSON-8
Change Component Footprint: Designator=D4 Old Footprint=SOD-123 New Footprint=SOD-123
Change Component Footprint: Designator=D5 Old Footprint=SOD-123 New Footprint=SOD-123
Change Component Footprint: Designator=D6 Old Footprint=SOD-123 New Footprint=SOD-123
Change Component Footprint: Designator=TP20 Old Footprint=TP_VIA_060RND040 New Footprint=TP_VIA_060RND040
Change Component Footprint: Designator=TP22 Old Footprint=TP_VIA_060RND040 New Footprint=TP_VIA_060RND040
Change Component Footprint: Designator=TP23 Old Footprint=TP_VIA_060RND040 New Footprint=TP_VIA_060RND040
Change Component Footprint: Designator=TP25 Old Footprint=TP_VIA_060RND040 New Footprint=TP_VIA_060RND040
Change Component Footprint: Designator=TP26 Old Footprint=TP_VIA_060RND040 New Footprint=TP_VIA_060RND040
Change Component Footprint: Designator=TP27 Old Footprint=TP_VIA_060RND040 New Footprint=TP_VIA_060RND040
Change Component Footprint: Designator=TP28 Old Footprint=TP_VIA_060RND040 New Footprint=TP_VIA_060RND040
Change Component Footprint: Designator=TP29 Old Footprint=TP_VIA_060RND040 New Footprint=TP_VIA_060RND040
Change Component Footprint: Designator=TP30 Old Footprint=TP_VIA_060RND040 New Footprint=TP_VIA_060RND040
Change Component Footprint: Designator=TP31 Old Footprint=TP_VIA_060RND040 New Footprint=TP_VIA_060RND040
Change Component Footprint: Designator=TP32 Old Footprint=TP_VIA_060RND040 New Footprint=TP_VIA_060RND040
Change Component Footprint: Designator=TP33 Old Footprint=TP_VIA_060RND040 New Footprint=TP_VIA_060RND040
Change Component Footprint: Designator=TP34 Old Footprint=TP_VIA_060RND040 New Footprint=TP_VIA_060RND040
Change Component Footprint: Designator=TP35 Old Footprint=TP_VIA_060RND040 New Footprint=TP_VIA_060RND040
Change Component Footprint: Designator=TP36 Old Footprint=TP_VIA_060RND040 New Footprint=TP_VIA_060RND040
Change Component Comment : Designator=R55 Old Comment=CRCW120620R0FKEA New Comment=Resistor_0603
Change Component Comment : Designator=R56 Old Comment=CRCW120620R0FKEA New Comment=Resistor_0603
Change Component Comment : Designator=R65 Old Comment=CRCW120620R0FKEA New Comment=Resistor_0603
Change Component Comment : Designator=R57 Old Comment=Resistor New Comment=Resistor_0603
Change Component Description : Designator=R55 Old Description=RES, 20.0, 1%, 0.25 W, AEC-Q200 Grade 0, 1206 New Description=RES, 100, 5%, 0.1 W, AEC-Q200 Grade 0, 0603
Change Component Description : Designator=R56 Old Description=RES, 20.0, 1%, 0.25 W, AEC-Q200 Grade 0, 1206 New Description=RES, 100, 5%, 0.1 W, AEC-Q200 Grade 0, 0603
Change Component Description : Designator=R57 Old Description=RES, 20.0, 1%, 0.25 W, AEC-Q200 Grade 0, 1206 New Description=RES, 100, 5%, 0.1 W, AEC-Q200 Grade 0, 0603
Change Component Description : Designator=R65 Old Description=RES, 20.0, 1%, 0.25 W, AEC-Q200 Grade 0, 1206 New Description=RES, 100, 5%, 0.1 W, AEC-Q200 Grade 0, 0603
Change component parameters: Designator = "R55" ("R55"); Footprint = "1206"; UniqueID = "\BKQXSOAM" ("\BKQXSOAM")
Change component parameters (AddParameter): Name = "AEC Category"; Value = "Q200"; VariantName = "[No Variations]"
Change component parameters (AddParameter): Name = "AEC Grade"; Value = "0"; VariantName = "[No Variations]"
Change component parameters (AddParameter): Name = "AEC Qualified"; Value = "Y"; VariantName = "[No Variations]"
Change component parameters (AddParameter): Name = "Alternate Manufacturer"; Value = ""; VariantName = "[No Variations]"
Change component parameters (AddParameter): Name = "Alternate PartNumber"; Value = ""; VariantName = "[No Variations]"
Change component parameters (AddParameter): Name = "ComponentLink1Description"; Value = "Datasheet link"; VariantName = "[No Variations]"
Change component parameters (AddParameter): Name = "ComponentLink1URL"; Value = "http://www.vishay.com/docs/20035/dcrcwe3.pdf"; VariantName = "[No Variations]"
Change component parameters (AddParameter): Name = "CompType"; Value = "Resistor"; VariantName = "[No Variations]"
Change component parameters (AddParameter): Name = "EIA_Code"; Value = "E24"; VariantName = "[No Variations]"
Change component parameters (AddParameter): Name = "Green_EU RoHS"; Value = ""; VariantName = "[No Variations]"
Change component parameters (AddParameter): Name = "Green_EU RoHS-2"; Value = ""; VariantName = "[No Variations]"
Change component parameters (AddParameter): Name = "Green_Lifecycle"; Value = ""; VariantName = "[No Variations]"
Change component parameters (AddParameter): Name = "Green_REACh"; Value = ""; VariantName = "[No Variations]"
Change component parameters (AddParameter): Name = "LatestRevisionDate"; Value = "2017-06-13"; VariantName = "[No Variations]"
Change component parameters (AddParameter): Name = "Manufacturer"; Value = "Vishay-Dale"; VariantName = "[No Variations]"
Change component parameters (AddParameter): Name = "MountType"; Value = "SMT"; VariantName = "[No Variations]"
Change component parameters (AddParameter): Name = "PackageReference"; Value = "0603"; VariantName = "[No Variations]"
Change component parameters (AddParameter): Name = "PartNumber"; Value = "CRCW0603100RJNEA"; VariantName = "[No Variations]"
Change component parameters (AddParameter): Name = "Power_W"; Value = "100mW"; VariantName = "[No Variations]"
Change component parameters (AddParameter): Name = "Published"; Value = "2008-06-26"; VariantName = "[No Variations]"
Change component parameters (AddParameter): Name = "Publisher"; Value = "Texas Instruments"; VariantName = "[No Variations]"
Change component parameters (AddParameter): Name = "Res_ohm"; Value = "100"; VariantName = "[No Variations]"
Change component parameters (AddParameter): Name = "RoHS"; Value = "E"; VariantName = "[No Variations]"
Change component parameters (AddParameter): Name = "SizeArea_mm2"; Value = "1.28"; VariantName = "[No Variations]"
Change component parameters (AddParameter): Name = "SizeX_mm"; Value = "1.6"; VariantName = "[No Variations]"
Change component parameters (AddParameter): Name = "SizeY_mm"; Value = "0.8"; VariantName = "[No Variations]"
Change component parameters (AddParameter): Name = "SizeZ_mm"; Value = "1"; VariantName = "[No Variations]"
Change component parameters (AddParameter): Name = "Supplier 1"; Value = "Digi-Key"; VariantName = "[No Variations]"
Change component parameters (AddParameter): Name = "Supplier 2"; Value = "Newark"; VariantName = "[No Variations]"
Change component parameters (AddParameter): Name = "Supplier 3"; Value = "Mouser"; VariantName = "[No Variations]"
Change component parameters (AddParameter): Name = "Supplier Part Number 1"; Value = "541-100GCT-ND"; VariantName = "[No Variations]"
Change component parameters (AddParameter): Name = "Supplier Part Number 2"; Value = "59M6764"; VariantName = "[No Variations]"
Change component parameters (AddParameter): Name = "Supplier Part Number 3"; Value = "71-CRCW0603J-100-E3"; VariantName = "[No Variations]"
Change component parameters (AddParameter): Name = "SymbolVersion"; Value = "2009-05-29"; VariantName = "[No Variations]"
Change component parameters (AddParameter): Name = "Technology"; Value = "Thick Film"; VariantName = "[No Variations]"
Change component parameters (AddParameter): Name = "TempCo"; Value = "200 ppm/C"; VariantName = "[No Variations]"
Change component parameters (AddParameter): Name = "Tolerance_%"; Value = "5%"; VariantName = "[No Variations]"
Change component parameters (AddParameter): Name = "U/M"; Value = "EA"; VariantName = "[No Variations]"
Change component parameters (AddParameter): Name = "Value"; Value = "100"; VariantName = "[No Variations]"
Change component parameters (AddParameter): Name = "Value1"; Value = "5%"; VariantName = "[No Variations]"
Change component parameters (AddParameter): Name = "Value2"; Value = "0.1W"; VariantName = "[No Variations]"
Change component parameters (AddParameter): Name = "Value_Code"; Value = "100R"; VariantName = "[No Variations]"
Change component parameters (AddParameter): Name = "ValueDisplayed"; Value = ""; VariantName = "[No Variations]"
Change component parameters (AddParameter): Name = "VDC_V"; Value = "75V"; VariantName = "[No Variations]"
Change component parameters: Designator = "R56" ("R56"); Footprint = "1206"; UniqueID = "\DXKMYQPQ" ("\DXKMYQPQ")
Change component parameters (AddParameter): Name = "AEC Category"; Value = "Q200"; VariantName = "[No Variations]"
Change component parameters (AddParameter): Name = "AEC Grade"; Value = "0"; VariantName = "[No Variations]"
Change component parameters (AddParameter): Name = "AEC Qualified"; Value = "Y"; VariantName = "[No Variations]"
Change component parameters (AddParameter): Name = "Alternate Manufacturer"; Value = ""; VariantName = "[No Variations]"
Change component parameters (AddParameter): Name = "Alternate PartNumber"; Value = ""; VariantName = "[No Variations]"
Change component parameters (AddParameter): Name = "ComponentLink1Description"; Value = "Datasheet link"; VariantName = "[No Variations]"
Change component parameters (AddParameter): Name = "ComponentLink1URL"; Value = "http://www.vishay.com/docs/20035/dcrcwe3.pdf"; VariantName = "[No Variations]"
Change component parameters (AddParameter): Name = "CompType"; Value = "Resistor"; VariantName = "[No Variations]"
Change component parameters (AddParameter): Name = "EIA_Code"; Value = "E24"; VariantName = "[No Variations]"
Change component parameters (AddParameter): Name = "Green_EU RoHS"; Value = ""; VariantName = "[No Variations]"
Change component parameters (AddParameter): Name = "Green_EU RoHS-2"; Value = ""; VariantName = "[No Variations]"
Change component parameters (AddParameter): Name = "Green_Lifecycle"; Value = ""; VariantName = "[No Variations]"
Change component parameters (AddParameter): Name = "Green_REACh"; Value = ""; VariantName = "[No Variations]"
Change component parameters (AddParameter): Name = "LatestRevisionDate"; Value = "2017-06-13"; VariantName = "[No Variations]"
Change component parameters (AddParameter): Name = "Manufacturer"; Value = "Vishay-Dale"; VariantName = "[No Variations]"
Change component parameters (AddParameter): Name = "MountType"; Value = "SMT"; VariantName = "[No Variations]"
Change component parameters (AddParameter): Name = "PackageReference"; Value = "0603"; VariantName = "[No Variations]"
Change component parameters (AddParameter): Name = "PartNumber"; Value = "CRCW0603100RJNEA"; VariantName = "[No Variations]"
Change component parameters (AddParameter): Name = "Power_W"; Value = "100mW"; VariantName = "[No Variations]"
Change component parameters (AddParameter): Name = "Published"; Value = "2008-06-26"; VariantName = "[No Variations]"
Change component parameters (AddParameter): Name = "Publisher"; Value = "Texas Instruments"; VariantName = "[No Variations]"
Change component parameters (AddParameter): Name = "Res_ohm"; Value = "100"; VariantName = "[No Variations]"
Change component parameters (AddParameter): Name = "RoHS"; Value = "E"; VariantName = "[No Variations]"
Change component parameters (AddParameter): Name = "SizeArea_mm2"; Value = "1.28"; VariantName = "[No Variations]"
Change component parameters (AddParameter): Name = "SizeX_mm"; Value = "1.6"; VariantName = "[No Variations]"
Change component parameters (AddParameter): Name = "SizeY_mm"; Value = "0.8"; VariantName = "[No Variations]"
Change component parameters (AddParameter): Name = "SizeZ_mm"; Value = "1"; VariantName = "[No Variations]"
Change component parameters (AddParameter): Name = "Supplier 1"; Value = "Digi-Key"; VariantName = "[No Variations]"
Change component parameters (AddParameter): Name = "Supplier 2"; Value = "Newark"; VariantName = "[No Variations]"
Change component parameters (AddParameter): Name = "Supplier 3"; Value = "Mouser"; VariantName = "[No Variations]"
Change component parameters (AddParameter): Name = "Supplier Part Number 1"; Value = "541-100GCT-ND"; VariantName = "[No Variations]"
Change component parameters (AddParameter): Name = "Supplier Part Number 2"; Value = "59M6764"; VariantName = "[No Variations]"
Change component parameters (AddParameter): Name = "Supplier Part Number 3"; Value = "71-CRCW0603J-100-E3"; VariantName = "[No Variations]"
Change component parameters (AddParameter): Name = "SymbolVersion"; Value = "2009-05-29"; VariantName = "[No Variations]"
Change component parameters (AddParameter): Name = "Technology"; Value = "Thick Film"; VariantName = "[No Variations]"
Change component parameters (AddParameter): Name = "TempCo"; Value = "200 ppm/C"; VariantName = "[No Variations]"
Change component parameters (AddParameter): Name = "Tolerance_%"; Value = "5%"; VariantName = "[No Variations]"
Change component parameters (AddParameter): Name = "U/M"; Value = "EA"; VariantName = "[No Variations]"
Change component parameters (AddParameter): Name = "Value"; Value = "100"; VariantName = "[No Variations]"
Change component parameters (AddParameter): Name = "Value1"; Value = "5%"; VariantName = "[No Variations]"
Change component parameters (AddParameter): Name = "Value2"; Value = "0.1W"; VariantName = "[No Variations]"
Change component parameters (AddParameter): Name = "Value_Code"; Value = "100R"; VariantName = "[No Variations]"
Change component parameters (AddParameter): Name = "ValueDisplayed"; Value = ""; VariantName = "[No Variations]"
Change component parameters (AddParameter): Name = "VDC_V"; Value = "75V"; VariantName = "[No Variations]"
Change component parameters: Designator = "R57" ("R57"); Footprint = "1206"; UniqueID = "\DVFQVFER" ("\DVFQVFER")
Change component parameters (AddParameter): Name = "AEC Category"; Value = "Q200"; VariantName = "[No Variations]"
Change component parameters (AddParameter): Name = "AEC Grade"; Value = "0"; VariantName = "[No Variations]"
Change component parameters (AddParameter): Name = "AEC Qualified"; Value = "Y"; VariantName = "[No Variations]"
Change component parameters (AddParameter): Name = "Alternate Manufacturer"; Value = ""; VariantName = "[No Variations]"
Change component parameters (AddParameter): Name = "Alternate PartNumber"; Value = ""; VariantName = "[No Variations]"
Change component parameters (AddParameter): Name = "ComponentLink1Description"; Value = "Datasheet link"; VariantName = "[No Variations]"
Change component parameters (AddParameter): Name = "ComponentLink1URL"; Value = "http://www.vishay.com/docs/20035/dcrcwe3.pdf"; VariantName = "[No Variations]"
Change component parameters (AddParameter): Name = "CompType"; Value = "Resistor"; VariantName = "[No Variations]"
Change component parameters (AddParameter): Name = "EIA_Code"; Value = "E24"; VariantName = "[No Variations]"
Change component parameters (AddParameter): Name = "Green_EU RoHS"; Value = ""; VariantName = "[No Variations]"
Change component parameters (AddParameter): Name = "Green_EU RoHS-2"; Value = ""; VariantName = "[No Variations]"
Change component parameters (AddParameter): Name = "Green_Lifecycle"; Value = ""; VariantName = "[No Variations]"
Change component parameters (AddParameter): Name = "Green_REACh"; Value = ""; VariantName = "[No Variations]"
Change component parameters (AddParameter): Name = "LatestRevisionDate"; Value = "2017-06-13"; VariantName = "[No Variations]"
Change component parameters (AddParameter): Name = "Manufacturer"; Value = "Vishay-Dale"; VariantName = "[No Variations]"
Change component parameters (AddParameter): Name = "MountType"; Value = "SMT"; VariantName = "[No Variations]"
Change component parameters (AddParameter): Name = "PackageReference"; Value = "0603"; VariantName = "[No Variations]"
Change component parameters (AddParameter): Name = "PartNumber"; Value = "CRCW0603100RJNEA"; VariantName = "[No Variations]"
Change component parameters (AddParameter): Name = "Power_W"; Value = "100mW"; VariantName = "[No Variations]"
Change component parameters (AddParameter): Name = "Published"; Value = "2008-06-26"; VariantName = "[No Variations]"
Change component parameters (AddParameter): Name = "Publisher"; Value = "Texas Instruments"; VariantName = "[No Variations]"
Change component parameters (AddParameter): Name = "Res_ohm"; Value = "100"; VariantName = "[No Variations]"
Change component parameters (AddParameter): Name = "RoHS"; Value = "E"; VariantName = "[No Variations]"
Change component parameters (AddParameter): Name = "SizeArea_mm2"; Value = "1.28"; VariantName = "[No Variations]"
Change component parameters (AddParameter): Name = "SizeX_mm"; Value = "1.6"; VariantName = "[No Variations]"
Change component parameters (AddParameter): Name = "SizeY_mm"; Value = "0.8"; VariantName = "[No Variations]"
Change component parameters (AddParameter): Name = "SizeZ_mm"; Value = "1"; VariantName = "[No Variations]"
Change component parameters (AddParameter): Name = "Supplier 1"; Value = "Digi-Key"; VariantName = "[No Variations]"
Change component parameters (AddParameter): Name = "Supplier 2"; Value = "Newark"; VariantName = "[No Variations]"
Change component parameters (AddParameter): Name = "Supplier 3"; Value = "Mouser"; VariantName = "[No Variations]"
Change component parameters (AddParameter): Name = "Supplier Part Number 1"; Value = "541-100GCT-ND"; VariantName = "[No Variations]"
Change component parameters (AddParameter): Name = "Supplier Part Number 2"; Value = "59M6764"; VariantName = "[No Variations]"
Change component parameters (AddParameter): Name = "Supplier Part Number 3"; Value = "71-CRCW0603J-100-E3"; VariantName = "[No Variations]"
Change component parameters (AddParameter): Name = "SymbolVersion"; Value = "2009-05-29"; VariantName = "[No Variations]"
Change component parameters (AddParameter): Name = "Technology"; Value = "Thick Film"; VariantName = "[No Variations]"
Change component parameters (AddParameter): Name = "TempCo"; Value = "200 ppm/C"; VariantName = "[No Variations]"
Change component parameters (AddParameter): Name = "Tolerance_%"; Value = "5%"; VariantName = "[No Variations]"
Change component parameters (AddParameter): Name = "U/M"; Value = "EA"; VariantName = "[No Variations]"
Change component parameters (AddParameter): Name = "Value"; Value = "100"; VariantName = "[No Variations]"
Change component parameters (AddParameter): Name = "Value1"; Value = "5%"; VariantName = "[No Variations]"
Change component parameters (AddParameter): Name = "Value2"; Value = "0.1W"; VariantName = "[No Variations]"
Change component parameters (AddParameter): Name = "Value_Code"; Value = "100R"; VariantName = "[No Variations]"
Change component parameters (AddParameter): Name = "ValueDisplayed"; Value = ""; VariantName = "[No Variations]"
Change component parameters (AddParameter): Name = "VDC_V"; Value = "75V"; VariantName = "[No Variations]"
Change component parameters: Designator = "R65" ("R65"); Footprint = "1206"; UniqueID = "\KDWTWTYN" ("\KDWTWTYN")
Change component parameters (AddParameter): Name = "AEC Category"; Value = "Q200"; VariantName = "[No Variations]"
Change component parameters (AddParameter): Name = "AEC Grade"; Value = "0"; VariantName = "[No Variations]"
Change component parameters (AddParameter): Name = "AEC Qualified"; Value = "Y"; VariantName = "[No Variations]"
Change component parameters (AddParameter): Name = "Alternate Manufacturer"; Value = ""; VariantName = "[No Variations]"
Change component parameters (AddParameter): Name = "Alternate PartNumber"; Value = ""; VariantName = "[No Variations]"
Change component parameters (AddParameter): Name = "ComponentLink1Description"; Value = "Datasheet link"; VariantName = "[No Variations]"
Change component parameters (AddParameter): Name = "ComponentLink1URL"; Value = "http://www.vishay.com/docs/20035/dcrcwe3.pdf"; VariantName = "[No Variations]"
Change component parameters (AddParameter): Name = "CompType"; Value = "Resistor"; VariantName = "[No Variations]"
Change component parameters (AddParameter): Name = "EIA_Code"; Value = "E24"; VariantName = "[No Variations]"
Change component parameters (AddParameter): Name = "Green_EU RoHS"; Value = ""; VariantName = "[No Variations]"
Change component parameters (AddParameter): Name = "Green_EU RoHS-2"; Value = ""; VariantName = "[No Variations]"
Change component parameters (AddParameter): Name = "Green_Lifecycle"; Value = ""; VariantName = "[No Variations]"
Change component parameters (AddParameter): Name = "Green_REACh"; Value = ""; VariantName = "[No Variations]"
Change component parameters (AddParameter): Name = "LatestRevisionDate"; Value = "2017-06-13"; VariantName = "[No Variations]"
Change component parameters (AddParameter): Name = "Manufacturer"; Value = "Vishay-Dale"; VariantName = "[No Variations]"
Change component parameters (AddParameter): Name = "MountType"; Value = "SMT"; VariantName = "[No Variations]"
Change component parameters (AddParameter): Name = "PackageReference"; Value = "0603"; VariantName = "[No Variations]"
Change component parameters (AddParameter): Name = "PartNumber"; Value = "CRCW0603100RJNEA"; VariantName = "[No Variations]"
Change component parameters (AddParameter): Name = "Power_W"; Value = "100mW"; VariantName = "[No Variations]"
Change component parameters (AddParameter): Name = "Published"; Value = "2008-06-26"; VariantName = "[No Variations]"
Change component parameters (AddParameter): Name = "Publisher"; Value = "Texas Instruments"; VariantName = "[No Variations]"
Change component parameters (AddParameter): Name = "Res_ohm"; Value = "100"; VariantName = "[No Variations]"
Change component parameters (AddParameter): Name = "RoHS"; Value = "E"; VariantName = "[No Variations]"
Change component parameters (AddParameter): Name = "SizeArea_mm2"; Value = "1.28"; VariantName = "[No Variations]"
Change component parameters (AddParameter): Name = "SizeX_mm"; Value = "1.6"; VariantName = "[No Variations]"
Change component parameters (AddParameter): Name = "SizeY_mm"; Value = "0.8"; VariantName = "[No Variations]"
Change component parameters (AddParameter): Name = "SizeZ_mm"; Value = "1"; VariantName = "[No Variations]"
Change component parameters (AddParameter): Name = "Supplier 1"; Value = "Digi-Key"; VariantName = "[No Variations]"
Change component parameters (AddParameter): Name = "Supplier 2"; Value = "Newark"; VariantName = "[No Variations]"
Change component parameters (AddParameter): Name = "Supplier 3"; Value = "Mouser"; VariantName = "[No Variations]"
Change component parameters (AddParameter): Name = "Supplier Part Number 1"; Value = "541-100GCT-ND"; VariantName = "[No Variations]"
Change component parameters (AddParameter): Name = "Supplier Part Number 2"; Value = "59M6764"; VariantName = "[No Variations]"
Change component parameters (AddParameter): Name = "Supplier Part Number 3"; Value = "71-CRCW0603J-100-E3"; VariantName = "[No Variations]"
Change component parameters (AddParameter): Name = "SymbolVersion"; Value = "2009-05-29"; VariantName = "[No Variations]"
Change component parameters (AddParameter): Name = "Technology"; Value = "Thick Film"; VariantName = "[No Variations]"
Change component parameters (AddParameter): Name = "TempCo"; Value = "200 ppm/C"; VariantName = "[No Variations]"
Change component parameters (AddParameter): Name = "Tolerance_%"; Value = "5%"; VariantName = "[No Variations]"
Change component parameters (AddParameter): Name = "U/M"; Value = "EA"; VariantName = "[No Variations]"
Change component parameters (AddParameter): Name = "Value"; Value = "100"; VariantName = "[No Variations]"
Change component parameters (AddParameter): Name = "Value1"; Value = "5%"; VariantName = "[No Variations]"
Change component parameters (AddParameter): Name = "Value2"; Value = "0.1W"; VariantName = "[No Variations]"
Change component parameters (AddParameter): Name = "Value_Code"; Value = "100R"; VariantName = "[No Variations]"
Change component parameters (AddParameter): Name = "ValueDisplayed"; Value = ""; VariantName = "[No Variations]"
Change component parameters (AddParameter): Name = "VDC_V"; Value = "75V"; VariantName = "[No Variations]"
Added Component: Designator=C29(c0603)
Add component (AddParameter): Name = "AEC Category"; Value = "Q200"; VariantName = "[No Variations]"
Add component (AddParameter): Name = "AEC Grade"; Value = "N/A"; VariantName = "[No Variations]"
Add component (AddParameter): Name = "AEC Qualified"; Value = "N"; VariantName = "[No Variations]"
Add component (AddParameter): Name = "Alternate Manufacturer"; Value = ""; VariantName = "[No Variations]"
Add component (AddParameter): Name = "Alternate PartNumber"; Value = ""; VariantName = "[No Variations]"
Add component (AddParameter): Name = "Cap_Case"; Value = "0603"; VariantName = "[No Variations]"
Add component (AddParameter): Name = "Cap_F"; Value = "220nF"; VariantName = "[No Variations]"
Add component (AddParameter): Name = "ComponentLink1Description"; Value = "Datasheet link"; VariantName = "[No Variations]"
Add component (AddParameter): Name = "ComponentLink1URL"; Value = "https://product.tdk.com/en/search/capacitor/ceramic/mlcc/info?part_no=C1608X7R1H224K080AB"; VariantName = "[No Variations]"
Add component (AddParameter): Name = "CompType"; Value = "Capacitor"; VariantName = "[No Variations]"
Add component (AddParameter): Name = "ESR_ohm"; Value = "0.021699"; VariantName = "[No Variations]"
Add component (AddParameter): Name = "IRMS_A"; Value = "1.12496A"; VariantName = "[No Variations]"
Add component (AddParameter): Name = "LatestRevisionDate"; Value = "2017-03-09"; VariantName = "[No Variations]"
Add component (AddParameter): Name = "Manufacturer"; Value = "TDK"; VariantName = "[No Variations]"
Add component (AddParameter): Name = "MountType"; Value = "SMT"; VariantName = "[No Variations]"
Add component (AddParameter): Name = "PackageReference"; Value = "0603"; VariantName = "[No Variations]"
Add component (AddParameter): Name = "PartNumber"; Value = "C1608X7R1H224K080AB"; VariantName = "[No Variations]"
Add component (AddParameter): Name = "Polarized"; Value = "N"; VariantName = "[No Variations]"
Add component (AddParameter): Name = "Published"; Value = "2008-06-19"; VariantName = "[No Variations]"
Add component (AddParameter): Name = "Publisher"; Value = "Texas Instruments"; VariantName = "[No Variations]"
Add component (AddParameter): Name = "RoHS"; Value = "Y"; VariantName = "[No Variations]"
Add component (AddParameter): Name = "SizeArea_mm2"; Value = "1.28"; VariantName = "[No Variations]"
Add component (AddParameter): Name = "SizeAreaWB_mm2"; Value = "4.68"; VariantName = "[No Variations]"
Add component (AddParameter): Name = "SizeX_mm"; Value = "1.6"; VariantName = "[No Variations]"
Add component (AddParameter): Name = "SizeY_mm"; Value = "0.8"; VariantName = "[No Variations]"
Add component (AddParameter): Name = "SizeZ_mm"; Value = "1"; VariantName = "[No Variations]"
Add component (AddParameter): Name = "Supplier 1"; Value = "Digi-Key"; VariantName = "[No Variations]"
Add component (AddParameter): Name = "Supplier 2"; Value = "Newark"; VariantName = "[No Variations]"
Add component (AddParameter): Name = "Supplier 3"; Value = "Mouser"; VariantName = "[No Variations]"
Add component (AddParameter): Name = "Supplier Part Number 1"; Value = "445-7408-1-ND"; VariantName = "[No Variations]"
Add component (AddParameter): Name = "Supplier Part Number 2"; Value = "04X3259"; VariantName = "[No Variations]"
Add component (AddParameter): Name = "Supplier Part Number 3"; Value = "810-C1608X7R1H224K"; VariantName = "[No Variations]"
Add component (AddParameter): Name = "TaMax_C"; Value = "125°C"; VariantName = "[No Variations]"
Add component (AddParameter): Name = "TaMin_C"; Value = "-55°C"; VariantName = "[No Variations]"
Add component (AddParameter): Name = "Technology"; Value = "Ceramic"; VariantName = "[No Variations]"
Add component (AddParameter): Name = "TempCo"; Value = "X7R"; VariantName = "[No Variations]"
Add component (AddParameter): Name = "Tolerance_%"; Value = "10%"; VariantName = "[No Variations]"
Add component (AddParameter): Name = "U/M"; Value = "EA"; VariantName = "[No Variations]"
Add component (AddParameter): Name = "Value"; Value = "0.22uF"; VariantName = "[No Variations]"
Add component (AddParameter): Name = "Value1"; Value = "0.021699 ohm"; VariantName = "[No Variations]"
Add component (AddParameter): Name = "Value2"; Value = "50V"; VariantName = "[No Variations]"
Add component (AddParameter): Name = "ValueDisplayed"; Value = "0.22uF"; VariantName = "[No Variations]"
Add component (AddParameter): Name = "VDC_V"; Value = "50V"; VariantName = "[No Variations]"
Added Component: Designator=C30(c0603)
Add component (AddParameter): Name = "AEC Category"; Value = "Q200"; VariantName = "[No Variations]"
Add component (AddParameter): Name = "AEC Grade"; Value = "N/A"; VariantName = "[No Variations]"
Add component (AddParameter): Name = "AEC Qualified"; Value = "N"; VariantName = "[No Variations]"
Add component (AddParameter): Name = "Alternate Manufacturer"; Value = ""; VariantName = "[No Variations]"
Add component (AddParameter): Name = "Alternate PartNumber"; Value = ""; VariantName = "[No Variations]"
Add component (AddParameter): Name = "Cap_Case"; Value = "0603"; VariantName = "[No Variations]"
Add component (AddParameter): Name = "Cap_F"; Value = "220nF"; VariantName = "[No Variations]"
Add component (AddParameter): Name = "ComponentLink1Description"; Value = "Datasheet link"; VariantName = "[No Variations]"
Add component (AddParameter): Name = "ComponentLink1URL"; Value = "https://product.tdk.com/en/search/capacitor/ceramic/mlcc/info?part_no=C1608X7R1H224K080AB"; VariantName = "[No Variations]"
Add component (AddParameter): Name = "CompType"; Value = "Capacitor"; VariantName = "[No Variations]"
Add component (AddParameter): Name = "ESR_ohm"; Value = "0.021699"; VariantName = "[No Variations]"
Add component (AddParameter): Name = "IRMS_A"; Value = "1.12496A"; VariantName = "[No Variations]"
Add component (AddParameter): Name = "LatestRevisionDate"; Value = "2017-03-09"; VariantName = "[No Variations]"
Add component (AddParameter): Name = "Manufacturer"; Value = "TDK"; VariantName = "[No Variations]"
Add component (AddParameter): Name = "MountType"; Value = "SMT"; VariantName = "[No Variations]"
Add component (AddParameter): Name = "PackageReference"; Value = "0603"; VariantName = "[No Variations]"
Add component (AddParameter): Name = "PartNumber"; Value = "C1608X7R1H224K080AB"; VariantName = "[No Variations]"
Add component (AddParameter): Name = "Polarized"; Value = "N"; VariantName = "[No Variations]"
Add component (AddParameter): Name = "Published"; Value = "2008-06-19"; VariantName = "[No Variations]"
Add component (AddParameter): Name = "Publisher"; Value = "Texas Instruments"; VariantName = "[No Variations]"
Add component (AddParameter): Name = "RoHS"; Value = "Y"; VariantName = "[No Variations]"
Add component (AddParameter): Name = "SizeArea_mm2"; Value = "1.28"; VariantName = "[No Variations]"
Add component (AddParameter): Name = "SizeAreaWB_mm2"; Value = "4.68"; VariantName = "[No Variations]"
Add component (AddParameter): Name = "SizeX_mm"; Value = "1.6"; VariantName = "[No Variations]"
Add component (AddParameter): Name = "SizeY_mm"; Value = "0.8"; VariantName = "[No Variations]"
Add component (AddParameter): Name = "SizeZ_mm"; Value = "1"; VariantName = "[No Variations]"
Add component (AddParameter): Name = "Supplier 1"; Value = "Digi-Key"; VariantName = "[No Variations]"
Add component (AddParameter): Name = "Supplier 2"; Value = "Newark"; VariantName = "[No Variations]"
Add component (AddParameter): Name = "Supplier 3"; Value = "Mouser"; VariantName = "[No Variations]"
Add component (AddParameter): Name = "Supplier Part Number 1"; Value = "445-7408-1-ND"; VariantName = "[No Variations]"
Add component (AddParameter): Name = "Supplier Part Number 2"; Value = "04X3259"; VariantName = "[No Variations]"
Add component (AddParameter): Name = "Supplier Part Number 3"; Value = "810-C1608X7R1H224K"; VariantName = "[No Variations]"
Add component (AddParameter): Name = "TaMax_C"; Value = "125°C"; VariantName = "[No Variations]"
Add component (AddParameter): Name = "TaMin_C"; Value = "-55°C"; VariantName = "[No Variations]"
Add component (AddParameter): Name = "Technology"; Value = "Ceramic"; VariantName = "[No Variations]"
Add component (AddParameter): Name = "TempCo"; Value = "X7R"; VariantName = "[No Variations]"
Add component (AddParameter): Name = "Tolerance_%"; Value = "10%"; VariantName = "[No Variations]"
Add component (AddParameter): Name = "U/M"; Value = "EA"; VariantName = "[No Variations]"
Add component (AddParameter): Name = "Value"; Value = "0.22uF"; VariantName = "[No Variations]"
Add component (AddParameter): Name = "Value1"; Value = "0.021699 ohm"; VariantName = "[No Variations]"
Add component (AddParameter): Name = "Value2"; Value = "50V"; VariantName = "[No Variations]"
Add component (AddParameter): Name = "ValueDisplayed"; Value = "0.22uF"; VariantName = "[No Variations]"
Add component (AddParameter): Name = "VDC_V"; Value = "50V"; VariantName = "[No Variations]"
Added Component: Designator=C34(c0603)
Add component (AddParameter): Name = "AEC Category"; Value = "Q200"; VariantName = "[No Variations]"
Add component (AddParameter): Name = "AEC Grade"; Value = "N/A"; VariantName = "[No Variations]"
Add component (AddParameter): Name = "AEC Qualified"; Value = "N"; VariantName = "[No Variations]"
Add component (AddParameter): Name = "Alternate Manufacturer"; Value = ""; VariantName = "[No Variations]"
Add component (AddParameter): Name = "Alternate PartNumber"; Value = ""; VariantName = "[No Variations]"
Add component (AddParameter): Name = "Cap_Case"; Value = "0603"; VariantName = "[No Variations]"
Add component (AddParameter): Name = "Cap_F"; Value = "220nF"; VariantName = "[No Variations]"
Add component (AddParameter): Name = "ComponentLink1Description"; Value = "Datasheet link"; VariantName = "[No Variations]"
Add component (AddParameter): Name = "ComponentLink1URL"; Value = "https://product.tdk.com/en/search/capacitor/ceramic/mlcc/info?part_no=C1608X7R1H224K080AB"; VariantName = "[No Variations]"
Add component (AddParameter): Name = "CompType"; Value = "Capacitor"; VariantName = "[No Variations]"
Add component (AddParameter): Name = "ESR_ohm"; Value = "0.021699"; VariantName = "[No Variations]"
Add component (AddParameter): Name = "IRMS_A"; Value = "1.12496A"; VariantName = "[No Variations]"
Add component (AddParameter): Name = "LatestRevisionDate"; Value = "2017-03-09"; VariantName = "[No Variations]"
Add component (AddParameter): Name = "Manufacturer"; Value = "TDK"; VariantName = "[No Variations]"
Add component (AddParameter): Name = "MountType"; Value = "SMT"; VariantName = "[No Variations]"
Add component (AddParameter): Name = "PackageReference"; Value = "0603"; VariantName = "[No Variations]"
Add component (AddParameter): Name = "PartNumber"; Value = "C1608X7R1H224K080AB"; VariantName = "[No Variations]"
Add component (AddParameter): Name = "Polarized"; Value = "N"; VariantName = "[No Variations]"
Add component (AddParameter): Name = "Published"; Value = "2008-06-19"; VariantName = "[No Variations]"
Add component (AddParameter): Name = "Publisher"; Value = "Texas Instruments"; VariantName = "[No Variations]"
Add component (AddParameter): Name = "RoHS"; Value = "Y"; VariantName = "[No Variations]"
Add component (AddParameter): Name = "SizeArea_mm2"; Value = "1.28"; VariantName = "[No Variations]"
Add component (AddParameter): Name = "SizeAreaWB_mm2"; Value = "4.68"; VariantName = "[No Variations]"
Add component (AddParameter): Name = "SizeX_mm"; Value = "1.6"; VariantName = "[No Variations]"
Add component (AddParameter): Name = "SizeY_mm"; Value = "0.8"; VariantName = "[No Variations]"
Add component (AddParameter): Name = "SizeZ_mm"; Value = "1"; VariantName = "[No Variations]"
Add component (AddParameter): Name = "Supplier 1"; Value = "Digi-Key"; VariantName = "[No Variations]"
Add component (AddParameter): Name = "Supplier 2"; Value = "Newark"; VariantName = "[No Variations]"
Add component (AddParameter): Name = "Supplier 3"; Value = "Mouser"; VariantName = "[No Variations]"
Add component (AddParameter): Name = "Supplier Part Number 1"; Value = "445-7408-1-ND"; VariantName = "[No Variations]"
Add component (AddParameter): Name = "Supplier Part Number 2"; Value = "04X3259"; VariantName = "[No Variations]"
Add component (AddParameter): Name = "Supplier Part Number 3"; Value = "810-C1608X7R1H224K"; VariantName = "[No Variations]"
Add component (AddParameter): Name = "TaMax_C"; Value = "125°C"; VariantName = "[No Variations]"
Add component (AddParameter): Name = "TaMin_C"; Value = "-55°C"; VariantName = "[No Variations]"
Add component (AddParameter): Name = "Technology"; Value = "Ceramic"; VariantName = "[No Variations]"
Add component (AddParameter): Name = "TempCo"; Value = "X7R"; VariantName = "[No Variations]"
Add component (AddParameter): Name = "Tolerance_%"; Value = "10%"; VariantName = "[No Variations]"
Add component (AddParameter): Name = "U/M"; Value = "EA"; VariantName = "[No Variations]"
Add component (AddParameter): Name = "Value"; Value = "0.22uF"; VariantName = "[No Variations]"
Add component (AddParameter): Name = "Value1"; Value = "0.021699 ohm"; VariantName = "[No Variations]"
Add component (AddParameter): Name = "Value2"; Value = "50V"; VariantName = "[No Variations]"
Add component (AddParameter): Name = "ValueDisplayed"; Value = "0.22uF"; VariantName = "[No Variations]"
Add component (AddParameter): Name = "VDC_V"; Value = "50V"; VariantName = "[No Variations]"
Added Component: Designator=C36(c0603)
Add component (AddParameter): Name = "AEC Category"; Value = "Q200"; VariantName = "[No Variations]"
Add component (AddParameter): Name = "AEC Grade"; Value = "N/A"; VariantName = "[No Variations]"
Add component (AddParameter): Name = "AEC Qualified"; Value = "N"; VariantName = "[No Variations]"
Add component (AddParameter): Name = "Alternate Manufacturer"; Value = ""; VariantName = "[No Variations]"
Add component (AddParameter): Name = "Alternate PartNumber"; Value = ""; VariantName = "[No Variations]"
Add component (AddParameter): Name = "Cap_Case"; Value = "0603"; VariantName = "[No Variations]"
Add component (AddParameter): Name = "Cap_F"; Value = "220nF"; VariantName = "[No Variations]"
Add component (AddParameter): Name = "ComponentLink1Description"; Value = "Datasheet link"; VariantName = "[No Variations]"
Add component (AddParameter): Name = "ComponentLink1URL"; Value = "https://product.tdk.com/en/search/capacitor/ceramic/mlcc/info?part_no=C1608X7R1H224K080AB"; VariantName = "[No Variations]"
Add component (AddParameter): Name = "CompType"; Value = "Capacitor"; VariantName = "[No Variations]"
Add component (AddParameter): Name = "ESR_ohm"; Value = "0.021699"; VariantName = "[No Variations]"
Add component (AddParameter): Name = "IRMS_A"; Value = "1.12496A"; VariantName = "[No Variations]"
Add component (AddParameter): Name = "LatestRevisionDate"; Value = "2017-03-09"; VariantName = "[No Variations]"
Add component (AddParameter): Name = "Manufacturer"; Value = "TDK"; VariantName = "[No Variations]"
Add component (AddParameter): Name = "MountType"; Value = "SMT"; VariantName = "[No Variations]"
Add component (AddParameter): Name = "PackageReference"; Value = "0603"; VariantName = "[No Variations]"
Add component (AddParameter): Name = "PartNumber"; Value = "C1608X7R1H224K080AB"; VariantName = "[No Variations]"
Add component (AddParameter): Name = "Polarized"; Value = "N"; VariantName = "[No Variations]"
Add component (AddParameter): Name = "Published"; Value = "2008-06-19"; VariantName = "[No Variations]"
Add component (AddParameter): Name = "Publisher"; Value = "Texas Instruments"; VariantName = "[No Variations]"
Add component (AddParameter): Name = "RoHS"; Value = "Y"; VariantName = "[No Variations]"
Add component (AddParameter): Name = "SizeArea_mm2"; Value = "1.28"; VariantName = "[No Variations]"
Add component (AddParameter): Name = "SizeAreaWB_mm2"; Value = "4.68"; VariantName = "[No Variations]"
Add component (AddParameter): Name = "SizeX_mm"; Value = "1.6"; VariantName = "[No Variations]"
Add component (AddParameter): Name = "SizeY_mm"; Value = "0.8"; VariantName = "[No Variations]"
Add component (AddParameter): Name = "SizeZ_mm"; Value = "1"; VariantName = "[No Variations]"
Add component (AddParameter): Name = "Supplier 1"; Value = "Digi-Key"; VariantName = "[No Variations]"
Add component (AddParameter): Name = "Supplier 2"; Value = "Newark"; VariantName = "[No Variations]"
Add component (AddParameter): Name = "Supplier 3"; Value = "Mouser"; VariantName = "[No Variations]"
Add component (AddParameter): Name = "Supplier Part Number 1"; Value = "445-7408-1-ND"; VariantName = "[No Variations]"
Add component (AddParameter): Name = "Supplier Part Number 2"; Value = "04X3259"; VariantName = "[No Variations]"
Add component (AddParameter): Name = "Supplier Part Number 3"; Value = "810-C1608X7R1H224K"; VariantName = "[No Variations]"
Add component (AddParameter): Name = "TaMax_C"; Value = "125°C"; VariantName = "[No Variations]"
Add component (AddParameter): Name = "TaMin_C"; Value = "-55°C"; VariantName = "[No Variations]"
Add component (AddParameter): Name = "Technology"; Value = "Ceramic"; VariantName = "[No Variations]"
Add component (AddParameter): Name = "TempCo"; Value = "X7R"; VariantName = "[No Variations]"
Add component (AddParameter): Name = "Tolerance_%"; Value = "10%"; VariantName = "[No Variations]"
Add component (AddParameter): Name = "U/M"; Value = "EA"; VariantName = "[No Variations]"
Add component (AddParameter): Name = "Value"; Value = "0.22uF"; VariantName = "[No Variations]"
Add component (AddParameter): Name = "Value1"; Value = "0.021699 ohm"; VariantName = "[No Variations]"
Add component (AddParameter): Name = "Value2"; Value = "50V"; VariantName = "[No Variations]"
Add component (AddParameter): Name = "ValueDisplayed"; Value = "0.22uF"; VariantName = "[No Variations]"
Add component (AddParameter): Name = "VDC_V"; Value = "50V"; VariantName = "[No Variations]"
Added Component: Designator=C37(c0603)
Add component (AddParameter): Name = "AEC Category"; Value = "Q200"; VariantName = "[No Variations]"
Add component (AddParameter): Name = "AEC Grade"; Value = "N/A"; VariantName = "[No Variations]"
Add component (AddParameter): Name = "AEC Qualified"; Value = "N"; VariantName = "[No Variations]"
Add component (AddParameter): Name = "Alternate Manufacturer"; Value = ""; VariantName = "[No Variations]"
Add component (AddParameter): Name = "Alternate PartNumber"; Value = ""; VariantName = "[No Variations]"
Add component (AddParameter): Name = "Cap_Case"; Value = "0603"; VariantName = "[No Variations]"
Add component (AddParameter): Name = "Cap_F"; Value = "220nF"; VariantName = "[No Variations]"
Add component (AddParameter): Name = "ComponentLink1Description"; Value = "Datasheet link"; VariantName = "[No Variations]"
Add component (AddParameter): Name = "ComponentLink1URL"; Value = "https://product.tdk.com/en/search/capacitor/ceramic/mlcc/info?part_no=C1608X7R1H224K080AB"; VariantName = "[No Variations]"
Add component (AddParameter): Name = "CompType"; Value = "Capacitor"; VariantName = "[No Variations]"
Add component (AddParameter): Name = "ESR_ohm"; Value = "0.021699"; VariantName = "[No Variations]"
Add component (AddParameter): Name = "IRMS_A"; Value = "1.12496A"; VariantName = "[No Variations]"
Add component (AddParameter): Name = "LatestRevisionDate"; Value = "2017-03-09"; VariantName = "[No Variations]"
Add component (AddParameter): Name = "Manufacturer"; Value = "TDK"; VariantName = "[No Variations]"
Add component (AddParameter): Name = "MountType"; Value = "SMT"; VariantName = "[No Variations]"
Add component (AddParameter): Name = "PackageReference"; Value = "0603"; VariantName = "[No Variations]"
Add component (AddParameter): Name = "PartNumber"; Value = "C1608X7R1H224K080AB"; VariantName = "[No Variations]"
Add component (AddParameter): Name = "Polarized"; Value = "N"; VariantName = "[No Variations]"
Add component (AddParameter): Name = "Published"; Value = "2008-06-19"; VariantName = "[No Variations]"
Add component (AddParameter): Name = "Publisher"; Value = "Texas Instruments"; VariantName = "[No Variations]"
Add component (AddParameter): Name = "RoHS"; Value = "Y"; VariantName = "[No Variations]"
Add component (AddParameter): Name = "SizeArea_mm2"; Value = "1.28"; VariantName = "[No Variations]"
Add component (AddParameter): Name = "SizeAreaWB_mm2"; Value = "4.68"; VariantName = "[No Variations]"
Add component (AddParameter): Name = "SizeX_mm"; Value = "1.6"; VariantName = "[No Variations]"
Add component (AddParameter): Name = "SizeY_mm"; Value = "0.8"; VariantName = "[No Variations]"
Add component (AddParameter): Name = "SizeZ_mm"; Value = "1"; VariantName = "[No Variations]"
Add component (AddParameter): Name = "Supplier 1"; Value = "Digi-Key"; VariantName = "[No Variations]"
Add component (AddParameter): Name = "Supplier 2"; Value = "Newark"; VariantName = "[No Variations]"
Add component (AddParameter): Name = "Supplier 3"; Value = "Mouser"; VariantName = "[No Variations]"
Add component (AddParameter): Name = "Supplier Part Number 1"; Value = "445-7408-1-ND"; VariantName = "[No Variations]"
Add component (AddParameter): Name = "Supplier Part Number 2"; Value = "04X3259"; VariantName = "[No Variations]"
Add component (AddParameter): Name = "Supplier Part Number 3"; Value = "810-C1608X7R1H224K"; VariantName = "[No Variations]"
Add component (AddParameter): Name = "TaMax_C"; Value = "125°C"; VariantName = "[No Variations]"
Add component (AddParameter): Name = "TaMin_C"; Value = "-55°C"; VariantName = "[No Variations]"
Add component (AddParameter): Name = "Technology"; Value = "Ceramic"; VariantName = "[No Variations]"
Add component (AddParameter): Name = "TempCo"; Value = "X7R"; VariantName = "[No Variations]"
Add component (AddParameter): Name = "Tolerance_%"; Value = "10%"; VariantName = "[No Variations]"
Add component (AddParameter): Name = "U/M"; Value = "EA"; VariantName = "[No Variations]"
Add component (AddParameter): Name = "Value"; Value = "0.22uF"; VariantName = "[No Variations]"
Add component (AddParameter): Name = "Value1"; Value = "0.021699 ohm"; VariantName = "[No Variations]"
Add component (AddParameter): Name = "Value2"; Value = "50V"; VariantName = "[No Variations]"
Add component (AddParameter): Name = "ValueDisplayed"; Value = "0.22uF"; VariantName = "[No Variations]"
Add component (AddParameter): Name = "VDC_V"; Value = "50V"; VariantName = "[No Variations]"
Added Component: Designator=C38(c0603)
Add component (AddParameter): Name = "AEC Category"; Value = "Q200"; VariantName = "[No Variations]"
Add component (AddParameter): Name = "AEC Grade"; Value = "N/A"; VariantName = "[No Variations]"
Add component (AddParameter): Name = "AEC Qualified"; Value = "N"; VariantName = "[No Variations]"
Add component (AddParameter): Name = "Alternate Manufacturer"; Value = ""; VariantName = "[No Variations]"
Add component (AddParameter): Name = "Alternate PartNumber"; Value = ""; VariantName = "[No Variations]"
Add component (AddParameter): Name = "Cap_Case"; Value = "0603"; VariantName = "[No Variations]"
Add component (AddParameter): Name = "Cap_F"; Value = "220nF"; VariantName = "[No Variations]"
Add component (AddParameter): Name = "ComponentLink1Description"; Value = "Datasheet link"; VariantName = "[No Variations]"
Add component (AddParameter): Name = "ComponentLink1URL"; Value = "https://product.tdk.com/en/search/capacitor/ceramic/mlcc/info?part_no=C1608X7R1H224K080AB"; VariantName = "[No Variations]"
Add component (AddParameter): Name = "CompType"; Value = "Capacitor"; VariantName = "[No Variations]"
Add component (AddParameter): Name = "ESR_ohm"; Value = "0.021699"; VariantName = "[No Variations]"
Add component (AddParameter): Name = "IRMS_A"; Value = "1.12496A"; VariantName = "[No Variations]"
Add component (AddParameter): Name = "LatestRevisionDate"; Value = "2017-03-09"; VariantName = "[No Variations]"
Add component (AddParameter): Name = "Manufacturer"; Value = "TDK"; VariantName = "[No Variations]"
Add component (AddParameter): Name = "MountType"; Value = "SMT"; VariantName = "[No Variations]"
Add component (AddParameter): Name = "PackageReference"; Value = "0603"; VariantName = "[No Variations]"
Add component (AddParameter): Name = "PartNumber"; Value = "C1608X7R1H224K080AB"; VariantName = "[No Variations]"
Add component (AddParameter): Name = "Polarized"; Value = "N"; VariantName = "[No Variations]"
Add component (AddParameter): Name = "Published"; Value = "2008-06-19"; VariantName = "[No Variations]"
Add component (AddParameter): Name = "Publisher"; Value = "Texas Instruments"; VariantName = "[No Variations]"
Add component (AddParameter): Name = "RoHS"; Value = "Y"; VariantName = "[No Variations]"
Add component (AddParameter): Name = "SizeArea_mm2"; Value = "1.28"; VariantName = "[No Variations]"
Add component (AddParameter): Name = "SizeAreaWB_mm2"; Value = "4.68"; VariantName = "[No Variations]"
Add component (AddParameter): Name = "SizeX_mm"; Value = "1.6"; VariantName = "[No Variations]"
Add component (AddParameter): Name = "SizeY_mm"; Value = "0.8"; VariantName = "[No Variations]"
Add component (AddParameter): Name = "SizeZ_mm"; Value = "1"; VariantName = "[No Variations]"
Add component (AddParameter): Name = "Supplier 1"; Value = "Digi-Key"; VariantName = "[No Variations]"
Add component (AddParameter): Name = "Supplier 2"; Value = "Newark"; VariantName = "[No Variations]"
Add component (AddParameter): Name = "Supplier 3"; Value = "Mouser"; VariantName = "[No Variations]"
Add component (AddParameter): Name = "Supplier Part Number 1"; Value = "445-7408-1-ND"; VariantName = "[No Variations]"
Add component (AddParameter): Name = "Supplier Part Number 2"; Value = "04X3259"; VariantName = "[No Variations]"
Add component (AddParameter): Name = "Supplier Part Number 3"; Value = "810-C1608X7R1H224K"; VariantName = "[No Variations]"
Add component (AddParameter): Name = "TaMax_C"; Value = "125°C"; VariantName = "[No Variations]"
Add component (AddParameter): Name = "TaMin_C"; Value = "-55°C"; VariantName = "[No Variations]"
Add component (AddParameter): Name = "Technology"; Value = "Ceramic"; VariantName = "[No Variations]"
Add component (AddParameter): Name = "TempCo"; Value = "X7R"; VariantName = "[No Variations]"
Add component (AddParameter): Name = "Tolerance_%"; Value = "10%"; VariantName = "[No Variations]"
Add component (AddParameter): Name = "U/M"; Value = "EA"; VariantName = "[No Variations]"
Add component (AddParameter): Name = "Value"; Value = "0.22uF"; VariantName = "[No Variations]"
Add component (AddParameter): Name = "Value1"; Value = "0.021699 ohm"; VariantName = "[No Variations]"
Add component (AddParameter): Name = "Value2"; Value = "50V"; VariantName = "[No Variations]"
Add component (AddParameter): Name = "ValueDisplayed"; Value = "0.22uF"; VariantName = "[No Variations]"
Add component (AddParameter): Name = "VDC_V"; Value = "50V"; VariantName = "[No Variations]"
Added Component: Designator=C42(c0603)
Add component (AddParameter): Name = "AEC Category"; Value = "Q200"; VariantName = "[No Variations]"
Add component (AddParameter): Name = "AEC Grade"; Value = "N/A"; VariantName = "[No Variations]"
Add component (AddParameter): Name = "AEC Qualified"; Value = "N"; VariantName = "[No Variations]"
Add component (AddParameter): Name = "Alternate Manufacturer"; Value = ""; VariantName = "[No Variations]"
Add component (AddParameter): Name = "Alternate PartNumber"; Value = ""; VariantName = "[No Variations]"
Add component (AddParameter): Name = "Cap_Case"; Value = "0603"; VariantName = "[No Variations]"
Add component (AddParameter): Name = "Cap_F"; Value = "220nF"; VariantName = "[No Variations]"
Add component (AddParameter): Name = "ComponentLink1Description"; Value = "Datasheet link"; VariantName = "[No Variations]"
Add component (AddParameter): Name = "ComponentLink1URL"; Value = "https://product.tdk.com/en/search/capacitor/ceramic/mlcc/info?part_no=C1608X7R1H224K080AB"; VariantName = "[No Variations]"
Add component (AddParameter): Name = "CompType"; Value = "Capacitor"; VariantName = "[No Variations]"
Add component (AddParameter): Name = "ESR_ohm"; Value = "0.021699"; VariantName = "[No Variations]"
Add component (AddParameter): Name = "IRMS_A"; Value = "1.12496A"; VariantName = "[No Variations]"
Add component (AddParameter): Name = "LatestRevisionDate"; Value = "2017-03-09"; VariantName = "[No Variations]"
Add component (AddParameter): Name = "Manufacturer"; Value = "TDK"; VariantName = "[No Variations]"
Add component (AddParameter): Name = "MountType"; Value = "SMT"; VariantName = "[No Variations]"
Add component (AddParameter): Name = "PackageReference"; Value = "0603"; VariantName = "[No Variations]"
Add component (AddParameter): Name = "PartNumber"; Value = "C1608X7R1H224K080AB"; VariantName = "[No Variations]"
Add component (AddParameter): Name = "Polarized"; Value = "N"; VariantName = "[No Variations]"
Add component (AddParameter): Name = "Published"; Value = "2008-06-19"; VariantName = "[No Variations]"
Add component (AddParameter): Name = "Publisher"; Value = "Texas Instruments"; VariantName = "[No Variations]"
Add component (AddParameter): Name = "RoHS"; Value = "Y"; VariantName = "[No Variations]"
Add component (AddParameter): Name = "SizeArea_mm2"; Value = "1.28"; VariantName = "[No Variations]"
Add component (AddParameter): Name = "SizeAreaWB_mm2"; Value = "4.68"; VariantName = "[No Variations]"
Add component (AddParameter): Name = "SizeX_mm"; Value = "1.6"; VariantName = "[No Variations]"
Add component (AddParameter): Name = "SizeY_mm"; Value = "0.8"; VariantName = "[No Variations]"
Add component (AddParameter): Name = "SizeZ_mm"; Value = "1"; VariantName = "[No Variations]"
Add component (AddParameter): Name = "Supplier 1"; Value = "Digi-Key"; VariantName = "[No Variations]"
Add component (AddParameter): Name = "Supplier 2"; Value = "Newark"; VariantName = "[No Variations]"
Add component (AddParameter): Name = "Supplier 3"; Value = "Mouser"; VariantName = "[No Variations]"
Add component (AddParameter): Name = "Supplier Part Number 1"; Value = "445-7408-1-ND"; VariantName = "[No Variations]"
Add component (AddParameter): Name = "Supplier Part Number 2"; Value = "04X3259"; VariantName = "[No Variations]"
Add component (AddParameter): Name = "Supplier Part Number 3"; Value = "810-C1608X7R1H224K"; VariantName = "[No Variations]"
Add component (AddParameter): Name = "TaMax_C"; Value = "125°C"; VariantName = "[No Variations]"
Add component (AddParameter): Name = "TaMin_C"; Value = "-55°C"; VariantName = "[No Variations]"
Add component (AddParameter): Name = "Technology"; Value = "Ceramic"; VariantName = "[No Variations]"
Add component (AddParameter): Name = "TempCo"; Value = "X7R"; VariantName = "[No Variations]"
Add component (AddParameter): Name = "Tolerance_%"; Value = "10%"; VariantName = "[No Variations]"
Add component (AddParameter): Name = "U/M"; Value = "EA"; VariantName = "[No Variations]"
Add component (AddParameter): Name = "Value"; Value = "0.22uF"; VariantName = "[No Variations]"
Add component (AddParameter): Name = "Value1"; Value = "0.021699 ohm"; VariantName = "[No Variations]"
Add component (AddParameter): Name = "Value2"; Value = "50V"; VariantName = "[No Variations]"
Add component (AddParameter): Name = "ValueDisplayed"; Value = "0.22uF"; VariantName = "[No Variations]"
Add component (AddParameter): Name = "VDC_V"; Value = "50V"; VariantName = "[No Variations]"
Added Component: Designator=C45(c0603)
Add component (AddParameter): Name = "AEC Category"; Value = "Q200"; VariantName = "[No Variations]"
Add component (AddParameter): Name = "AEC Grade"; Value = "N/A"; VariantName = "[No Variations]"
Add component (AddParameter): Name = "AEC Qualified"; Value = "N"; VariantName = "[No Variations]"
Add component (AddParameter): Name = "Alternate Manufacturer"; Value = ""; VariantName = "[No Variations]"
Add component (AddParameter): Name = "Alternate PartNumber"; Value = ""; VariantName = "[No Variations]"
Add component (AddParameter): Name = "Cap_Case"; Value = "0603"; VariantName = "[No Variations]"
Add component (AddParameter): Name = "Cap_F"; Value = "220nF"; VariantName = "[No Variations]"
Add component (AddParameter): Name = "ComponentLink1Description"; Value = "Datasheet link"; VariantName = "[No Variations]"
Add component (AddParameter): Name = "ComponentLink1URL"; Value = "https://product.tdk.com/en/search/capacitor/ceramic/mlcc/info?part_no=C1608X7R1H224K080AB"; VariantName = "[No Variations]"
Add component (AddParameter): Name = "CompType"; Value = "Capacitor"; VariantName = "[No Variations]"
Add component (AddParameter): Name = "ESR_ohm"; Value = "0.021699"; VariantName = "[No Variations]"
Add component (AddParameter): Name = "IRMS_A"; Value = "1.12496A"; VariantName = "[No Variations]"
Add component (AddParameter): Name = "LatestRevisionDate"; Value = "2017-03-09"; VariantName = "[No Variations]"
Add component (AddParameter): Name = "Manufacturer"; Value = "TDK"; VariantName = "[No Variations]"
Add component (AddParameter): Name = "MountType"; Value = "SMT"; VariantName = "[No Variations]"
Add component (AddParameter): Name = "PackageReference"; Value = "0603"; VariantName = "[No Variations]"
Add component (AddParameter): Name = "PartNumber"; Value = "C1608X7R1H224K080AB"; VariantName = "[No Variations]"
Add component (AddParameter): Name = "Polarized"; Value = "N"; VariantName = "[No Variations]"
Add component (AddParameter): Name = "Published"; Value = "2008-06-19"; VariantName = "[No Variations]"
Add component (AddParameter): Name = "Publisher"; Value = "Texas Instruments"; VariantName = "[No Variations]"
Add component (AddParameter): Name = "RoHS"; Value = "Y"; VariantName = "[No Variations]"
Add component (AddParameter): Name = "SizeArea_mm2"; Value = "1.28"; VariantName = "[No Variations]"
Add component (AddParameter): Name = "SizeAreaWB_mm2"; Value = "4.68"; VariantName = "[No Variations]"
Add component (AddParameter): Name = "SizeX_mm"; Value = "1.6"; VariantName = "[No Variations]"
Add component (AddParameter): Name = "SizeY_mm"; Value = "0.8"; VariantName = "[No Variations]"
Add component (AddParameter): Name = "SizeZ_mm"; Value = "1"; VariantName = "[No Variations]"
Add component (AddParameter): Name = "Supplier 1"; Value = "Digi-Key"; VariantName = "[No Variations]"
Add component (AddParameter): Name = "Supplier 2"; Value = "Newark"; VariantName = "[No Variations]"
Add component (AddParameter): Name = "Supplier 3"; Value = "Mouser"; VariantName = "[No Variations]"
Add component (AddParameter): Name = "Supplier Part Number 1"; Value = "445-7408-1-ND"; VariantName = "[No Variations]"
Add component (AddParameter): Name = "Supplier Part Number 2"; Value = "04X3259"; VariantName = "[No Variations]"
Add component (AddParameter): Name = "Supplier Part Number 3"; Value = "810-C1608X7R1H224K"; VariantName = "[No Variations]"
Add component (AddParameter): Name = "TaMax_C"; Value = "125°C"; VariantName = "[No Variations]"
Add component (AddParameter): Name = "TaMin_C"; Value = "-55°C"; VariantName = "[No Variations]"
Add component (AddParameter): Name = "Technology"; Value = "Ceramic"; VariantName = "[No Variations]"
Add component (AddParameter): Name = "TempCo"; Value = "X7R"; VariantName = "[No Variations]"
Add component (AddParameter): Name = "Tolerance_%"; Value = "10%"; VariantName = "[No Variations]"
Add component (AddParameter): Name = "U/M"; Value = "EA"; VariantName = "[No Variations]"
Add component (AddParameter): Name = "Value"; Value = "0.22uF"; VariantName = "[No Variations]"
Add component (AddParameter): Name = "Value1"; Value = "0.021699 ohm"; VariantName = "[No Variations]"
Add component (AddParameter): Name = "Value2"; Value = "50V"; VariantName = "[No Variations]"
Add component (AddParameter): Name = "ValueDisplayed"; Value = "0.22uF"; VariantName = "[No Variations]"
Add component (AddParameter): Name = "VDC_V"; Value = "50V"; VariantName = "[No Variations]"
Added Component: Designator=D7(SOD-123)
Add component (AddParameter): Name = "AEC Category"; Value = "Q101"; VariantName = "[No Variations]"
Add component (AddParameter): Name = "AEC Qualified"; Value = "?"; VariantName = "[No Variations]"
Add component (AddParameter): Name = "Alternate Manufacturer"; Value = ""; VariantName = "[No Variations]"
Add component (AddParameter): Name = "Alternate PartNumber"; Value = ""; VariantName = "[No Variations]"
Add component (AddParameter): Name = "ComponentLink1Description"; Value = "Datasheet link"; VariantName = "[No Variations]"
Add component (AddParameter): Name = "ComponentLink1URL"; Value = "http://www.diodes.com/datasheets/ds30086.pdf"; VariantName = "[No Variations]"
Add component (AddParameter): Name = "CompType"; Value = "Diode"; VariantName = "[No Variations]"
Add component (AddParameter): Name = "Green_EU RoHS"; Value = "Passed"; VariantName = "[No Variations]"
Add component (AddParameter): Name = "Green_EU RoHS-2"; Value = "Passed"; VariantName = "[No Variations]"
Add component (AddParameter): Name = "Green_Lifecycle"; Value = "Active"; VariantName = "[No Variations]"
Add component (AddParameter): Name = "Green_REACh"; Value = "Passed"; VariantName = "[No Variations]"
Add component (AddParameter): Name = "Io_A"; Value = "1.5dA"; VariantName = "[No Variations]"
Add component (AddParameter): Name = "Manufacturer"; Value = "Diodes Inc."; VariantName = "[No Variations]"
Add component (AddParameter): Name = "MountType"; Value = "SMT"; VariantName = "[No Variations]"
Add component (AddParameter): Name = "PackageReference"; Value = "SOD-123"; VariantName = "[No Variations]"
Add component (AddParameter): Name = "PartNumber"; Value = "1N4148W-7-F"; VariantName = "[No Variations]"
Add component (AddParameter): Name = "RJC_CperW"; Value = ""; VariantName = "[No Variations]"
Add component (AddParameter): Name = "RoHS"; Value = "Y"; VariantName = "[No Variations]"
Add component (AddParameter): Name = "SizeArea_mm2"; Value = "6.545"; VariantName = "[No Variations]"
Add component (AddParameter): Name = "SizeAreaWB_mm2"; Value = "13.095"; VariantName = "[No Variations]"
Add component (AddParameter): Name = "SizeX_mm"; Value = "3.85"; VariantName = "[No Variations]"
Add component (AddParameter): Name = "SizeY_mm"; Value = "1.7"; VariantName = "[No Variations]"
Add component (AddParameter): Name = "SizeZ_mm"; Value = "1.35"; VariantName = "[No Variations]"
Add component (AddParameter): Name = "TJmax_C"; Value = "150°C"; VariantName = "[No Variations]"
Add component (AddParameter): Name = "Type"; Value = "Ultrafast"; VariantName = "[No Variations]"
Add component (AddParameter): Name = "Value"; Value = "100V"; VariantName = "[No Variations]"
Add component (AddParameter): Name = "Value1"; Value = "0.15A"; VariantName = "[No Variations]"
Add component (AddParameter): Name = "Value2"; Value = "1.25V"; VariantName = "[No Variations]"
Add component (AddParameter): Name = "Vf_V"; Value = "1.25V"; VariantName = "[No Variations]"
Add component (AddParameter): Name = "Vr_V"; Value = "100V"; VariantName = "[No Variations]"
Added Component: Designator=D9(SOD-123)
Add component (AddParameter): Name = "AEC Category"; Value = "Q101"; VariantName = "[No Variations]"
Add component (AddParameter): Name = "AEC Qualified"; Value = "?"; VariantName = "[No Variations]"
Add component (AddParameter): Name = "Alternate Manufacturer"; Value = ""; VariantName = "[No Variations]"
Add component (AddParameter): Name = "Alternate PartNumber"; Value = ""; VariantName = "[No Variations]"
Add component (AddParameter): Name = "ComponentLink1Description"; Value = "Datasheet link"; VariantName = "[No Variations]"
Add component (AddParameter): Name = "ComponentLink1URL"; Value = "http://www.diodes.com/datasheets/ds30044.pdf"; VariantName = "[No Variations]"
Add component (AddParameter): Name = "CompType"; Value = "Diode"; VariantName = "[No Variations]"
Add component (AddParameter): Name = "Green_EU RoHS"; Value = "Passed"; VariantName = "[No Variations]"
Add component (AddParameter): Name = "Green_EU RoHS-2"; Value = "Passed"; VariantName = "[No Variations]"
Add component (AddParameter): Name = "Green_Lifecycle"; Value = "Active"; VariantName = "[No Variations]"
Add component (AddParameter): Name = "Green_REACh"; Value = "Passed"; VariantName = "[No Variations]"
Add component (AddParameter): Name = "Io_A"; Value = "150mA"; VariantName = "[No Variations]"
Add component (AddParameter): Name = "Manufacturer"; Value = "Diodes Inc."; VariantName = "[No Variations]"
Add component (AddParameter): Name = "MountType"; Value = "SMT"; VariantName = "[No Variations]"
Add component (AddParameter): Name = "PackageReference"; Value = "SOD-123"; VariantName = "[No Variations]"
Add component (AddParameter): Name = "PartNumber"; Value = "BAT46W-7-F"; VariantName = "[No Variations]"
Add component (AddParameter): Name = "RJC_CperW"; Value = ""; VariantName = "[No Variations]"
Add component (AddParameter): Name = "RoHS"; Value = "Y"; VariantName = "[No Variations]"
Add component (AddParameter): Name = "SizeArea_mm2"; Value = "6.545"; VariantName = "[No Variations]"
Add component (AddParameter): Name = "SizeAreaWB_mm2"; Value = "13.095"; VariantName = "[No Variations]"
Add component (AddParameter): Name = "SizeX_mm"; Value = "3.85"; VariantName = "[No Variations]"
Add component (AddParameter): Name = "SizeY_mm"; Value = "1.7"; VariantName = "[No Variations]"
Add component (AddParameter): Name = "SizeZ_mm"; Value = "1.35"; VariantName = "[No Variations]"
Add component (AddParameter): Name = "TJmax_C"; Value = ""; VariantName = "[No Variations]"
Add component (AddParameter): Name = "Type"; Value = "Schottky"; VariantName = "[No Variations]"
Add component (AddParameter): Name = "Value"; Value = "100V"; VariantName = "[No Variations]"
Add component (AddParameter): Name = "Value1"; Value = "0.15A"; VariantName = "[No Variations]"
Add component (AddParameter): Name = "Value2"; Value = "0.6V"; VariantName = "[No Variations]"
Add component (AddParameter): Name = "Vf_V"; Value = "600mV"; VariantName = "[No Variations]"
Add component (AddParameter): Name = "Vr_V"; Value = "100V"; VariantName = "[No Variations]"
Added Component: Designator=D10(SOD-123)
Add component (AddParameter): Name = "AEC Category"; Value = "Q101"; VariantName = "[No Variations]"
Add component (AddParameter): Name = "AEC Qualified"; Value = "?"; VariantName = "[No Variations]"
Add component (AddParameter): Name = "Alternate Manufacturer"; Value = ""; VariantName = "[No Variations]"
Add component (AddParameter): Name = "Alternate PartNumber"; Value = ""; VariantName = "[No Variations]"
Add component (AddParameter): Name = "ComponentLink1Description"; Value = "Datasheet link"; VariantName = "[No Variations]"
Add component (AddParameter): Name = "ComponentLink1URL"; Value = "http://www.diodes.com/datasheets/ds30044.pdf"; VariantName = "[No Variations]"
Add component (AddParameter): Name = "CompType"; Value = "Diode"; VariantName = "[No Variations]"
Add component (AddParameter): Name = "Green_EU RoHS"; Value = "Passed"; VariantName = "[No Variations]"
Add component (AddParameter): Name = "Green_EU RoHS-2"; Value = "Passed"; VariantName = "[No Variations]"
Add component (AddParameter): Name = "Green_Lifecycle"; Value = "Active"; VariantName = "[No Variations]"
Add component (AddParameter): Name = "Green_REACh"; Value = "Passed"; VariantName = "[No Variations]"
Add component (AddParameter): Name = "Io_A"; Value = "150mA"; VariantName = "[No Variations]"
Add component (AddParameter): Name = "Manufacturer"; Value = "Diodes Inc."; VariantName = "[No Variations]"
Add component (AddParameter): Name = "MountType"; Value = "SMT"; VariantName = "[No Variations]"
Add component (AddParameter): Name = "PackageReference"; Value = "SOD-123"; VariantName = "[No Variations]"
Add component (AddParameter): Name = "PartNumber"; Value = "BAT46W-7-F"; VariantName = "[No Variations]"
Add component (AddParameter): Name = "RJC_CperW"; Value = ""; VariantName = "[No Variations]"
Add component (AddParameter): Name = "RoHS"; Value = "Y"; VariantName = "[No Variations]"
Add component (AddParameter): Name = "SizeArea_mm2"; Value = "6.545"; VariantName = "[No Variations]"
Add component (AddParameter): Name = "SizeAreaWB_mm2"; Value = "13.095"; VariantName = "[No Variations]"
Add component (AddParameter): Name = "SizeX_mm"; Value = "3.85"; VariantName = "[No Variations]"
Add component (AddParameter): Name = "SizeY_mm"; Value = "1.7"; VariantName = "[No Variations]"
Add component (AddParameter): Name = "SizeZ_mm"; Value = "1.35"; VariantName = "[No Variations]"
Add component (AddParameter): Name = "TJmax_C"; Value = ""; VariantName = "[No Variations]"
Add component (AddParameter): Name = "Type"; Value = "Schottky"; VariantName = "[No Variations]"
Add component (AddParameter): Name = "Value"; Value = "100V"; VariantName = "[No Variations]"
Add component (AddParameter): Name = "Value1"; Value = "0.15A"; VariantName = "[No Variations]"
Add component (AddParameter): Name = "Value2"; Value = "0.6V"; VariantName = "[No Variations]"
Add component (AddParameter): Name = "Vf_V"; Value = "600mV"; VariantName = "[No Variations]"
Add component (AddParameter): Name = "Vr_V"; Value = "100V"; VariantName = "[No Variations]"
Added Component: Designator=D11(SOD-123)
Add component (AddParameter): Name = "AEC Category"; Value = "Q101"; VariantName = "[No Variations]"
Add component (AddParameter): Name = "AEC Qualified"; Value = "?"; VariantName = "[No Variations]"
Add component (AddParameter): Name = "Alternate Manufacturer"; Value = ""; VariantName = "[No Variations]"
Add component (AddParameter): Name = "Alternate PartNumber"; Value = ""; VariantName = "[No Variations]"
Add component (AddParameter): Name = "ComponentLink1Description"; Value = "Datasheet link"; VariantName = "[No Variations]"
Add component (AddParameter): Name = "ComponentLink1URL"; Value = "http://www.diodes.com/datasheets/ds30044.pdf"; VariantName = "[No Variations]"
Add component (AddParameter): Name = "CompType"; Value = "Diode"; VariantName = "[No Variations]"
Add component (AddParameter): Name = "Green_EU RoHS"; Value = "Passed"; VariantName = "[No Variations]"
Add component (AddParameter): Name = "Green_EU RoHS-2"; Value = "Passed"; VariantName = "[No Variations]"
Add component (AddParameter): Name = "Green_Lifecycle"; Value = "Active"; VariantName = "[No Variations]"
Add component (AddParameter): Name = "Green_REACh"; Value = "Passed"; VariantName = "[No Variations]"
Add component (AddParameter): Name = "Io_A"; Value = "150mA"; VariantName = "[No Variations]"
Add component (AddParameter): Name = "Manufacturer"; Value = "Diodes Inc."; VariantName = "[No Variations]"
Add component (AddParameter): Name = "MountType"; Value = "SMT"; VariantName = "[No Variations]"
Add component (AddParameter): Name = "PackageReference"; Value = "SOD-123"; VariantName = "[No Variations]"
Add component (AddParameter): Name = "PartNumber"; Value = "BAT46W-7-F"; VariantName = "[No Variations]"
Add component (AddParameter): Name = "RJC_CperW"; Value = ""; VariantName = "[No Variations]"
Add component (AddParameter): Name = "RoHS"; Value = "Y"; VariantName = "[No Variations]"
Add component (AddParameter): Name = "SizeArea_mm2"; Value = "6.545"; VariantName = "[No Variations]"
Add component (AddParameter): Name = "SizeAreaWB_mm2"; Value = "13.095"; VariantName = "[No Variations]"
Add component (AddParameter): Name = "SizeX_mm"; Value = "3.85"; VariantName = "[No Variations]"
Add component (AddParameter): Name = "SizeY_mm"; Value = "1.7"; VariantName = "[No Variations]"
Add component (AddParameter): Name = "SizeZ_mm"; Value = "1.35"; VariantName = "[No Variations]"
Add component (AddParameter): Name = "TJmax_C"; Value = ""; VariantName = "[No Variations]"
Add component (AddParameter): Name = "Type"; Value = "Schottky"; VariantName = "[No Variations]"
Add component (AddParameter): Name = "Value"; Value = "100V"; VariantName = "[No Variations]"
Add component (AddParameter): Name = "Value1"; Value = "0.15A"; VariantName = "[No Variations]"
Add component (AddParameter): Name = "Value2"; Value = "0.6V"; VariantName = "[No Variations]"
Add component (AddParameter): Name = "Vf_V"; Value = "600mV"; VariantName = "[No Variations]"
Add component (AddParameter): Name = "Vr_V"; Value = "100V"; VariantName = "[No Variations]"
Added Component: Designator=D12(SOD-123)
Add component (AddParameter): Name = "AEC Category"; Value = "Q101"; VariantName = "[No Variations]"
Add component (AddParameter): Name = "AEC Qualified"; Value = "?"; VariantName = "[No Variations]"
Add component (AddParameter): Name = "Alternate Manufacturer"; Value = ""; VariantName = "[No Variations]"
Add component (AddParameter): Name = "Alternate PartNumber"; Value = ""; VariantName = "[No Variations]"
Add component (AddParameter): Name = "ComponentLink1Description"; Value = "Datasheet link"; VariantName = "[No Variations]"
Add component (AddParameter): Name = "ComponentLink1URL"; Value = "http://www.diodes.com/datasheets/ds30044.pdf"; VariantName = "[No Variations]"
Add component (AddParameter): Name = "CompType"; Value = "Diode"; VariantName = "[No Variations]"
Add component (AddParameter): Name = "Green_EU RoHS"; Value = "Passed"; VariantName = "[No Variations]"
Add component (AddParameter): Name = "Green_EU RoHS-2"; Value = "Passed"; VariantName = "[No Variations]"
Add component (AddParameter): Name = "Green_Lifecycle"; Value = "Active"; VariantName = "[No Variations]"
Add component (AddParameter): Name = "Green_REACh"; Value = "Passed"; VariantName = "[No Variations]"
Add component (AddParameter): Name = "Io_A"; Value = "150mA"; VariantName = "[No Variations]"
Add component (AddParameter): Name = "Manufacturer"; Value = "Diodes Inc."; VariantName = "[No Variations]"
Add component (AddParameter): Name = "MountType"; Value = "SMT"; VariantName = "[No Variations]"
Add component (AddParameter): Name = "PackageReference"; Value = "SOD-123"; VariantName = "[No Variations]"
Add component (AddParameter): Name = "PartNumber"; Value = "BAT46W-7-F"; VariantName = "[No Variations]"
Add component (AddParameter): Name = "RJC_CperW"; Value = ""; VariantName = "[No Variations]"
Add component (AddParameter): Name = "RoHS"; Value = "Y"; VariantName = "[No Variations]"
Add component (AddParameter): Name = "SizeArea_mm2"; Value = "6.545"; VariantName = "[No Variations]"
Add component (AddParameter): Name = "SizeAreaWB_mm2"; Value = "13.095"; VariantName = "[No Variations]"
Add component (AddParameter): Name = "SizeX_mm"; Value = "3.85"; VariantName = "[No Variations]"
Add component (AddParameter): Name = "SizeY_mm"; Value = "1.7"; VariantName = "[No Variations]"
Add component (AddParameter): Name = "SizeZ_mm"; Value = "1.35"; VariantName = "[No Variations]"
Add component (AddParameter): Name = "TJmax_C"; Value = ""; VariantName = "[No Variations]"
Add component (AddParameter): Name = "Type"; Value = "Schottky"; VariantName = "[No Variations]"
Add component (AddParameter): Name = "Value"; Value = "100V"; VariantName = "[No Variations]"
Add component (AddParameter): Name = "Value1"; Value = "0.15A"; VariantName = "[No Variations]"
Add component (AddParameter): Name = "Value2"; Value = "0.6V"; VariantName = "[No Variations]"
Add component (AddParameter): Name = "Vf_V"; Value = "600mV"; VariantName = "[No Variations]"
Add component (AddParameter): Name = "Vr_V"; Value = "100V"; VariantName = "[No Variations]"
Added Component: Designator=E1(SPARK_GAP2)
Add component (AddParameter): Name = "CompType"; Value = "Spark Gap"; VariantName = "[No Variations]"
Added Component: Designator=E2(SPARK_GAP2)
Add component (AddParameter): Name = "CompType"; Value = "Spark Gap"; VariantName = "[No Variations]"
Added Component: Designator=J8(TERM_BLK_ED555-2DS)
Add component (AddParameter): Name = "Alternate Manufacturer"; Value = ""; VariantName = "[No Variations]"
Add component (AddParameter): Name = "Alternate PartNumber"; Value = ""; VariantName = "[No Variations]"
Add component (AddParameter): Name = "Cert_CSA"; Value = ""; VariantName = "[No Variations]"
Add component (AddParameter): Name = "Cert_CULUS"; Value = "Y"; VariantName = "[No Variations]"
Add component (AddParameter): Name = "Cert_UL"; Value = ""; VariantName = "[No Variations]"
Add component (AddParameter): Name = "Cert_VDE"; Value = "Y"; VariantName = "[No Variations]"
Add component (AddParameter): Name = "ClassName"; Value = ""; VariantName = "[No Variations]"
Add component (AddParameter): Name = "CNHeader"; Value = "False"; VariantName = "[No Variations]"
Add component (AddParameter): Name = "Color"; Value = "Grey"; VariantName = "[No Variations]"
Add component (AddParameter): Name = "ComponentLink1Description"; Value = "Datasheet URL"; VariantName = "[No Variations]"
Add component (AddParameter): Name = "ComponentLink1URL"; Value = "http://on-shore.com/sites/default/files/manuals/ed555ds.pdf"; VariantName = "[No Variations]"
Add component (AddParameter): Name = "CompType"; Value = "Terminal Block"; VariantName = "[No Variations]"
Add component (AddParameter): Name = "ContactFinish"; Value = "Brass"; VariantName = "[No Variations]"
Add component (AddParameter): Name = "CT"; Value = "True"; VariantName = "[No Variations]"
Add component (AddParameter): Name = "Current_A"; Value = "6A"; VariantName = "[No Variations]"
Add component (AddParameter): Name = "Gender"; Value = "Female"; VariantName = "[No Variations]"
Add component (AddParameter): Name = "Green_EU RoHS"; Value = "Passed with Exemption"; VariantName = "[No Variations]"
Add component (AddParameter): Name = "Green_EU RoHS-2"; Value = "Passed"; VariantName = "[No Variations]"
Add component (AddParameter): Name = "Green_Lifecycle"; Value = "Active"; VariantName = "[No Variations]"
Add component (AddParameter): Name = "Green_REACh"; Value = "Passed"; VariantName = "[No Variations]"
Add component (AddParameter): Name = "LatestRevisionDate"; Value = "2017-07-12"; VariantName = "[No Variations]"
Add component (AddParameter): Name = "Manufacturer"; Value = "On-Shore Technology"; VariantName = "[No Variations]"
Add component (AddParameter): Name = "MountType"; Value = "TH"; VariantName = "[No Variations]"
Add component (AddParameter): Name = "Note"; Value = ""; VariantName = "[No Variations]"
Add component (AddParameter): Name = "Orientation"; Value = ""; VariantName = "[No Variations]"
Add component (AddParameter): Name = "PackageReference"; Value = "7.0x8.2x6.5mm"; VariantName = "[No Variations]"
Add component (AddParameter): Name = "PartNumber"; Value = "ED555/2DS"; VariantName = "[No Variations]"
Add component (AddParameter): Name = "PinCount"; Value = "2"; VariantName = "[No Variations]"
Add component (AddParameter): Name = "Pitch_mm"; Value = "3.5"; VariantName = "[No Variations]"
Add component (AddParameter): Name = "Publisher"; Value = "Texas Instruments"; VariantName = "[No Variations]"
Add component (AddParameter): Name = "RoHS"; Value = "Y"; VariantName = "[No Variations]"
Add component (AddParameter): Name = "Row_Count"; Value = "1"; VariantName = "[No Variations]"
Add component (AddParameter): Name = "RowSpacing_mm"; Value = ""; VariantName = "[No Variations]"
Add component (AddParameter): Name = "Shrouded"; Value = "N"; VariantName = "[No Variations]"
Add component (AddParameter): Name = "Supplier 1"; Value = "Digi-Key"; VariantName = "[No Variations]"
Add component (AddParameter): Name = "Supplier 2"; Value = ""; VariantName = "[No Variations]"
Add component (AddParameter): Name = "Supplier 3"; Value = ""; VariantName = "[No Variations]"
Add component (AddParameter): Name = "Supplier Part Number 1"; Value = "ED1514-ND"; VariantName = "[No Variations]"
Add component (AddParameter): Name = "Supplier Part Number 2"; Value = ""; VariantName = "[No Variations]"
Add component (AddParameter): Name = "Supplier Part Number 3"; Value = ""; VariantName = "[No Variations]"
Add component (AddParameter): Name = "Voltage_V"; Value = "150V"; VariantName = "[No Variations]"
Added Component: Designator=J9(FP-OSTTE040161_HDR4-MFG)
Added Component: Designator=Q10(SOT-323)
Add component (AddParameter): Name = "AEC Category"; Value = "Q101"; VariantName = "[No Variations]"
Add component (AddParameter): Name = "AEC Qualified"; Value = "?"; VariantName = "[No Variations]"
Add component (AddParameter): Name = "Alternate Manufacturer"; Value = "None"; VariantName = "[No Variations]"
Add component (AddParameter): Name = "Alternate PartNumber"; Value = ""; VariantName = "[No Variations]"
Add component (AddParameter): Name = "ChType"; Value = "N"; VariantName = "[No Variations]"
Add component (AddParameter): Name = "ComponentLink1Description"; Value = "Datasheet link"; VariantName = "[No Variations]"
Add component (AddParameter): Name = "ComponentLink1URL"; Value = "http://www.fairchildsemi.com/ds/2N/2N7002KW.pdf"; VariantName = "[No Variations]"
Add component (AddParameter): Name = "CompType"; Value = "MOSFET"; VariantName = "[No Variations]"
Add component (AddParameter): Name = "Green_EU RoHS"; Value = "Passed"; VariantName = "[No Variations]"
Add component (AddParameter): Name = "Green_EU RoHS-2"; Value = "Passed"; VariantName = "[No Variations]"
Add component (AddParameter): Name = "Green_Lifecycle"; Value = "Active"; VariantName = "[No Variations]"
Add component (AddParameter): Name = "Green_REACh"; Value = "Passed"; VariantName = "[No Variations]"
Add component (AddParameter): Name = "IdsMax_A"; Value = "3.1dA"; VariantName = "[No Variations]"
Add component (AddParameter): Name = "LatestRevisionDate"; Value = "2017-03-09"; VariantName = "[No Variations]"
Add component (AddParameter): Name = "LatestRevisionNote"; Value = "Added parts."; VariantName = "[No Variations]"
Add component (AddParameter): Name = "Manufacturer"; Value = "Fairchild Semiconductor"; VariantName = "[No Variations]"
Add component (AddParameter): Name = "MountType"; Value = "SMT"; VariantName = "[No Variations]"
Add component (AddParameter): Name = "PackageReference"; Value = "SOT-323"; VariantName = "[No Variations]"
Add component (AddParameter): Name = "PartNumber"; Value = "2N7002KW"; VariantName = "[No Variations]"
Add component (AddParameter): Name = "Published"; Value = "2008-06-19"; VariantName = "[No Variations]"
Add component (AddParameter): Name = "Publisher"; Value = "Texas Instruments"; VariantName = "[No Variations]"
Add component (AddParameter): Name = "QgTyp_nC"; Value = ""; VariantName = "[No Variations]"
Add component (AddParameter): Name = "Rdson45_ohm"; Value = "1.6"; VariantName = "[No Variations]"
Add component (AddParameter): Name = "RoHS"; Value = "Y"; VariantName = "[No Variations]"
Add component (AddParameter): Name = "SizeArea_mm2"; Value = "4.84"; VariantName = "[No Variations]"
Add component (AddParameter): Name = "SizeAreaWB_mm2"; Value = "10.24"; VariantName = "[No Variations]"
Add component (AddParameter): Name = "SizeX_mm"; Value = "2.2"; VariantName = "[No Variations]"
Add component (AddParameter): Name = "SizeY_mm"; Value = "2.2"; VariantName = "[No Variations]"
Add component (AddParameter): Name = "SizeZ_mm"; Value = "1.1"; VariantName = "[No Variations]"
Add component (AddParameter): Name = "Supplier 1"; Value = "Digi-Key"; VariantName = "[No Variations]"
Add component (AddParameter): Name = "Supplier 2"; Value = "Mouser"; VariantName = "[No Variations]"
Add component (AddParameter): Name = "Supplier 3"; Value = ""; VariantName = "[No Variations]"
Add component (AddParameter): Name = "Supplier Part Number 1"; Value = "2N7002KWCT-ND"; VariantName = "[No Variations]"
Add component (AddParameter): Name = "Supplier Part Number 2"; Value = "512-2N7002KW"; VariantName = "[No Variations]"
Add component (AddParameter): Name = "Supplier Part Number 3"; Value = ""; VariantName = "[No Variations]"
Add component (AddParameter): Name = "SymbolVersion"; Value = "2008-07-28"; VariantName = "[No Variations]"
Add component (AddParameter): Name = "U/M"; Value = "EA"; VariantName = "[No Variations]"
Add component (AddParameter): Name = "Value"; Value = "60V"; VariantName = "[No Variations]"
Add component (AddParameter): Name = "Value1"; Value = "1"; VariantName = "[No Variations]"
Add component (AddParameter): Name = "Value2"; Value = ""; VariantName = "[No Variations]"
Add component (AddParameter): Name = "Vault Folder"; Value = ""; VariantName = "[No Variations]"
Add component (AddParameter): Name = "VdsMax_V"; Value = "60V"; VariantName = "[No Variations]"
Add component (AddParameter): Name = "Vgs_V"; Value = "2.1V"; VariantName = "[No Variations]"
Added Pin To Net: NetName=NetC29_1 Pin=C29-1
Added Pin To Net: NetName=FBAT Pin=C29-2
Added Pin To Net: NetName=CPACK+ Pin=C30-1
Added Pin To Net: NetName=NetC29_1 Pin=C30-2
Added Pin To Net: NetName=CPACK+ Pin=C34-1
Added Pin To Net: NetName=NetC34_2 Pin=C34-2
Added Pin To Net: NetName=NetC34_2 Pin=C36-1
Added Pin To Net: NetName=PGND Pin=C36-2
Added Pin To Net: NetName=NetC37_1 Pin=C37-1
Added Pin To Net: NetName=FBAT Pin=C37-2
Added Pin To Net: NetName=PACK+ Pin=C38-1
Added Pin To Net: NetName=NetC37_1 Pin=C38-2
Added Pin To Net: NetName=PACK+ Pin=C42-1
Added Pin To Net: NetName=NetC42_2 Pin=C42-2
Added Pin To Net: NetName=NetC42_2 Pin=C45-1
Added Pin To Net: NetName=PGND Pin=C45-2
Added Pin To Net: NetName=NetD7_1 Pin=D7-1
Added Pin To Net: NetName=PGND Pin=D7-2
Added Pin To Net: NetName=DSG Pin=D9-1
Added Pin To Net: NetName=NetD9_2 Pin=D9-2
Added Pin To Net: NetName=DSG Pin=D10-1
Added Pin To Net: NetName=VSS Pin=D10-2
Added Pin To Net: NetName=PACK Pin=D11-1
Added Pin To Net: NetName=VSS Pin=D11-2
Added Pin To Net: NetName=LD Pin=D12-1
Added Pin To Net: NetName=VSS Pin=D12-2
Added Pin To Net: NetName=CPACK+ Pin=E1-1
Added Pin To Net: NetName=PGND Pin=E1-2
Added Pin To Net: NetName=PACK+ Pin=E2-1
Added Pin To Net: NetName=PGND Pin=E2-2
Added Pin To Net: NetName=CPACK+ Pin=J8-1
Added Pin To Net: NetName=CPACK+ Pin=J8-2
Added Pin To Net: NetName=PACK+ Pin=J9-1
Added Pin To Net: NetName=PACK+ Pin=J9-2
Added Pin To Net: NetName=PGND Pin=J9-3
Added Pin To Net: NetName=PGND Pin=J9-4
Added Pin To Net: NetName=FBAT Pin=Q2-1
Added Pin To Net: NetName=FBAT Pin=Q5-1
Added Pin To Net: NetName=NetD6_1 Pin=Q10-1
Added Pin To Net: NetName=PACK+ Pin=Q10-2
Added Pin To Net: NetName=NetD5_1 Pin=Q10-3
Added Pin To Net: NetName=FBAT Pin=R35-1
Added Pin To Net: NetName=FBAT Pin=R43-1
Added Pin To Net: NetName=NetD5_1 Pin=R55-1
Added Pin To Net: NetName=NetQ7_4 Pin=R55-2
Added Pin To Net: NetName=NetD5_1 Pin=R56-1
Added Pin To Net: NetName=NetQ9_4 Pin=R56-2
Added Pin To Net: NetName=NetD7_1 Pin=R57-1
Added Pin To Net: NetName=NetD6_1 Pin=R57-2
Added Pin To Net: NetName=FBAT Pin=R62-1
Added Pin To Net: NetName=NetD5_1 Pin=R64-1
Added Pin To Net: NetName=NetD5_1 Pin=R65-1
Added Pin To Net: NetName=NetD9_2 Pin=R65-2
Added Pin To Net: NetName=DSG Pin=R68-2
Added Pin To Net: NetName=FBAT Pin=TP26-1
Added Pin To Net: NetName=NetR64_2 Pin=R64-2
Added Pin To Net: NetName=NetR64_2 Pin=R68-1
Added Net: Name=NetR64_2
Added Member To Class: ClassName=BMS029B_FETs Member=Component C29 C1608X7R1H224K080AB
Added Member To Class: ClassName=BMS029B_FETs Member=Component C30 C1608X7R1H224K080AB
Added Member To Class: ClassName=BMS029B_FETs Member=Component C34 C1608X7R1H224K080AB
Added Member To Class: ClassName=BMS029B_FETs Member=Component C36 C1608X7R1H224K080AB
Added Member To Class: ClassName=BMS029B_FETs Member=Component C37 C1608X7R1H224K080AB
Added Member To Class: ClassName=BMS029B_FETs Member=Component C38 C1608X7R1H224K080AB
Added Member To Class: ClassName=BMS029B_FETs Member=Component C42 C1608X7R1H224K080AB
Added Member To Class: ClassName=BMS029B_FETs Member=Component C45 C1608X7R1H224K080AB
Added Member To Class: ClassName=BMS029B_FETs Member=Component D7
Added Member To Class: ClassName=BMS029B_FETs Member=Component D9 BAT46W-7-F
Added Member To Class: ClassName=BMS029B_FETs Member=Component D10 BAT46W-7-F
Added Member To Class: ClassName=BMS029B_FETs Member=Component D11 BAT46W-7-F
Added Member To Class: ClassName=BMS029B_FETs Member=Component D12 BAT46W-7-F
Added Member To Class: ClassName=BMS029B_FETs Member=Component E1
Added Member To Class: ClassName=BMS029B_FETs Member=Component E2
Added Member To Class: ClassName=BMS029B_FETs Member=Component J8
Added Member To Class: ClassName=BMS029B_FETs Member=Component J9 OSTTE040161
Added Member To Class: ClassName=BMS029B_FETs Member=Component Q10
