Change Component DesignItemId : Designator=R46 Old DesignItemId=Resistor New DesignItemId=Resistor_wide_vishay
Change Component Footprint: Designator=R35 Old Footprint=0603S New Footprint=0603S
Change Component Footprint: Designator=R42 Old Footprint=0603S New Footprint=0603S
Change Component Footprint: Designator=R43 Old Footprint=0603S New Footprint=0603S
Change Component Footprint: Designator=R50 Old Footprint=0603S New Footprint=0603S
Change Component Footprint: Designator=R51 Old Footprint=0603S New Footprint=0603S
Change Component Footprint: Designator=R52 Old Footprint=0603S New Footprint=0603S
Change Component Footprint: Designator=R59 Old Footprint=0603S New Footprint=0603S
Change Component Footprint: Designator=R61 Old Footprint=0603S New Footprint=0603S
Change Component Footprint: Designator=R62 Old Footprint=0603S New Footprint=0603S
Change Component Footprint: Designator=R63 Old Footprint=0603S New Footprint=0603S
Change Component Footprint: Designator=R55 Old Footprint=1206 New Footprint=1206
Change Component Footprint: Designator=R56 Old Footprint=1206 New Footprint=1206
Change Component Footprint: Designator=R57 Old Footprint=1206 New Footprint=1206
Change Component Footprint: Designator=R64 Old Footprint=1206 New Footprint=1206
Change Component Footprint: Designator=R65 Old Footprint=1206 New Footprint=1206
Change Component Footprint: Designator=R68 Old Footprint=1206 New Footprint=1206
Change Component Footprint: Designator=R70 Old Footprint=1206 New Footprint=1206
Change Component Footprint: Designator=R71 Old Footprint=1206 New Footprint=1206
Change Component Footprint: Designator=R73 Old Footprint=1206 New Footprint=1206
Change Component Footprint: Designator=R74 Old Footprint=1206 New Footprint=1206
Change Component Footprint: Designator=R76 Old Footprint=1206 New Footprint=1206
Change Component Footprint: Designator=R77 Old Footprint=1206 New Footprint=1206
Change Component Footprint: Designator=R46 Old Footprint=1206 New Footprint=2512_WIDE_VISHAY
Change Component Footprint: Designator=Q12 Old Footprint=PG-TDSON-8 New Footprint=PG-TDSON-8
Change Component Footprint: Designator=D8 Old Footprint=SOD-123 New Footprint=SOD-123
Change Component Footprint: Designator=TP24 Old Footprint=TP_VIA_060RND040 New Footprint=TP_VIA_060RND040
Change Component Comment : Designator=R46 Old Comment=Resistor New Comment=CRCW120620R0FKEA
Add Component: Footprint Not Found 0603
Add Component: Footprint Not Found 0603
Add Component: Footprint Not Found 0603
Add Component: Footprint Not Found 0603
Add Component: Footprint Not Found 0603
Add Component: Footprint Not Found 0603
Add Component: Footprint Not Found 0603
Add Component: Footprint Not Found 0603
Added Component: Designator=C47(0603S)
Add component (AddParameter): Name = "AEC Category"; Value = "Q200"; VariantName = "[No Variations]"
Add component (AddParameter): Name = "AEC Grade"; Value = "N/A"; VariantName = "[No Variations]"
Add component (AddParameter): Name = "AEC Qualified"; Value = "N"; VariantName = "[No Variations]"
Add component (AddParameter): Name = "Alternate Manufacturer"; Value = ""; VariantName = "[No Variations]"
Add component (AddParameter): Name = "Alternate PartNumber"; Value = ""; VariantName = "[No Variations]"
Add component (AddParameter): Name = "Cap_Case"; Value = "0603"; VariantName = "[No Variations]"
Add component (AddParameter): Name = "Cap_F"; Value = "220nF"; VariantName = "[No Variations]"
Add component (AddParameter): Name = "ComponentLink1Description"; Value = "Datasheet link"; VariantName = "[No Variations]"
Add component (AddParameter): Name = "ComponentLink1URL"; Value = "https://product.tdk.com/en/search/capacitor/ceramic/mlcc/info?part_no=C1608X7R1H224K080AB"; VariantName = "[No Variations]"
Add component (AddParameter): Name = "CompType"; Value = "Capacitor"; VariantName = "[No Variations]"
Add component (AddParameter): Name = "ESR_ohm"; Value = "0.021699"; VariantName = "[No Variations]"
Add component (AddParameter): Name = "IRMS_A"; Value = "1.12496A"; VariantName = "[No Variations]"
Add component (AddParameter): Name = "LatestRevisionDate"; Value = "2017-03-09"; VariantName = "[No Variations]"
Add component (AddParameter): Name = "Manufacturer"; Value = "TDK"; VariantName = "[No Variations]"
Add component (AddParameter): Name = "MountType"; Value = "SMT"; VariantName = "[No Variations]"
Add component (AddParameter): Name = "PackageReference"; Value = "0603"; VariantName = "[No Variations]"
Add component (AddParameter): Name = "PartNumber"; Value = "C1608X7R1H224K080AB"; VariantName = "[No Variations]"
Add component (AddParameter): Name = "Polarized"; Value = "N"; VariantName = "[No Variations]"
Add component (AddParameter): Name = "Published"; Value = "2008-06-19"; VariantName = "[No Variations]"
Add component (AddParameter): Name = "Publisher"; Value = "Texas Instruments"; VariantName = "[No Variations]"
Add component (AddParameter): Name = "RoHS"; Value = "Y"; VariantName = "[No Variations]"
Add component (AddParameter): Name = "SizeArea_mm2"; Value = "1.28"; VariantName = "[No Variations]"
Add component (AddParameter): Name = "SizeAreaWB_mm2"; Value = "4.68"; VariantName = "[No Variations]"
Add component (AddParameter): Name = "SizeX_mm"; Value = "1.6"; VariantName = "[No Variations]"
Add component (AddParameter): Name = "SizeY_mm"; Value = "0.8"; VariantName = "[No Variations]"
Add component (AddParameter): Name = "SizeZ_mm"; Value = "1"; VariantName = "[No Variations]"
Add component (AddParameter): Name = "Supplier 1"; Value = "Digi-Key"; VariantName = "[No Variations]"
Add component (AddParameter): Name = "Supplier 2"; Value = "Newark"; VariantName = "[No Variations]"
Add component (AddParameter): Name = "Supplier 3"; Value = "Mouser"; VariantName = "[No Variations]"
Add component (AddParameter): Name = "Supplier Part Number 1"; Value = "445-7408-1-ND"; VariantName = "[No Variations]"
Add component (AddParameter): Name = "Supplier Part Number 2"; Value = "04X3259"; VariantName = "[No Variations]"
Add component (AddParameter): Name = "Supplier Part Number 3"; Value = "810-C1608X7R1H224K"; VariantName = "[No Variations]"
Add component (AddParameter): Name = "TaMax_C"; Value = "125°C"; VariantName = "[No Variations]"
Add component (AddParameter): Name = "TaMin_C"; Value = "-55°C"; VariantName = "[No Variations]"
Add component (AddParameter): Name = "Technology"; Value = "Ceramic"; VariantName = "[No Variations]"
Add component (AddParameter): Name = "TempCo"; Value = "X7R"; VariantName = "[No Variations]"
Add component (AddParameter): Name = "Tolerance_%"; Value = "10%"; VariantName = "[No Variations]"
Add component (AddParameter): Name = "U/M"; Value = "EA"; VariantName = "[No Variations]"
Add component (AddParameter): Name = "Value"; Value = "0.22uF"; VariantName = "[No Variations]"
Add component (AddParameter): Name = "Value1"; Value = "0.021699 ohm"; VariantName = "[No Variations]"
Add component (AddParameter): Name = "Value2"; Value = "50V"; VariantName = "[No Variations]"
Add component (AddParameter): Name = "ValueDisplayed"; Value = "0.22uF"; VariantName = "[No Variations]"
Add component (AddParameter): Name = "VDC_V"; Value = "50V"; VariantName = "[No Variations]"
Added Component: Designator=D4(SOD-123)
Add component (AddParameter): Name = "AEC Category"; Value = "Q101"; VariantName = "[No Variations]"
Add component (AddParameter): Name = "AEC Qualified"; Value = "?"; VariantName = "[No Variations]"
Add component (AddParameter): Name = "Alternate Manufacturer"; Value = ""; VariantName = "[No Variations]"
Add component (AddParameter): Name = "Alternate PartNumber"; Value = ""; VariantName = "[No Variations]"
Add component (AddParameter): Name = "ComponentLink1Description"; Value = "Datasheet link"; VariantName = "[No Variations]"
Add component (AddParameter): Name = "ComponentLink1URL"; Value = "http://www.diodes.com/datasheets/ds18010.pdf"; VariantName = "[No Variations]"
Add component (AddParameter): Name = "CompType"; Value = "Zener"; VariantName = "[No Variations]"
Add component (AddParameter): Name = "Green_EU RoHS"; Value = ""; VariantName = "[No Variations]"
Add component (AddParameter): Name = "Green_EU RoHS-2"; Value = ""; VariantName = "[No Variations]"
Add component (AddParameter): Name = "Green_Lifecycle"; Value = ""; VariantName = "[No Variations]"
Add component (AddParameter): Name = "Green_REACh"; Value = ""; VariantName = "[No Variations]"
Add component (AddParameter): Name = "Manufacturer"; Value = "Diodes Inc."; VariantName = "[No Variations]"
Add component (AddParameter): Name = "MountType"; Value = "SMT"; VariantName = "[No Variations]"
Add component (AddParameter): Name = "PackageReference"; Value = "SOD-123"; VariantName = "[No Variations]"
Add component (AddParameter): Name = "PartNumber"; Value = "MMSZ5246B-7-F"; VariantName = "[No Variations]"
Add component (AddParameter): Name = "Power_W"; Value = "500mW"; VariantName = "[No Variations]"
Add component (AddParameter): Name = "RJA_CperW"; Value = "350"; VariantName = "[No Variations]"
Add component (AddParameter): Name = "RoHS"; Value = "Y"; VariantName = "[No Variations]"
Add component (AddParameter): Name = "SizeArea_mm2"; Value = "6.545"; VariantName = "[No Variations]"
Add component (AddParameter): Name = "SizeAreaWB_mm2"; Value = "13.095"; VariantName = "[No Variations]"
Add component (AddParameter): Name = "SizeX_mm"; Value = "3.85"; VariantName = "[No Variations]"
Add component (AddParameter): Name = "SizeY_mm"; Value = "1.7"; VariantName = "[No Variations]"
Add component (AddParameter): Name = "SizeZ_mm"; Value = "1.35"; VariantName = "[No Variations]"
Add component (AddParameter): Name = "Value"; Value = "16V"; VariantName = "[No Variations]"
Add component (AddParameter): Name = "Value1"; Value = "0.5W"; VariantName = "[No Variations]"
Add component (AddParameter): Name = "Vz_V"; Value = "16V"; VariantName = "[No Variations]"
Added Component: Designator=D5(SOD-123)
Add component (AddParameter): Name = "AEC Category"; Value = "Q101"; VariantName = "[No Variations]"
Add component (AddParameter): Name = "AEC Qualified"; Value = "?"; VariantName = "[No Variations]"
Add component (AddParameter): Name = "Alternate Manufacturer"; Value = ""; VariantName = "[No Variations]"
Add component (AddParameter): Name = "Alternate PartNumber"; Value = ""; VariantName = "[No Variations]"
Add component (AddParameter): Name = "ComponentLink1Description"; Value = "Datasheet link"; VariantName = "[No Variations]"
Add component (AddParameter): Name = "ComponentLink1URL"; Value = "http://www.diodes.com/datasheets/ds18010.pdf"; VariantName = "[No Variations]"
Add component (AddParameter): Name = "CompType"; Value = "Zener"; VariantName = "[No Variations]"
Add component (AddParameter): Name = "Green_EU RoHS"; Value = ""; VariantName = "[No Variations]"
Add component (AddParameter): Name = "Green_EU RoHS-2"; Value = ""; VariantName = "[No Variations]"
Add component (AddParameter): Name = "Green_Lifecycle"; Value = ""; VariantName = "[No Variations]"
Add component (AddParameter): Name = "Green_REACh"; Value = ""; VariantName = "[No Variations]"
Add component (AddParameter): Name = "Manufacturer"; Value = "Diodes Inc."; VariantName = "[No Variations]"
Add component (AddParameter): Name = "MountType"; Value = "SMT"; VariantName = "[No Variations]"
Add component (AddParameter): Name = "PackageReference"; Value = "SOD-123"; VariantName = "[No Variations]"
Add component (AddParameter): Name = "PartNumber"; Value = "MMSZ5246B-7-F"; VariantName = "[No Variations]"
Add component (AddParameter): Name = "Power_W"; Value = "500mW"; VariantName = "[No Variations]"
Add component (AddParameter): Name = "RJA_CperW"; Value = "350"; VariantName = "[No Variations]"
Add component (AddParameter): Name = "RoHS"; Value = "Y"; VariantName = "[No Variations]"
Add component (AddParameter): Name = "SizeArea_mm2"; Value = "6.545"; VariantName = "[No Variations]"
Add component (AddParameter): Name = "SizeAreaWB_mm2"; Value = "13.095"; VariantName = "[No Variations]"
Add component (AddParameter): Name = "SizeX_mm"; Value = "3.85"; VariantName = "[No Variations]"
Add component (AddParameter): Name = "SizeY_mm"; Value = "1.7"; VariantName = "[No Variations]"
Add component (AddParameter): Name = "SizeZ_mm"; Value = "1.35"; VariantName = "[No Variations]"
Add component (AddParameter): Name = "Value"; Value = "16V"; VariantName = "[No Variations]"
Add component (AddParameter): Name = "Value1"; Value = "0.5W"; VariantName = "[No Variations]"
Add component (AddParameter): Name = "Vz_V"; Value = "16V"; VariantName = "[No Variations]"
Added Component: Designator=D6(SOD-123)
Add component (AddParameter): Name = "AEC Category"; Value = "Q101"; VariantName = "[No Variations]"
Add component (AddParameter): Name = "AEC Qualified"; Value = "?"; VariantName = "[No Variations]"
Add component (AddParameter): Name = "Alternate Manufacturer"; Value = ""; VariantName = "[No Variations]"
Add component (AddParameter): Name = "Alternate PartNumber"; Value = ""; VariantName = "[No Variations]"
Add component (AddParameter): Name = "ComponentLink1Description"; Value = "Datasheet link"; VariantName = "[No Variations]"
Add component (AddParameter): Name = "ComponentLink1URL"; Value = "http://www.diodes.com/datasheets/ds18010.pdf"; VariantName = "[No Variations]"
Add component (AddParameter): Name = "CompType"; Value = "Zener"; VariantName = "[No Variations]"
Add component (AddParameter): Name = "Green_EU RoHS"; Value = ""; VariantName = "[No Variations]"
Add component (AddParameter): Name = "Green_EU RoHS-2"; Value = ""; VariantName = "[No Variations]"
Add component (AddParameter): Name = "Green_Lifecycle"; Value = ""; VariantName = "[No Variations]"
Add component (AddParameter): Name = "Green_REACh"; Value = ""; VariantName = "[No Variations]"
Add component (AddParameter): Name = "Manufacturer"; Value = "Diodes Inc."; VariantName = "[No Variations]"
Add component (AddParameter): Name = "MountType"; Value = "SMT"; VariantName = "[No Variations]"
Add component (AddParameter): Name = "PackageReference"; Value = "SOD-123"; VariantName = "[No Variations]"
Add component (AddParameter): Name = "PartNumber"; Value = "MMSZ5246B-7-F"; VariantName = "[No Variations]"
Add component (AddParameter): Name = "Power_W"; Value = "500mW"; VariantName = "[No Variations]"
Add component (AddParameter): Name = "RJA_CperW"; Value = "350"; VariantName = "[No Variations]"
Add component (AddParameter): Name = "RoHS"; Value = "Y"; VariantName = "[No Variations]"
Add component (AddParameter): Name = "SizeArea_mm2"; Value = "6.545"; VariantName = "[No Variations]"
Add component (AddParameter): Name = "SizeAreaWB_mm2"; Value = "13.095"; VariantName = "[No Variations]"
Add component (AddParameter): Name = "SizeX_mm"; Value = "3.85"; VariantName = "[No Variations]"
Add component (AddParameter): Name = "SizeY_mm"; Value = "1.7"; VariantName = "[No Variations]"
Add component (AddParameter): Name = "SizeZ_mm"; Value = "1.35"; VariantName = "[No Variations]"
Add component (AddParameter): Name = "Value"; Value = "16V"; VariantName = "[No Variations]"
Add component (AddParameter): Name = "Value1"; Value = "0.5W"; VariantName = "[No Variations]"
Add component (AddParameter): Name = "Vz_V"; Value = "16V"; VariantName = "[No Variations]"
Add Component: Footprint Not Found SOD-123
Add Component: Footprint Not Found SOD-123
Add Component: Footprint Not Found SOD-123
Add Component: Footprint Not Found SOD-123
Add Component: Footprint Not Found SOD-123
Add Component: Footprint Not Found SPARK_GAP2
Add Component: Footprint Not Found SPARK_GAP2
Add Component: Footprint Not Found TERM_BLK_ED555-2DS
Add Component: Footprint Not Found FP-OSTTE040161_HDR4-MFG
Added Component: Designator=Q2(SOT-23)
Added Component: Designator=Q3(PG-TSDSON-8)
Add component (AddParameter): Name = "AEC Category"; Value = "Q101"; VariantName = "[No Variations]"
Add component (AddParameter): Name = "AEC Qualified"; Value = "?"; VariantName = "[No Variations]"
Add component (AddParameter): Name = "Alternate Manufacturer"; Value = "None"; VariantName = "[No Variations]"
Add component (AddParameter): Name = "Alternate PartNumber"; Value = ""; VariantName = "[No Variations]"
Add component (AddParameter): Name = "ChType"; Value = "N"; VariantName = "[No Variations]"
Add component (AddParameter): Name = "ComponentLink1Description"; Value = "Datasheet link"; VariantName = "[No Variations]"
Add component (AddParameter): Name = "ComponentLink1URL"; Value = "http://www.infineon.com/dgdl/BSZ900N15NS3+Rev2.1_.pdf?folderId=db3a304326623792012669f6bee2224b&fileId=db3a304326623792012669f7decc224c"; VariantName = "[No Variations]"
Add component (AddParameter): Name = "CompType"; Value = "MOSFET"; VariantName = "[No Variations]"
Add component (AddParameter): Name = "IdsMax_A"; Value = "13A"; VariantName = "[No Variations]"
Add component (AddParameter): Name = "LatestRevisionDate"; Value = "2017-03-09"; VariantName = "[No Variations]"
Add component (AddParameter): Name = "LatestRevisionNote"; Value = "Added parts."; VariantName = "[No Variations]"
Add component (AddParameter): Name = "Manufacturer"; Value = "Infineon Technologies"; VariantName = "[No Variations]"
Add component (AddParameter): Name = "MountType"; Value = "SMT"; VariantName = "[No Variations]"
Add component (AddParameter): Name = "PackageReference"; Value = "PG-TSDSON-8"; VariantName = "[No Variations]"
Add component (AddParameter): Name = "PartNumber"; Value = "BSZ900N15NS3 G"; VariantName = "[No Variations]"
Add component (AddParameter): Name = "Published"; Value = "2008-06-19"; VariantName = "[No Variations]"
Add component (AddParameter): Name = "Publisher"; Value = "Texas Instruments"; VariantName = "[No Variations]"
Add component (AddParameter): Name = "QgTyp_nC"; Value = "5"; VariantName = "[No Variations]"
Add component (AddParameter): Name = "Rdson45_ohm"; Value = ""; VariantName = "[No Variations]"
Add component (AddParameter): Name = "RoHS"; Value = "Y"; VariantName = "[No Variations]"
Add component (AddParameter): Name = "SizeArea_mm2"; Value = "11.56"; VariantName = "[No Variations]"
Add component (AddParameter): Name = "SizeAreaWB_mm2"; Value = "19.36"; VariantName = "[No Variations]"
Add component (AddParameter): Name = "SizeX_mm"; Value = "3.4"; VariantName = "[No Variations]"
Add component (AddParameter): Name = "SizeY_mm"; Value = "3.4"; VariantName = "[No Variations]"
Add component (AddParameter): Name = "SizeZ_mm"; Value = "1.1"; VariantName = "[No Variations]"
Add component (AddParameter): Name = "Supplier 1"; Value = "Digi-Key"; VariantName = "[No Variations]"
Add component (AddParameter): Name = "Supplier 2"; Value = "Mouser"; VariantName = "[No Variations]"
Add component (AddParameter): Name = "Supplier 3"; Value = ""; VariantName = "[No Variations]"
Add component (AddParameter): Name = "Supplier Part Number 1"; Value = "BSZ900N15NS3 GCT-ND"; VariantName = "[No Variations]"
Add component (AddParameter): Name = "Supplier Part Number 2"; Value = "726-BSZ900N15NS3G"; VariantName = "[No Variations]"
Add component (AddParameter): Name = "Supplier Part Number 3"; Value = ""; VariantName = "[No Variations]"
Add component (AddParameter): Name = "U/M"; Value = "EA"; VariantName = "[No Variations]"
Add component (AddParameter): Name = "Value"; Value = "150V"; VariantName = "[No Variations]"
Add component (AddParameter): Name = "Value1"; Value = ""; VariantName = "[No Variations]"
Add component (AddParameter): Name = "Value2"; Value = "5 nC"; VariantName = "[No Variations]"
Add component (AddParameter): Name = "Vault Folder"; Value = ""; VariantName = "[No Variations]"
Add component (AddParameter): Name = "VdsMax_V"; Value = "150V"; VariantName = "[No Variations]"
Add component (AddParameter): Name = "Vgs_V"; Value = "20V"; VariantName = "[No Variations]"
Added Component: Designator=Q5(SOT-23)
Added Component: Designator=Q6(SOT-23)
Add Component: Footprint Not Found SOT-323
Added Component: Designator=TP20(TP_VIA_060RND040)
Add component (AddParameter): Name = "CompType"; Value = "Testpoint"; VariantName = "[No Variations]"
Add component (AddParameter): Name = "Manufacturer"; Value = "N/A"; VariantName = "[No Variations]"
Add component (AddParameter): Name = "PackageReference"; Value = "N/A"; VariantName = "[No Variations]"
Add component (AddParameter): Name = "PartNumber"; Value = "N/A"; VariantName = "[No Variations]"
Added Component: Designator=TP22(TP_VIA_060RND040)
Add component (AddParameter): Name = "CompType"; Value = "Testpoint"; VariantName = "[No Variations]"
Add component (AddParameter): Name = "Manufacturer"; Value = "N/A"; VariantName = "[No Variations]"
Add component (AddParameter): Name = "PackageReference"; Value = "N/A"; VariantName = "[No Variations]"
Add component (AddParameter): Name = "PartNumber"; Value = "N/A"; VariantName = "[No Variations]"
Added Component: Designator=TP23(TP_VIA_060RND040)
Add component (AddParameter): Name = "CompType"; Value = "Testpoint"; VariantName = "[No Variations]"
Add component (AddParameter): Name = "Manufacturer"; Value = "N/A"; VariantName = "[No Variations]"
Add component (AddParameter): Name = "PackageReference"; Value = "N/A"; VariantName = "[No Variations]"
Add component (AddParameter): Name = "PartNumber"; Value = "N/A"; VariantName = "[No Variations]"
Added Component: Designator=TP25(TP_VIA_060RND040)
Add component (AddParameter): Name = "CompType"; Value = "Testpoint"; VariantName = "[No Variations]"
Add component (AddParameter): Name = "Manufacturer"; Value = "N/A"; VariantName = "[No Variations]"
Add component (AddParameter): Name = "PackageReference"; Value = "N/A"; VariantName = "[No Variations]"
Add component (AddParameter): Name = "PartNumber"; Value = "N/A"; VariantName = "[No Variations]"
Added Component: Designator=TP26(TP_VIA_060RND040)
Add component (AddParameter): Name = "CompType"; Value = "Testpoint"; VariantName = "[No Variations]"
Add component (AddParameter): Name = "Manufacturer"; Value = "N/A"; VariantName = "[No Variations]"
Add component (AddParameter): Name = "PackageReference"; Value = "N/A"; VariantName = "[No Variations]"
Add component (AddParameter): Name = "PartNumber"; Value = "N/A"; VariantName = "[No Variations]"
Added Component: Designator=TP27(TP_VIA_060RND040)
Add component (AddParameter): Name = "CompType"; Value = "Testpoint"; VariantName = "[No Variations]"
Add component (AddParameter): Name = "Manufacturer"; Value = "N/A"; VariantName = "[No Variations]"
Add component (AddParameter): Name = "PackageReference"; Value = "N/A"; VariantName = "[No Variations]"
Add component (AddParameter): Name = "PartNumber"; Value = "N/A"; VariantName = "[No Variations]"
Added Component: Designator=TP28(TP_VIA_060RND040)
Add component (AddParameter): Name = "CompType"; Value = "Testpoint"; VariantName = "[No Variations]"
Add component (AddParameter): Name = "Manufacturer"; Value = "N/A"; VariantName = "[No Variations]"
Add component (AddParameter): Name = "PackageReference"; Value = "N/A"; VariantName = "[No Variations]"
Add component (AddParameter): Name = "PartNumber"; Value = "N/A"; VariantName = "[No Variations]"
Added Component: Designator=TP29(TP_VIA_060RND040)
Add component (AddParameter): Name = "CompType"; Value = "Testpoint"; VariantName = "[No Variations]"
Add component (AddParameter): Name = "Manufacturer"; Value = "N/A"; VariantName = "[No Variations]"
Add component (AddParameter): Name = "PackageReference"; Value = "N/A"; VariantName = "[No Variations]"
Add component (AddParameter): Name = "PartNumber"; Value = "N/A"; VariantName = "[No Variations]"
Added Component: Designator=TP30(TP_VIA_060RND040)
Add component (AddParameter): Name = "CompType"; Value = "Testpoint"; VariantName = "[No Variations]"
Add component (AddParameter): Name = "Manufacturer"; Value = "N/A"; VariantName = "[No Variations]"
Add component (AddParameter): Name = "PackageReference"; Value = "N/A"; VariantName = "[No Variations]"
Add component (AddParameter): Name = "PartNumber"; Value = "N/A"; VariantName = "[No Variations]"
Added Component: Designator=TP31(TP_VIA_060RND040)
Add component (AddParameter): Name = "CompType"; Value = "Testpoint"; VariantName = "[No Variations]"
Add component (AddParameter): Name = "Manufacturer"; Value = "N/A"; VariantName = "[No Variations]"
Add component (AddParameter): Name = "PackageReference"; Value = "N/A"; VariantName = "[No Variations]"
Add component (AddParameter): Name = "PartNumber"; Value = "N/A"; VariantName = "[No Variations]"
Added Component: Designator=TP32(TP_VIA_060RND040)
Add component (AddParameter): Name = "CompType"; Value = "Testpoint"; VariantName = "[No Variations]"
Add component (AddParameter): Name = "Manufacturer"; Value = "N/A"; VariantName = "[No Variations]"
Add component (AddParameter): Name = "PackageReference"; Value = "N/A"; VariantName = "[No Variations]"
Add component (AddParameter): Name = "PartNumber"; Value = "N/A"; VariantName = "[No Variations]"
Added Component: Designator=TP33(TP_VIA_060RND040)
Add component (AddParameter): Name = "CompType"; Value = "Testpoint"; VariantName = "[No Variations]"
Add component (AddParameter): Name = "Manufacturer"; Value = "N/A"; VariantName = "[No Variations]"
Add component (AddParameter): Name = "PackageReference"; Value = "N/A"; VariantName = "[No Variations]"
Add component (AddParameter): Name = "PartNumber"; Value = "N/A"; VariantName = "[No Variations]"
Added Component: Designator=TP34(TP_VIA_060RND040)
Add component (AddParameter): Name = "CompType"; Value = "Testpoint"; VariantName = "[No Variations]"
Add component (AddParameter): Name = "Manufacturer"; Value = "N/A"; VariantName = "[No Variations]"
Add component (AddParameter): Name = "PackageReference"; Value = "N/A"; VariantName = "[No Variations]"
Add component (AddParameter): Name = "PartNumber"; Value = "N/A"; VariantName = "[No Variations]"
Added Component: Designator=TP35(TP_VIA_060RND040)
Add component (AddParameter): Name = "CompType"; Value = "Testpoint"; VariantName = "[No Variations]"
Add component (AddParameter): Name = "Manufacturer"; Value = "N/A"; VariantName = "[No Variations]"
Add component (AddParameter): Name = "PackageReference"; Value = "N/A"; VariantName = "[No Variations]"
Add component (AddParameter): Name = "PartNumber"; Value = "N/A"; VariantName = "[No Variations]"
Added Component: Designator=TP36(TP_VIA_060RND040)
Add component (AddParameter): Name = "CompType"; Value = "Testpoint"; VariantName = "[No Variations]"
Add component (AddParameter): Name = "Manufacturer"; Value = "N/A"; VariantName = "[No Variations]"
Add component (AddParameter): Name = "PackageReference"; Value = "N/A"; VariantName = "[No Variations]"
Add component (AddParameter): Name = "PartNumber"; Value = "N/A"; VariantName = "[No Variations]"
Add Pin To Net: Unknown Pin: Pin C29-1
Add Pin To Net: Unknown Pin: Pin C29-2
Add Pin To Net: Unknown Pin: Pin C30-1
Add Pin To Net: Unknown Pin: Pin C30-2
Add Pin To Net: Unknown Pin: Pin C34-1
Add Pin To Net: Unknown Pin: Pin C34-2
Add Pin To Net: Unknown Pin: Pin C36-1
Add Pin To Net: Unknown Pin: Pin C36-2
Add Pin To Net: Unknown Pin: Pin C37-1
Add Pin To Net: Unknown Pin: Pin C37-2
Add Pin To Net: Unknown Pin: Pin C38-1
Add Pin To Net: Unknown Pin: Pin C38-2
Add Pin To Net: Unknown Pin: Pin C42-1
Add Pin To Net: Unknown Pin: Pin C42-2
Add Pin To Net: Unknown Pin: Pin C45-1
Add Pin To Net: Unknown Pin: Pin C45-2
Added Pin To Net: NetName=VSS Pin=C47-1
Added Pin To Net: NetName=NetC47_2 Pin=C47-2
Added Pin To Net: NetName=NetD4_1 Pin=D4-1
Added Pin To Net: NetName=FBAT Pin=D4-2
Added Pin To Net: NetName=NetD5_1 Pin=D5-1
Added Pin To Net: NetName=PACK+ Pin=D5-2
Added Pin To Net: NetName=NetD6_1 Pin=D6-1
Added Pin To Net: NetName=PACK+ Pin=D6-2
Add Pin To Net: Unknown Pin: Pin D7-1
Add Pin To Net: Unknown Pin: Pin D7-2
Add Pin To Net: Unknown Pin: Pin D9-1
Add Pin To Net: Unknown Pin: Pin D9-2
Add Pin To Net: Unknown Pin: Pin D10-1
Add Pin To Net: Unknown Pin: Pin D10-2
Add Pin To Net: Unknown Pin: Pin D11-1
Add Pin To Net: Unknown Pin: Pin D11-2
Add Pin To Net: Unknown Pin: Pin D12-1
Add Pin To Net: Unknown Pin: Pin D12-2
Add Pin To Net: Unknown Pin: Pin E1-1
Add Pin To Net: Unknown Pin: Pin E1-2
Add Pin To Net: Unknown Pin: Pin E2-1
Add Pin To Net: Unknown Pin: Pin E2-2
Add Pin To Net: Unknown Pin: Pin J8-1
Add Pin To Net: Unknown Pin: Pin J8-2
Add Pin To Net: Unknown Pin: Pin J9-1
Add Pin To Net: Unknown Pin: Pin J9-2
Add Pin To Net: Unknown Pin: Pin J9-3
Add Pin To Net: Unknown Pin: Pin J9-4
Added Pin To Net: NetName=NetQ2_1 Pin=Q2-1
Added Pin To Net: NetName=CPACK+ Pin=Q2-2
Added Pin To Net: NetName=NetQ2_3 Pin=Q2-3
Added Pin To Net: NetName=FBAT Pin=Q3-1
Added Pin To Net: NetName=FBAT Pin=Q3-2
Added Pin To Net: NetName=FBAT Pin=Q3-3
Added Pin To Net: NetName=NetD4_1 Pin=Q3-4
Added Pin To Net: NetName=CPACK+ Pin=Q3-5
Added Pin To Net: NetName=CPACK+ Pin=Q3-6
Added Pin To Net: NetName=CPACK+ Pin=Q3-7
Added Pin To Net: NetName=CPACK+ Pin=Q3-8
Added Pin To Net: NetName=CPACK+ Pin=Q3-9
Added Pin To Net: NetName=NetQ2_1 Pin=Q5-1
Added Pin To Net: NetName=CD Pin=Q5-2
Added Pin To Net: NetName=NetQ5_3 Pin=Q5-3
Added Pin To Net: NetName=NetQ6_1 Pin=Q6-1
Added Pin To Net: NetName=CD Pin=Q6-2
Added Pin To Net: NetName=NetQ6_3 Pin=Q6-3
Add Pin To Net: Unknown Pin: Pin Q10-1
Add Pin To Net: Unknown Pin: Pin Q10-2
Add Pin To Net: Unknown Pin: Pin Q10-3
Added Pin To Net: NetName=CPACK+ Pin=TP20-1
Added Pin To Net: NetName=PACK+ Pin=TP22-1
Added Pin To Net: NetName=CD Pin=TP23-1
Added Pin To Net: NetName=NetD4_1 Pin=TP25-1
Added Pin To Net: NetName=NetQ2_1 Pin=TP26-1
Added Pin To Net: NetName=NetQ6_1 Pin=TP27-1
Added Pin To Net: NetName=NetD5_1 Pin=TP28-1
Added Pin To Net: NetName=NetC47_2 Pin=TP29-1
Added Pin To Net: NetName=CHG Pin=TP30-1
Added Pin To Net: NetName=PCHG Pin=TP31-1
Added Pin To Net: NetName=PDSG Pin=TP32-1
Added Pin To Net: NetName=PACK Pin=TP33-1
Added Pin To Net: NetName=LD Pin=TP34-1
Added Pin To Net: NetName=DSG Pin=TP35-1
Added Pin To Net: NetName=PGND Pin=TP36-1
Add Class Member: Failed to add class member : Component C29 GCJ188R72A104KA01D
Add Class Member: Failed to add class member : Component C30 GCJ188R72A104KA01D
Add Class Member: Failed to add class member : Component C34 GCJ188R72A104KA01D
Add Class Member: Failed to add class member : Component C36 GCJ188R72A104KA01D
Add Class Member: Failed to add class member : Component C37 GCJ188R72A104KA01D
Add Class Member: Failed to add class member : Component C38 GCJ188R72A104KA01D
Add Class Member: Failed to add class member : Component C42 GCJ188R72A104KA01D
Add Class Member: Failed to add class member : Component C45 GCJ188R72A104KA01D
Added Member To Class: ClassName=BMS029B_FETs Member=Component C47 C1608X7R1H224K080AB
Added Member To Class: ClassName=BMS029B_FETs Member=Component D4 MMSZ5246B-7-F
Added Member To Class: ClassName=BMS029B_FETs Member=Component D5 MMSZ5246B-7-F
Added Member To Class: ClassName=BMS029B_FETs Member=Component D6 MMSZ5246B-7-F
Add Class Member: Failed to add class member : Component D7 1N4148W-7-F
Add Class Member: Failed to add class member : Component D9 BAT46W-7-F
Add Class Member: Failed to add class member : Component D10 BAT46W-7-F
Add Class Member: Failed to add class member : Component D11 BAT46W-7-F
Add Class Member: Failed to add class member : Component D12 BAT46W-7-F
Add Class Member: Failed to add class member : Component E1 Spark Gap
Add Class Member: Failed to add class member : Component E2 Spark Gap
Add Class Member: Failed to add class member : Component J8 ED555/2DS
Add Class Member: Failed to add class member : Component J9 OSTTE040161
Added Member To Class: ClassName=BMS029B_FETs Member=Component Q2 MOSFET_P_D3G1S2
Added Member To Class: ClassName=BMS029B_FETs Member=Component Q3 BSZ900N15NS3 G
Added Member To Class: ClassName=BMS029B_FETs Member=Component Q5 MOSFET_P_D3G1S2
Added Member To Class: ClassName=BMS029B_FETs Member=Component Q6 MOSFET_P_D3G1S2
Add Class Member: Failed to add class member : Component Q10 MOSFET_N_D3G1S2
Added Member To Class: ClassName=BMS029B_FETs Member=Component TP20 TESTPOINT
Added Member To Class: ClassName=BMS029B_FETs Member=Component TP22 TESTPOINT
Added Member To Class: ClassName=BMS029B_FETs Member=Component TP23 TESTPOINT
Added Member To Class: ClassName=BMS029B_FETs Member=Component TP25 TESTPOINT
Added Member To Class: ClassName=BMS029B_FETs Member=Component TP26 TESTPOINT
Added Member To Class: ClassName=BMS029B_FETs Member=Component TP27 TESTPOINT
Added Member To Class: ClassName=BMS029B_FETs Member=Component TP28 TESTPOINT
Added Member To Class: ClassName=BMS029B_FETs Member=Component TP29 TESTPOINT
Added Member To Class: ClassName=BMS029B_FETs Member=Component TP30 TESTPOINT
Added Member To Class: ClassName=BMS029B_FETs Member=Component TP31 TESTPOINT
Added Member To Class: ClassName=BMS029B_FETs Member=Component TP32 TESTPOINT
Added Member To Class: ClassName=BMS029B_FETs Member=Component TP33 TESTPOINT
Added Member To Class: ClassName=BMS029B_FETs Member=Component TP34 TESTPOINT
Added Member To Class: ClassName=BMS029B_FETs Member=Component TP35 TESTPOINT
Added Member To Class: ClassName=BMS029B_FETs Member=Component TP36 TESTPOINT
