Change Component Footprint: Designator=R? Old Footprint=0603S New Footprint=0603S
Change Component Footprint: Designator=R? Old Footprint=0603S New Footprint=0603S
Change Component Footprint: Designator=R? Old Footprint=0603S New Footprint=0603S
Change Component Footprint: Designator=R? Old Footprint=0603S New Footprint=0603S
Change Component Footprint: Designator=R? Old Footprint=0603S New Footprint=0603S
Change Component Footprint: Designator=R? Old Footprint=0603S New Footprint=0603S
Change Component Footprint: Designator=R? Old Footprint=0603S New Footprint=0603S
Change Component Footprint: Designator=R? Old Footprint=0603S New Footprint=0603S
Change Component Designator: OldDesignator=C5 NewDesignator=C39
Change Component Designator: OldDesignator=C6 NewDesignator=C40
Change Component Designator: OldDesignator=C7 NewDesignator=C41
Change Component Designator: OldDesignator=C8 NewDesignator=C42
Change Component Designator: OldDesignator=C9 NewDesignator=C43
Change Component Designator: OldDesignator=C10 NewDesignator=C1
Change Component Designator: OldDesignator=C11 NewDesignator=C2
Change Component Designator: OldDesignator=C12 NewDesignator=C3
Change Component Designator: OldDesignator=C13 NewDesignator=C4
Change Component Designator: OldDesignator=C14 NewDesignator=C5
Change Component Designator: OldDesignator=C15 NewDesignator=C6
Change Component Designator: OldDesignator=C16 NewDesignator=C7
Change Component Designator: OldDesignator=C17 NewDesignator=C8
Change Component Designator: OldDesignator=C18 NewDesignator=C9
Change Component Designator: OldDesignator=C19 NewDesignator=C10
Change Component Designator: OldDesignator=C20 NewDesignator=C11
Change Component Designator: OldDesignator=C21 NewDesignator=C12
Change Component Designator: OldDesignator=C22 NewDesignator=C13
Change Component Designator: OldDesignator=C23 NewDesignator=C14
Change Component Designator: OldDesignator=C24 NewDesignator=C15
Change Component Designator: OldDesignator=C25 NewDesignator=C16
Change Component Designator: OldDesignator=C26 NewDesignator=C17
Change Component Designator: OldDesignator=C27 NewDesignator=C18
Change Component Designator: OldDesignator=C28 NewDesignator=C19
Change Component Designator: OldDesignator=C29 NewDesignator=C20
Change Component Designator: OldDesignator=C30 NewDesignator=C21
Change Component Designator: OldDesignator=C31 NewDesignator=C22
Change Component Designator: OldDesignator=C32 NewDesignator=C23
Change Component Designator: OldDesignator=C33 NewDesignator=C24
Change Component Designator: OldDesignator=C34 NewDesignator=C25
Change Component Designator: OldDesignator=C35 NewDesignator=C26
Change Component Designator: OldDesignator=C37 NewDesignator=C27
Change Component Designator: OldDesignator=C38 NewDesignator=C28
Change Component Designator: OldDesignator=C? NewDesignator=C29
Change Component Designator: OldDesignator=C? NewDesignator=C30
Change Component Designator: OldDesignator=C? NewDesignator=C31
Change Component Designator: OldDesignator=C? NewDesignator=C32
Change Component Designator: OldDesignator=C? NewDesignator=C33
Change Component Designator: OldDesignator=C? NewDesignator=C34
Change Component Designator: OldDesignator=C? NewDesignator=C35
Change Component Designator: OldDesignator=C? NewDesignator=C36
Change Component Designator: OldDesignator=C? NewDesignator=C37
Change Component Designator: OldDesignator=C? NewDesignator=C38
Change Component Designator: OldDesignator=D1 NewDesignator=D3
Change Component Designator: OldDesignator=D2 NewDesignator=D4
Change Component Designator: OldDesignator=D3 NewDesignator=D5
Change Component Designator: OldDesignator=D4 NewDesignator=D6
Change Component Designator: OldDesignator=D5 NewDesignator=D7
Change Component Designator: OldDesignator=D6 NewDesignator=D8
Change Component Designator: OldDesignator=D7 NewDesignator=D9
Change Component Designator: OldDesignator=D8 NewDesignator=D10
Change Component Designator: OldDesignator=D9 NewDesignator=D11
Change Component Designator: OldDesignator=D10 NewDesignator=D12
Change Component Designator: OldDesignator=D11 NewDesignator=D1
Change Component Designator: OldDesignator=D12 NewDesignator=D2
Change Component Designator: OldDesignator=J2 NewDesignator=J7
Change Component Designator: OldDesignator=J3 NewDesignator=J1
Change Component Designator: OldDesignator=J5 NewDesignator=J2
Change Component Designator: OldDesignator=J6 NewDesignator=J3
Change Component Designator: OldDesignator=J9 NewDesignator=J6
Change Component Designator: OldDesignator=J? NewDesignator=J4
Change Component Designator: OldDesignator=J? NewDesignator=J5
Change Component Designator: OldDesignator=NT1 NewDesignator=NT2
Change Component Designator: OldDesignator=NT2 NewDesignator=NT1
Change Component Designator: OldDesignator=p? NewDesignator=p1
Change Component Designator: OldDesignator=Q3 NewDesignator=Q2
Change Component Designator: OldDesignator=Q4 NewDesignator=Q3
Change Component Designator: OldDesignator=Q6 NewDesignator=Q5
Change Component Designator: OldDesignator=Q7 NewDesignator=Q4
Change Component Designator: OldDesignator=Q8 NewDesignator=Q6
Change Component Designator: OldDesignator=Q9 NewDesignator=Q7
Change Component Designator: OldDesignator=Q10 NewDesignator=Q1
Change Component Designator: OldDesignator=R3 NewDesignator=R34
Change Component Designator: OldDesignator=R4 NewDesignator=R35
Change Component Designator: OldDesignator=R5 NewDesignator=R36
Change Component Designator: OldDesignator=R6 NewDesignator=R37
Change Component Designator: OldDesignator=R7 NewDesignator=R38
Change Component Designator: OldDesignator=R9 NewDesignator=R39
Change Component Designator: OldDesignator=R10 NewDesignator=R40
Change Component Designator: OldDesignator=R11 NewDesignator=R41
Change Component Designator: OldDesignator=R12 NewDesignator=R42
Change Component Designator: OldDesignator=R14 NewDesignator=R43
Change Component Designator: OldDesignator=R15 NewDesignator=R44
Change Component Designator: OldDesignator=R16 NewDesignator=R45
Change Component Designator: OldDesignator=R17 NewDesignator=R46
Change Component Designator: OldDesignator=R18 NewDesignator=R47
Change Component Designator: OldDesignator=R19 NewDesignator=R48
Change Component Designator: OldDesignator=R20 NewDesignator=R49
Change Component Designator: OldDesignator=R21 NewDesignator=R50
Change Component Designator: OldDesignator=R22 NewDesignator=R51
Change Component Designator: OldDesignator=R23 NewDesignator=R52
Change Component Designator: OldDesignator=R26 NewDesignator=R53
Change Component Designator: OldDesignator=R27 NewDesignator=R54
Change Component Designator: OldDesignator=R28 NewDesignator=R55
Change Component Designator: OldDesignator=R29 NewDesignator=R56
Change Component Designator: OldDesignator=R30 NewDesignator=R1
Change Component Designator: OldDesignator=R31 NewDesignator=R2
Change Component Designator: OldDesignator=R32 NewDesignator=R3
Change Component Designator: OldDesignator=R33 NewDesignator=R4
Change Component Designator: OldDesignator=R34 NewDesignator=R5
Change Component Designator: OldDesignator=R36 NewDesignator=R6
Change Component Designator: OldDesignator=R37 NewDesignator=R7
Change Component Designator: OldDesignator=R38 NewDesignator=R8
Change Component Designator: OldDesignator=R40 NewDesignator=R9
Change Component Designator: OldDesignator=R41 NewDesignator=R10
Change Component Designator: OldDesignator=R42 NewDesignator=R11
Change Component Designator: OldDesignator=R43 NewDesignator=R12
Change Component Designator: OldDesignator=R45 NewDesignator=R13
Change Component Designator: OldDesignator=R46 NewDesignator=R14
Change Component Designator: OldDesignator=R47 NewDesignator=R15
Change Component Designator: OldDesignator=R48 NewDesignator=R16
Change Component Designator: OldDesignator=R49 NewDesignator=R17
Change Component Designator: OldDesignator=R50 NewDesignator=R18
Change Component Designator: OldDesignator=R51 NewDesignator=R19
Change Component Designator: OldDesignator=R52 NewDesignator=R20
Change Component Designator: OldDesignator=R53 NewDesignator=R21
Change Component Designator: OldDesignator=R56 NewDesignator=R30
Change Component Designator: OldDesignator=R57 NewDesignator=R31
Change Component Designator: OldDesignator=R58 NewDesignator=R32
Change Component Designator: OldDesignator=R59 NewDesignator=R33
Change Component Designator: OldDesignator=R? NewDesignator=R22
Change Component Designator: OldDesignator=R? NewDesignator=R23
Change Component Designator: OldDesignator=R? NewDesignator=R24
Change Component Designator: OldDesignator=R? NewDesignator=R25
Change Component Designator: OldDesignator=R? NewDesignator=R26
Change Component Designator: OldDesignator=R? NewDesignator=R27
Change Component Designator: OldDesignator=R? NewDesignator=R28
Change Component Designator: OldDesignator=R? NewDesignator=R29
Change Component Designator: OldDesignator=TP2 NewDesignator=TP16
Change Component Designator: OldDesignator=TP3 NewDesignator=TP17
Change Component Designator: OldDesignator=TP4 NewDesignator=TP18
Change Component Designator: OldDesignator=TP5 NewDesignator=TP19
Change Component Designator: OldDesignator=TP6 NewDesignator=TP20
Change Component Designator: OldDesignator=TP7 NewDesignator=TP21
Change Component Designator: OldDesignator=TP8 NewDesignator=TP22
Change Component Designator: OldDesignator=TP9 NewDesignator=TP23
Change Component Designator: OldDesignator=TP10 NewDesignator=TP24
Change Component Designator: OldDesignator=TP11 NewDesignator=TP25
Change Component Designator: OldDesignator=TP12 NewDesignator=TP26
Change Component Designator: OldDesignator=TP13 NewDesignator=TP27
Change Component Designator: OldDesignator=TP14 NewDesignator=TP28
Change Component Designator: OldDesignator=TP15 NewDesignator=TP29
Change Component Designator: OldDesignator=TP16 NewDesignator=TP30
Change Component Designator: OldDesignator=TP17 NewDesignator=TP31
Change Component Designator: OldDesignator=TP19 NewDesignator=TP1
Change Component Designator: OldDesignator=TP20 NewDesignator=TP2
Change Component Designator: OldDesignator=TP21 NewDesignator=TP3
Change Component Designator: OldDesignator=TP22 NewDesignator=TP4
Change Component Designator: OldDesignator=TP23 NewDesignator=TP5
Change Component Designator: OldDesignator=TP24 NewDesignator=TP6
Change Component Designator: OldDesignator=TP25 NewDesignator=TP7
Change Component Designator: OldDesignator=TP27 NewDesignator=TP8
Change Component Designator: OldDesignator=TP28 NewDesignator=TP9
Change Component Designator: OldDesignator=TP31 NewDesignator=TP10
Change Component Designator: OldDesignator=TP32 NewDesignator=TP11
Change Component Designator: OldDesignator=TP33 NewDesignator=TP12
Change Component Designator: OldDesignator=TP34 NewDesignator=TP13
Change Component Designator: OldDesignator=TP35 NewDesignator=TP14
Change Component Designator: OldDesignator=TP36 NewDesignator=TP15
Change Net Name : Old Net Name=NetC5_1 New Net Name=NetC39_1
Change Net Name : Old Net Name=NetC7_2 New Net Name=NetC41_2
Change Net Name : Old Net Name=NetC9_2 New Net Name=NetC43_2
Change Net Name : Old Net Name=NetC10_1 New Net Name=NetC1_1
Change Net Name : Old Net Name=NetC12_2 New Net Name=NetC3_2
Change Net Name : Old Net Name=NetC19_1 New Net Name=NetC10_1
Change Net Name : Old Net Name=NetC35_2 New Net Name=NetC26_2
Change Net Name : Old Net Name=NetC?_1 New Net Name=NetC37_1
Change Net Name : Old Net Name=NetD1_1 New Net Name=NetD3_1
Change Net Name : Old Net Name=NetD1_2 New Net Name=NetD3_2
Change Net Name : Old Net Name=NetD2_1 New Net Name=NetD4_1
Change Net Name : Old Net Name=NetD3_1 New Net Name=NetD5_1
Change Net Name : Old Net Name=NetD4_1 New Net Name=NetD6_1
Change Net Name : Old Net Name=NetD5_1 New Net Name=NetD7_1
Change Net Name : Old Net Name=NetD7_2 New Net Name=NetD9_2
Change Net Name : Old Net Name=NetD11_1 New Net Name=NetD1_1
Change Net Name : Old Net Name=NetD11_2 New Net Name=NetD1_2
Change Net Name : Old Net Name=NetD12_1 New Net Name=NetD2_1
Change Net Name : Old Net Name=NetJ3_2 New Net Name=NetJ1_2
Change Net Name : Old Net Name=NetJ3_3 New Net Name=NetJ1_3
Change Net Name : Old Net Name=NetJ3_4 New Net Name=NetJ1_4
Change Net Name : Old Net Name=NetJ3_5 New Net Name=NetJ1_5
Change Net Name : Old Net Name=NetJ3_6 New Net Name=NetJ1_6
Change Net Name : Old Net Name=NetJ5_1 New Net Name=NetJ2_1
Change Net Name : Old Net Name=NetJ5_2 New Net Name=NetJ2_2
Change Net Name : Old Net Name=NetJ5_3 New Net Name=NetJ2_3
Change Net Name : Old Net Name=NetJ5_4 New Net Name=NetJ2_4
Change Net Name : Old Net Name=NetJ5_5 New Net Name=NetJ2_5
Change Net Name : Old Net Name=NetJ6_1 New Net Name=NetJ3_1
Change Net Name : Old Net Name=NetJ6_2 New Net Name=NetJ3_2
Change Net Name : Old Net Name=NetJ6_3 New Net Name=NetJ3_3
Change Net Name : Old Net Name=NetJ6_4 New Net Name=NetJ3_4
Change Net Name : Old Net Name=NetJ6_5 New Net Name=NetJ3_5
Change Net Name : Old Net Name=NetJ9_3 New Net Name=NetJ6_3
Change Net Name : Old Net Name=NetQ3_1 New Net Name=NetQ2_1
Change Net Name : Old Net Name=NetQ3_3 New Net Name=NetQ2_3
Change Net Name : Old Net Name=NetQ4_1 New Net Name=NetQ3_1
Change Net Name : Old Net Name=NetQ4_3 New Net Name=NetQ3_3
Change Net Name : Old Net Name=NetQ6_4 New Net Name=NetQ5_4
Change Net Name : Old Net Name=NetR7_1 New Net Name=NetR38_1
Change Net Name : Old Net Name=NetR20_2 New Net Name=NetR49_2
Change Net Name : Old Net Name=NetR26_1 New Net Name=NetR53_1
Change Net Name : Old Net Name=NetR28_1 New Net Name=NetR55_1
Change Net Name : Old Net Name=NetR34_1 New Net Name=NetR5_1
Added Pin To Net: NetName=NetC38_1 Pin=C38-1
Added Pin To Net: NetName=NetC38_1 Pin=J5-1
Added Pin To Net: NetName=NetC38_1 Pin=p1-3
Added Net: Name=NetC38_1
Added Member To Class: ClassName=BMS029B_Monitor Member=Component C29 C1608X7R1H224K080AB
Added Member To Class: ClassName=BMS029B_Monitor Member=Component C30 C1608X7R1H224K080AB
Added Member To Class: ClassName=BMS029B_Monitor Member=Component C31 C1608X7R1H224K080AB
Added Member To Class: ClassName=BMS029B_Monitor Member=Component C32 C1608X7R1H224K080AB
Added Member To Class: ClassName=BMS029B_Monitor Member=Component C33 C1608X7R1H224K080AB
Added Member To Class: ClassName=BMS029B_Monitor Member=Component C35 C1608X7R1H224K080AB
Added Member To Class: ClassName=BMS029B_Monitor Member=Component C36 C1608X7R1H224K080AB
Added Member To Class: ClassName=BMS029B_Monitor Member=Component C37 C1608X7R1H224K080AB
Added Member To Class: ClassName=BMS029B_Monitor Member=Component C38 C1608X7R1H224K080AB
Added Member To Class: ClassName=BMS029B_Monitor Member=Component J4 Jumper
Added Member To Class: ClassName=BMS029B_Monitor Member=Component R22 Resistor
Added Member To Class: ClassName=BMS029B_Monitor Member=Component R24 Resistor
Added Member To Class: ClassName=BMS029B_Monitor Member=Component R25 Resistor
Added Member To Class: ClassName=BMS029B_Monitor Member=Component R26 Resistor
Added Member To Class: ClassName=BMS029B_Monitor Member=Component R27 Resistor
Added Member To Class: ClassName=BMS029B_Monitor Member=Component R28 Resistor
Added Member To Class: ClassName=BMS029B_Monitor Member=Component R29 Resistor
