Change Component Footprint: Designator=R1 Old Footprint=0603S New Footprint=0603S
Change Component Footprint: Designator=R15 Old Footprint=0603S New Footprint=0603S
Change Component Footprint: Designator=R20 Old Footprint=0603S New Footprint=0603S
Change Component Footprint: Designator=R25 Old Footprint=0603S New Footprint=0603S
Change Component Footprint: Designator=R26 Old Footprint=0603S New Footprint=0603S
Change Component Footprint: Designator=R27 Old Footprint=0603S New Footprint=0603S
Change Component Footprint: Designator=R28 Old Footprint=0603S New Footprint=0603S
Change Component Footprint: Designator=R29 Old Footprint=0603S New Footprint=0603S
Change Component Footprint: Designator=R35 Old Footprint=0603S New Footprint=0603S
Change Component Footprint: Designator=R42 Old Footprint=0603S New Footprint=0603S
Change Component Footprint: Designator=R43 Old Footprint=0603S New Footprint=0603S
Change Component Footprint: Designator=R50 Old Footprint=0603S New Footprint=0603S
Change Component Footprint: Designator=R51 Old Footprint=0603S New Footprint=0603S
Change Component Footprint: Designator=R52 Old Footprint=0603S New Footprint=0603S
Change Component Footprint: Designator=R55 Old Footprint=0603S New Footprint=0603S
Change Component Footprint: Designator=R56 Old Footprint=0603S New Footprint=0603S
Change Component Footprint: Designator=R57 Old Footprint=0603S New Footprint=0603S
Change Component Footprint: Designator=R59 Old Footprint=0603S New Footprint=0603S
Change Component Footprint: Designator=R61 Old Footprint=0603S New Footprint=0603S
Change Component Footprint: Designator=R62 Old Footprint=0603S New Footprint=0603S
Change Component Footprint: Designator=R63 Old Footprint=0603S New Footprint=0603S
Change Component Footprint: Designator=R65 Old Footprint=0603S New Footprint=0603S
Change Component Footprint: Designator=R66 Old Footprint=0603S New Footprint=0603S
Change Component Footprint: Designator=R2 Old Footprint=1206 New Footprint=1206
Change Component Footprint: Designator=R3 Old Footprint=1206 New Footprint=1206
Change Component Footprint: Designator=R4 Old Footprint=1206 New Footprint=1206
Change Component Footprint: Designator=R7 Old Footprint=1206 New Footprint=1206
Change Component Footprint: Designator=R8 Old Footprint=1206 New Footprint=1206
Change Component Footprint: Designator=R11 Old Footprint=1206 New Footprint=1206
Change Component Footprint: Designator=R12 Old Footprint=1206 New Footprint=1206
Change Component Footprint: Designator=R13 Old Footprint=1206 New Footprint=1206
Change Component Footprint: Designator=R14 Old Footprint=1206 New Footprint=1206
Change Component Footprint: Designator=R16 Old Footprint=1206 New Footprint=1206
Change Component Footprint: Designator=R17 Old Footprint=1206 New Footprint=1206
Change Component Footprint: Designator=R18 Old Footprint=1206 New Footprint=1206
Change Component Footprint: Designator=R19 Old Footprint=1206 New Footprint=1206
Change Component Footprint: Designator=R21 Old Footprint=1206 New Footprint=1206
Change Component Footprint: Designator=R22 Old Footprint=1206 New Footprint=1206
Change Component Footprint: Designator=R23 Old Footprint=1206 New Footprint=1206
Change Component Footprint: Designator=R24 Old Footprint=1206 New Footprint=1206
Change Component Footprint: Designator=R45 Old Footprint=1206 New Footprint=1206
Change Component Footprint: Designator=R48 Old Footprint=1206 New Footprint=1206
Change Component Footprint: Designator=R64 Old Footprint=1206 New Footprint=1206
Change Component Footprint: Designator=R68 Old Footprint=1206 New Footprint=1206
Change Component Footprint: Designator=R70 Old Footprint=1206 New Footprint=1206
Change Component Footprint: Designator=R71 Old Footprint=1206 New Footprint=1206
Change Component Footprint: Designator=R73 Old Footprint=1206 New Footprint=1206
Change Component Footprint: Designator=R74 Old Footprint=1206 New Footprint=1206
Change Component Footprint: Designator=R76 Old Footprint=1206 New Footprint=1206
Change Component Footprint: Designator=R77 Old Footprint=1206 New Footprint=1206
Change Component Footprint: Designator=C1 Old Footprint=1206_180 New Footprint=1206_180
Change Component Footprint: Designator=C71 Old Footprint=1206_180 New Footprint=1206_180
Change Component Footprint: Designator=R30 Old Footprint=1210M New Footprint=1210M
Change Component Footprint: Designator=J3 Old Footprint=FP-OSTTE050161_HDR5-MFG New Footprint=FP-OSTTE050161_HDR5-MFG
Change Component Footprint: Designator=J1 Old Footprint=FP-OSTTE060161_HDR6-MFG New Footprint=FP-OSTTE060161_HDR6-MFG
Change Component Footprint: Designator=J4 Old Footprint=FP-OSTTE060161_HDR6-MFG New Footprint=FP-OSTTE060161_HDR6-MFG
Change Component Footprint: Designator=F1 Old Footprint=FUSE_SFK-xx30x New Footprint=FUSE_SFK-xx30x
Change Component Footprint: Designator=NT1 Old Footprint=Net-Tie_50milWide_30milLong New Footprint=Net-Tie_50milWide_30milLong
Change Component Footprint: Designator=NT2 Old Footprint=Net-Tie_50milWide_30milLong New Footprint=Net-Tie_50milWide_30milLong
Change Component Footprint: Designator=U1 Old Footprint=PFB0048A_N New Footprint=PFB0048A_N
Change Component Footprint: Designator=Q12 Old Footprint=PG-TDSON-8 New Footprint=PG-TDSON-8
Change Component Footprint: Designator=Q3 Old Footprint=PG-TSDSON-8 New Footprint=PG-TSDSON-8
Change Component Footprint: Designator=Q7 Old Footprint=PG-TSDSON-8 New Footprint=PG-TSDSON-8
Change Component Footprint: Designator=Q8 Old Footprint=PG-TSDSON-8 New Footprint=PG-TSDSON-8
Change Component Footprint: Designator=Q9 Old Footprint=PG-TSDSON-8 New Footprint=PG-TSDSON-8
Change Component Footprint: Designator=D1 Old Footprint=SOD-123 New Footprint=SOD-123
Change Component Footprint: Designator=D2 Old Footprint=SOD-123 New Footprint=SOD-123
Change Component Footprint: Designator=D4 Old Footprint=SOD-123 New Footprint=SOD-123
Change Component Footprint: Designator=D5 Old Footprint=SOD-123 New Footprint=SOD-123
Change Component Footprint: Designator=D6 Old Footprint=SOD-123 New Footprint=SOD-123
Change Component Footprint: Designator=D8 Old Footprint=SOD-123 New Footprint=SOD-123
Change Component Footprint: Designator=D9 Old Footprint=SOD-123 New Footprint=SOD-123
Change Component Footprint: Designator=D10 Old Footprint=SOD-123 New Footprint=SOD-123
Change Component Footprint: Designator=D11 Old Footprint=SOD-123 New Footprint=SOD-123
Change Component Footprint: Designator=D12 Old Footprint=SOD-123 New Footprint=SOD-123
Change Component Footprint: Designator=Q1 Old Footprint=SOT-89-3 New Footprint=SOT-89-3
Change Component Footprint: Designator=J5 Old Footprint=Sullins_PEC06SAAN New Footprint=Sullins_PEC06SAAN
Change Component Footprint: Designator=S1 Old Footprint=SW_KST221JLFS New Footprint=SW_KST221JLFS
Change Component Footprint: Designator=S2 Old Footprint=SW_KST221JLFS New Footprint=SW_KST221JLFS
Change Component Footprint: Designator=RT1 Old Footprint=THERMISTOR_103AT-2 New Footprint=THERMISTOR_103AT-2
Change Component Footprint: Designator=RT2 Old Footprint=THERMISTOR_103AT-2 New Footprint=THERMISTOR_103AT-2
Change Component Footprint: Designator=TP2 Old Footprint=TP_VIA_060RND040 New Footprint=TP_VIA_060RND040
Change Component Footprint: Designator=TP3 Old Footprint=TP_VIA_060RND040 New Footprint=TP_VIA_060RND040
Change Component Footprint: Designator=TP4 Old Footprint=TP_VIA_060RND040 New Footprint=TP_VIA_060RND040
Change Component Footprint: Designator=TP5 Old Footprint=TP_VIA_060RND040 New Footprint=TP_VIA_060RND040
Change Component Footprint: Designator=TP6 Old Footprint=TP_VIA_060RND040 New Footprint=TP_VIA_060RND040
Change Component Footprint: Designator=TP7 Old Footprint=TP_VIA_060RND040 New Footprint=TP_VIA_060RND040
Change Component Footprint: Designator=TP8 Old Footprint=TP_VIA_060RND040 New Footprint=TP_VIA_060RND040
Change Component Footprint: Designator=TP10 Old Footprint=TP_VIA_060RND040 New Footprint=TP_VIA_060RND040
Change Component Footprint: Designator=TP11 Old Footprint=TP_VIA_060RND040 New Footprint=TP_VIA_060RND040
Change Component Footprint: Designator=TP12 Old Footprint=TP_VIA_060RND040 New Footprint=TP_VIA_060RND040
Change Component Footprint: Designator=TP13 Old Footprint=TP_VIA_060RND040 New Footprint=TP_VIA_060RND040
Change Component Footprint: Designator=TP18 Old Footprint=TP_VIA_060RND040 New Footprint=TP_VIA_060RND040
Change Component Footprint: Designator=TP19 Old Footprint=TP_VIA_060RND040 New Footprint=TP_VIA_060RND040
Change Component Footprint: Designator=TP20 Old Footprint=TP_VIA_060RND040 New Footprint=TP_VIA_060RND040
Change Component Footprint: Designator=TP21 Old Footprint=TP_VIA_060RND040 New Footprint=TP_VIA_060RND040
Change Component Footprint: Designator=TP22 Old Footprint=TP_VIA_060RND040 New Footprint=TP_VIA_060RND040
Change Component Footprint: Designator=TP23 Old Footprint=TP_VIA_060RND040 New Footprint=TP_VIA_060RND040
Change Component Footprint: Designator=TP24 Old Footprint=TP_VIA_060RND040 New Footprint=TP_VIA_060RND040
Change Component Footprint: Designator=TP25 Old Footprint=TP_VIA_060RND040 New Footprint=TP_VIA_060RND040
Change Component Footprint: Designator=TP26 Old Footprint=TP_VIA_060RND040 New Footprint=TP_VIA_060RND040
Change Component Footprint: Designator=TP27 Old Footprint=TP_VIA_060RND040 New Footprint=TP_VIA_060RND040
Change Component Footprint: Designator=TP28 Old Footprint=TP_VIA_060RND040 New Footprint=TP_VIA_060RND040
Change Component Footprint: Designator=TP29 Old Footprint=TP_VIA_060RND040 New Footprint=TP_VIA_060RND040
Change Component Footprint: Designator=TP30 Old Footprint=TP_VIA_060RND040 New Footprint=TP_VIA_060RND040
Change Component Footprint: Designator=TP31 Old Footprint=TP_VIA_060RND040 New Footprint=TP_VIA_060RND040
Change Component Footprint: Designator=TP32 Old Footprint=TP_VIA_060RND040 New Footprint=TP_VIA_060RND040
Change Component Footprint: Designator=TP33 Old Footprint=TP_VIA_060RND040 New Footprint=TP_VIA_060RND040
Change Component Footprint: Designator=TP34 Old Footprint=TP_VIA_060RND040 New Footprint=TP_VIA_060RND040
Change Component Footprint: Designator=TP35 Old Footprint=TP_VIA_060RND040 New Footprint=TP_VIA_060RND040
Change Component Footprint: Designator=TP36 Old Footprint=TP_VIA_060RND040 New Footprint=TP_VIA_060RND040
