Removed Pin From Net: NetName=BREG Pin=TP3-1
Removed Pin From Net: NetName=REGIN Pin=TP4-1
Removed Pin From Net: NetName=REG1 Pin=TP5-1
Removed Pin From Net: NetName=PACK+ Pin=TP17-1
Removed Pin From Net: NetName=CD Pin=TP18-1
Removed Pin From Net: NetName=NetF1_2 Pin=TP19-1
Removed Pin From Net: NetName=NetD5_1 Pin=TP23-1
Removed Pin From Net: NetName=NetC43_2 Pin=TP24-1
Removed Pin From Net: NetName=PACK Pin=TP28-1
Removed Pin From Net: NetName=LD Pin=TP29-1
Removed Pin From Net: NetName=DSG Pin=TP30-1
Removed Pin From Net: NetName=PGND Pin=TP31-1
Removed Member From Class: ClassName=BMS029B_Monitor Member=TP3
Removed Member From Class: ClassName=BMS029B_Monitor Member=TP4
Removed Member From Class: ClassName=BMS029B_Monitor Member=TP5
Removed Member From Class: ClassName=BMS029B_FETs Member=TP17
Removed Member From Class: ClassName=BMS029B_FETs Member=TP18
Removed Member From Class: ClassName=BMS029B_FETs Member=TP19
Removed Member From Class: ClassName=BMS029B_FETs Member=TP23
Removed Member From Class: ClassName=BMS029B_FETs Member=TP24
Removed Member From Class: ClassName=BMS029B_FETs Member=TP28
Removed Member From Class: ClassName=BMS029B_FETs Member=TP29
Removed Member From Class: ClassName=BMS029B_FETs Member=TP30
Removed Member From Class: ClassName=BMS029B_FETs Member=TP31
