Removed Pin From Net: NetName=FBAT Pin=Q4-1
Removed Pin From Net: NetName=FBAT Pin=Q4-2
Removed Pin From Net: NetName=NetD4_1 Pin=Q4-4
Removed Pin From Net: NetName=CD Pin=Q4-5
Removed Pin From Net: NetName=CD Pin=Q4-6
Removed Pin From Net: NetName=CD Pin=Q4-7
Removed Pin From Net: NetName=CD Pin=Q4-8
Removed Pin From Net: NetName=CD Pin=Q4-9
Removed Pin From Net: NetName=PACK+ Pin=Q5-1
Removed Pin From Net: NetName=PACK+ Pin=Q5-2
Removed Pin From Net: NetName=CD Pin=Q5-5
Removed Pin From Net: NetName=CD Pin=Q5-6
Removed Pin From Net: NetName=CD Pin=Q5-7
Removed Pin From Net: NetName=CD Pin=Q5-8
Removed Pin From Net: NetName=CD Pin=Q5-9
Change Component Footprint: Designator=Q4 Old Footprint=PG-TSDSON-8 New Footprint=MOSFET N-CH TO247 90 derece
Change Component Footprint: Designator=Q5 Old Footprint=PG-TSDSON-8 New Footprint=MOSFET N-CH TO247 90 derece
Change Component Comment : Designator=Q4 Old Comment=BSZ900N15NS3 G New Comment=100V, 130A
Change Component Comment : Designator=Q5 Old Comment=BSZ900N15NS3 G New Comment=100V, 130A
Change component parameters: Designator = "Q4" ("Q4"); Footprint = "PG-TSDSON-8"; UniqueID = "\GGIWROWQ" ("\GGIWROWQ")
Change component parameters (AddParameter): Name = "Component Type"; Value = "Transistor"; VariantName = "[No Variations]"
Change component parameters (AddParameter): Name = "Stock Code"; Value = ""; VariantName = "[No Variations]"
Change component parameters (AddParameter): Name = "Stock Description"; Value = ""; VariantName = "[No Variations]"
Change component parameters (AddParameter): Name = "Supplier"; Value = ""; VariantName = "[No Variations]"
Change component parameters: Designator = "Q5" ("Q5"); Footprint = "PG-TSDSON-8"; UniqueID = "\CPKOPUPS" ("\CPKOPUPS")
Change component parameters (AddParameter): Name = "Component Type"; Value = "Transistor"; VariantName = "[No Variations]"
Change component parameters (AddParameter): Name = "Stock Code"; Value = ""; VariantName = "[No Variations]"
Change component parameters (AddParameter): Name = "Stock Description"; Value = ""; VariantName = "[No Variations]"
Change component parameters (AddParameter): Name = "Supplier"; Value = ""; VariantName = "[No Variations]"
Added Pin To Net: NetName=NetD4_1 Pin=Q4-1
Added Pin To Net: NetName=CD Pin=Q4-2
Added Pin To Net: NetName=CD Pin=Q5-2
Added Pin To Net: NetName=NetQ5_1 Pin=Q5-1
Added Pin To Net: NetName=NetQ5_1 Pin=R43-2
Added Net: Name=NetQ5_1
