Change Component DesignItemId : Designator=R40 Old DesignItemId=Resistor_0603 New DesignItemId=Resistor_0805
Change Component DesignItemId : Designator=R41 Old DesignItemId=Resistor_0603 New DesignItemId=Resistor_0805
Change Component DesignItemId : Designator=R43 Old DesignItemId=Resistor_0603 New DesignItemId=Resistor_0805
Change Component DesignItemId : Designator=R44 Old DesignItemId=Resistor_0603 New DesignItemId=Resistor_0805
Change Component DesignItemId : Designator=R47 Old DesignItemId=Resistor_0603 New DesignItemId=Resistor_0805
Change Component DesignItemId : Designator=R48 Old DesignItemId=Resistor_0603 New DesignItemId=Resistor_0805
Change Component DesignItemId : Designator=R49 Old DesignItemId=Resistor_0603 New DesignItemId=Resistor_0805
Change Component DesignItemId : Designator=R51 Old DesignItemId=Resistor_0603 New DesignItemId=Resistor_0805
Change Component Footprint: Designator=R40 Old Footprint=0603S New Footprint=SMD 0805 res
Change Component Footprint: Designator=R41 Old Footprint=0603S New Footprint=SMD 0805 res
Change Component Footprint: Designator=R43 Old Footprint=0603S New Footprint=SMD 0805 res
Change Component Footprint: Designator=R44 Old Footprint=0603S New Footprint=SMD 0805 res
Change Component Footprint: Designator=R47 Old Footprint=0603S New Footprint=SMD 0805 res
Change Component Footprint: Designator=R48 Old Footprint=0603S New Footprint=SMD 0805 res
Change Component Footprint: Designator=R49 Old Footprint=0603S New Footprint=SMD 0805 res
Change Component Footprint: Designator=R51 Old Footprint=0603S New Footprint=SMD 0805 res
Change Component Comment : Designator=R43 Old Comment=5.1K New Comment=0805_res
Change Component Comment : Designator=R47 Old Comment=5.1k New Comment=0805_res
Change Component Comment : Designator=R48 Old Comment=5.1K New Comment=0805_res
Change Component Comment : Designator=R51 Old Comment=5.1K New Comment=0805_res
Change Component Comment : Designator=R44 Old Comment=10K New Comment=0805_res
Change Component Comment : Designator=R49 Old Comment=10K New Comment=0805_res
Change Component Comment : Designator=R40 Old Comment=10M New Comment=0805_res
Change Component Comment : Designator=R35 Old Comment=CRCW120620R0FKEA New Comment=4k7
Change Component Comment : Designator=R41 Old Comment=Resistor_0603 New Comment=0805_res
Change Component Description : Designator=R40 Old Description=RES, 100, 5%, 0.1 W, AEC-Q200 Grade 0, 0603 New Description=0.25 W, AEC-Q200 Grade 0, 0805
Change Component Description : Designator=R41 Old Description=RES, 100, 5%, 0.1 W, AEC-Q200 Grade 0, 0603 New Description=0.25 W, AEC-Q200 Grade 0, 0805
Change Component Description : Designator=R43 Old Description=RES, 100, 5%, 0.1 W, AEC-Q200 Grade 0, 0603 New Description=0.25 W, AEC-Q200 Grade 0, 0805
Change Component Description : Designator=R44 Old Description=RES, 100, 5%, 0.1 W, AEC-Q200 Grade 0, 0603 New Description=0.25 W, AEC-Q200 Grade 0, 0805
Change Component Description : Designator=R47 Old Description=RES, 100, 5%, 0.1 W, AEC-Q200 Grade 0, 0603 New Description=0.25 W, AEC-Q200 Grade 0, 0805
Change Component Description : Designator=R48 Old Description=RES, 100, 5%, 0.1 W, AEC-Q200 Grade 0, 0603 New Description=0.25 W, AEC-Q200 Grade 0, 0805
Change Component Description : Designator=R49 Old Description=RES, 100, 5%, 0.1 W, AEC-Q200 Grade 0, 0603 New Description=0.25 W, AEC-Q200 Grade 0, 0805
Change Component Description : Designator=R51 Old Description=RES, 100, 5%, 0.1 W, AEC-Q200 Grade 0, 0603 New Description=0.25 W, AEC-Q200 Grade 0, 0805
Change component parameters: Designator = "R40" ("R40"); Footprint = "0603S"; UniqueID = "\KXMGTXBJ" ("\KXMGTXBJ")
Change component parameters (AddParameter): Name = "AEC Category"; Value = "Q200"; VariantName = "[No Variations]"
Change component parameters (AddParameter): Name = "AEC Grade"; Value = "0"; VariantName = "[No Variations]"
Change component parameters (AddParameter): Name = "AEC Qualified"; Value = "Y"; VariantName = "[No Variations]"
Change component parameters (AddParameter): Name = "Alternate Manufacturer"; Value = ""; VariantName = "[No Variations]"
Change component parameters (AddParameter): Name = "Alternate PartNumber"; Value = ""; VariantName = "[No Variations]"
Change component parameters (AddParameter): Name = "ComponentLink1Description"; Value = "Datasheet link"; VariantName = "[No Variations]"
Change component parameters (AddParameter): Name = "ComponentLink1URL"; Value = "http://www.vishay.com/docs/20035/dcrcwe3.pdf"; VariantName = "[No Variations]"
Change component parameters (AddParameter): Name = "CompType"; Value = "Resistor"; VariantName = "[No Variations]"
Change component parameters (AddParameter): Name = "EIA_Code"; Value = "E96"; VariantName = "[No Variations]"
Change component parameters (AddParameter): Name = "Green_EU RoHS"; Value = ""; VariantName = "[No Variations]"
Change component parameters (AddParameter): Name = "Green_EU RoHS-2"; Value = ""; VariantName = "[No Variations]"
Change component parameters (AddParameter): Name = "Green_Lifecycle"; Value = ""; VariantName = "[No Variations]"
Change component parameters (AddParameter): Name = "Green_REACh"; Value = ""; VariantName = "[No Variations]"
Change component parameters (AddParameter): Name = "Manufacturer"; Value = "Vishay-Dale"; VariantName = "[No Variations]"
Change component parameters (AddParameter): Name = "MountType"; Value = "SMT"; VariantName = "[No Variations]"
Change component parameters (AddParameter): Name = "PackageReference"; Value = "1206"; VariantName = "[No Variations]"
Change component parameters (AddParameter): Name = "PartNumber"; Value = "CRCW120620R0FKEA"; VariantName = "[No Variations]"
Change component parameters (AddParameter): Name = "Power_W"; Value = "250mW"; VariantName = "[No Variations]"
Change component parameters (AddParameter): Name = "Res_ohm"; Value = "20"; VariantName = "[No Variations]"
Change component parameters (AddParameter): Name = "RoHS"; Value = "E"; VariantName = "[No Variations]"
Change component parameters (AddParameter): Name = "SizeArea_mm2"; Value = "5.12"; VariantName = "[No Variations]"
Change component parameters (AddParameter): Name = "SizeX_mm"; Value = "3.2"; VariantName = "[No Variations]"
Change component parameters (AddParameter): Name = "SizeY_mm"; Value = "1.6"; VariantName = "[No Variations]"
Change component parameters (AddParameter): Name = "SizeZ_mm"; Value = "1.35"; VariantName = "[No Variations]"
Change component parameters (AddParameter): Name = "Supplier 1"; Value = "Digi-Key"; VariantName = "[No Variations]"
Change component parameters (AddParameter): Name = "Supplier 2"; Value = "Newark"; VariantName = "[No Variations]"
Change component parameters (AddParameter): Name = "Supplier 3"; Value = "Mouser"; VariantName = "[No Variations]"
Change component parameters (AddParameter): Name = "Supplier Part Number 1"; Value = "541-20.0FCT-ND"; VariantName = "[No Variations]"
Change component parameters (AddParameter): Name = "Supplier Part Number 2"; Value = "42K4894"; VariantName = "[No Variations]"
Change component parameters (AddParameter): Name = "Supplier Part Number 3"; Value = "71-CRCW1206-20-E3"; VariantName = "[No Variations]"
Change component parameters (AddParameter): Name = "Technology"; Value = "Thick Film"; VariantName = "[No Variations]"
Change component parameters (AddParameter): Name = "TempCo"; Value = "100 ppm/C"; VariantName = "[No Variations]"
Change component parameters (AddParameter): Name = "Tolerance_%"; Value = "1%"; VariantName = "[No Variations]"
Change component parameters (AddParameter): Name = "Value"; Value = "20.0"; VariantName = "[No Variations]"
Change component parameters (AddParameter): Name = "Value1"; Value = "1%"; VariantName = "[No Variations]"
Change component parameters (AddParameter): Name = "Value2"; Value = "0.25W"; VariantName = "[No Variations]"
Change component parameters (AddParameter): Name = "Value_Code"; Value = "20R0"; VariantName = "[No Variations]"
Change component parameters (AddParameter): Name = "ValueDisplayed"; Value = ""; VariantName = "[No Variations]"
Change component parameters (AddParameter): Name = "VDC_V"; Value = "200V"; VariantName = "[No Variations]"
Change component parameters: Designator = "R41" ("R41"); Footprint = "0603S"; UniqueID = "\RDIDOPOP" ("\RDIDOPOP")
Change component parameters (AddParameter): Name = "AEC Category"; Value = "Q200"; VariantName = "[No Variations]"
Change component parameters (AddParameter): Name = "AEC Grade"; Value = "0"; VariantName = "[No Variations]"
Change component parameters (AddParameter): Name = "AEC Qualified"; Value = "Y"; VariantName = "[No Variations]"
Change component parameters (AddParameter): Name = "Alternate Manufacturer"; Value = ""; VariantName = "[No Variations]"
Change component parameters (AddParameter): Name = "Alternate PartNumber"; Value = ""; VariantName = "[No Variations]"
Change component parameters (AddParameter): Name = "ComponentLink1Description"; Value = "Datasheet link"; VariantName = "[No Variations]"
Change component parameters (AddParameter): Name = "ComponentLink1URL"; Value = "http://www.vishay.com/docs/20035/dcrcwe3.pdf"; VariantName = "[No Variations]"
Change component parameters (AddParameter): Name = "CompType"; Value = "Resistor"; VariantName = "[No Variations]"
Change component parameters (AddParameter): Name = "EIA_Code"; Value = "E96"; VariantName = "[No Variations]"
Change component parameters (AddParameter): Name = "Green_EU RoHS"; Value = ""; VariantName = "[No Variations]"
Change component parameters (AddParameter): Name = "Green_EU RoHS-2"; Value = ""; VariantName = "[No Variations]"
Change component parameters (AddParameter): Name = "Green_Lifecycle"; Value = ""; VariantName = "[No Variations]"
Change component parameters (AddParameter): Name = "Green_REACh"; Value = ""; VariantName = "[No Variations]"
Change component parameters (AddParameter): Name = "Manufacturer"; Value = "Vishay-Dale"; VariantName = "[No Variations]"
Change component parameters (AddParameter): Name = "MountType"; Value = "SMT"; VariantName = "[No Variations]"
Change component parameters (AddParameter): Name = "PackageReference"; Value = "1206"; VariantName = "[No Variations]"
Change component parameters (AddParameter): Name = "PartNumber"; Value = "CRCW120620R0FKEA"; VariantName = "[No Variations]"
Change component parameters (AddParameter): Name = "Power_W"; Value = "250mW"; VariantName = "[No Variations]"
Change component parameters (AddParameter): Name = "Res_ohm"; Value = "20"; VariantName = "[No Variations]"
Change component parameters (AddParameter): Name = "RoHS"; Value = "E"; VariantName = "[No Variations]"
Change component parameters (AddParameter): Name = "SizeArea_mm2"; Value = "5.12"; VariantName = "[No Variations]"
Change component parameters (AddParameter): Name = "SizeX_mm"; Value = "3.2"; VariantName = "[No Variations]"
Change component parameters (AddParameter): Name = "SizeY_mm"; Value = "1.6"; VariantName = "[No Variations]"
Change component parameters (AddParameter): Name = "SizeZ_mm"; Value = "1.35"; VariantName = "[No Variations]"
Change component parameters (AddParameter): Name = "Supplier 1"; Value = "Digi-Key"; VariantName = "[No Variations]"
Change component parameters (AddParameter): Name = "Supplier 2"; Value = "Newark"; VariantName = "[No Variations]"
Change component parameters (AddParameter): Name = "Supplier 3"; Value = "Mouser"; VariantName = "[No Variations]"
Change component parameters (AddParameter): Name = "Supplier Part Number 1"; Value = "541-20.0FCT-ND"; VariantName = "[No Variations]"
Change component parameters (AddParameter): Name = "Supplier Part Number 2"; Value = "42K4894"; VariantName = "[No Variations]"
Change component parameters (AddParameter): Name = "Supplier Part Number 3"; Value = "71-CRCW1206-20-E3"; VariantName = "[No Variations]"
Change component parameters (AddParameter): Name = "Technology"; Value = "Thick Film"; VariantName = "[No Variations]"
Change component parameters (AddParameter): Name = "TempCo"; Value = "100 ppm/C"; VariantName = "[No Variations]"
Change component parameters (AddParameter): Name = "Tolerance_%"; Value = "1%"; VariantName = "[No Variations]"
Change component parameters (AddParameter): Name = "Value"; Value = "20.0"; VariantName = "[No Variations]"
Change component parameters (AddParameter): Name = "Value1"; Value = "1%"; VariantName = "[No Variations]"
Change component parameters (AddParameter): Name = "Value2"; Value = "0.25W"; VariantName = "[No Variations]"
Change component parameters (AddParameter): Name = "Value_Code"; Value = "20R0"; VariantName = "[No Variations]"
Change component parameters (AddParameter): Name = "ValueDisplayed"; Value = ""; VariantName = "[No Variations]"
Change component parameters (AddParameter): Name = "VDC_V"; Value = "200V"; VariantName = "[No Variations]"
Change component parameters: Designator = "R43" ("R43"); Footprint = "0603S"; UniqueID = "\UZZNPVGO" ("\UZZNPVGO")
Change component parameters (AddParameter): Name = "AEC Category"; Value = "Q200"; VariantName = "[No Variations]"
Change component parameters (AddParameter): Name = "AEC Grade"; Value = "0"; VariantName = "[No Variations]"
Change component parameters (AddParameter): Name = "AEC Qualified"; Value = "Y"; VariantName = "[No Variations]"
Change component parameters (AddParameter): Name = "Alternate Manufacturer"; Value = ""; VariantName = "[No Variations]"
Change component parameters (AddParameter): Name = "Alternate PartNumber"; Value = ""; VariantName = "[No Variations]"
Change component parameters (AddParameter): Name = "ComponentLink1Description"; Value = "Datasheet link"; VariantName = "[No Variations]"
Change component parameters (AddParameter): Name = "ComponentLink1URL"; Value = "http://www.vishay.com/docs/20035/dcrcwe3.pdf"; VariantName = "[No Variations]"
Change component parameters (AddParameter): Name = "CompType"; Value = "Resistor"; VariantName = "[No Variations]"
Change component parameters (AddParameter): Name = "EIA_Code"; Value = "E96"; VariantName = "[No Variations]"
Change component parameters (AddParameter): Name = "Green_EU RoHS"; Value = ""; VariantName = "[No Variations]"
Change component parameters (AddParameter): Name = "Green_EU RoHS-2"; Value = ""; VariantName = "[No Variations]"
Change component parameters (AddParameter): Name = "Green_Lifecycle"; Value = ""; VariantName = "[No Variations]"
Change component parameters (AddParameter): Name = "Green_REACh"; Value = ""; VariantName = "[No Variations]"
Change component parameters (AddParameter): Name = "Manufacturer"; Value = "Vishay-Dale"; VariantName = "[No Variations]"
Change component parameters (AddParameter): Name = "MountType"; Value = "SMT"; VariantName = "[No Variations]"
Change component parameters (AddParameter): Name = "PackageReference"; Value = "1206"; VariantName = "[No Variations]"
Change component parameters (AddParameter): Name = "PartNumber"; Value = "CRCW120620R0FKEA"; VariantName = "[No Variations]"
Change component parameters (AddParameter): Name = "Power_W"; Value = "250mW"; VariantName = "[No Variations]"
Change component parameters (AddParameter): Name = "Res_ohm"; Value = "20"; VariantName = "[No Variations]"
Change component parameters (AddParameter): Name = "RoHS"; Value = "E"; VariantName = "[No Variations]"
Change component parameters (AddParameter): Name = "SizeArea_mm2"; Value = "5.12"; VariantName = "[No Variations]"
Change component parameters (AddParameter): Name = "SizeX_mm"; Value = "3.2"; VariantName = "[No Variations]"
Change component parameters (AddParameter): Name = "SizeY_mm"; Value = "1.6"; VariantName = "[No Variations]"
Change component parameters (AddParameter): Name = "SizeZ_mm"; Value = "1.35"; VariantName = "[No Variations]"
Change component parameters (AddParameter): Name = "Supplier 1"; Value = "Digi-Key"; VariantName = "[No Variations]"
Change component parameters (AddParameter): Name = "Supplier 2"; Value = "Newark"; VariantName = "[No Variations]"
Change component parameters (AddParameter): Name = "Supplier 3"; Value = "Mouser"; VariantName = "[No Variations]"
Change component parameters (AddParameter): Name = "Supplier Part Number 1"; Value = "541-20.0FCT-ND"; VariantName = "[No Variations]"
Change component parameters (AddParameter): Name = "Supplier Part Number 2"; Value = "42K4894"; VariantName = "[No Variations]"
Change component parameters (AddParameter): Name = "Supplier Part Number 3"; Value = "71-CRCW1206-20-E3"; VariantName = "[No Variations]"
Change component parameters (AddParameter): Name = "Technology"; Value = "Thick Film"; VariantName = "[No Variations]"
Change component parameters (AddParameter): Name = "TempCo"; Value = "100 ppm/C"; VariantName = "[No Variations]"
Change component parameters (AddParameter): Name = "Tolerance_%"; Value = "1%"; VariantName = "[No Variations]"
Change component parameters (AddParameter): Name = "Value"; Value = "20.0"; VariantName = "[No Variations]"
Change component parameters (AddParameter): Name = "Value1"; Value = "1%"; VariantName = "[No Variations]"
Change component parameters (AddParameter): Name = "Value2"; Value = "0.25W"; VariantName = "[No Variations]"
Change component parameters (AddParameter): Name = "Value_Code"; Value = "20R0"; VariantName = "[No Variations]"
Change component parameters (AddParameter): Name = "ValueDisplayed"; Value = ""; VariantName = "[No Variations]"
Change component parameters (AddParameter): Name = "VDC_V"; Value = "200V"; VariantName = "[No Variations]"
Change component parameters: Designator = "R44" ("R44"); Footprint = "0603S"; UniqueID = "\JNKQGKJZ" ("\JNKQGKJZ")
Change component parameters (AddParameter): Name = "AEC Category"; Value = "Q200"; VariantName = "[No Variations]"
Change component parameters (AddParameter): Name = "AEC Grade"; Value = "0"; VariantName = "[No Variations]"
Change component parameters (AddParameter): Name = "AEC Qualified"; Value = "Y"; VariantName = "[No Variations]"
Change component parameters (AddParameter): Name = "Alternate Manufacturer"; Value = ""; VariantName = "[No Variations]"
Change component parameters (AddParameter): Name = "Alternate PartNumber"; Value = ""; VariantName = "[No Variations]"
Change component parameters (AddParameter): Name = "ComponentLink1Description"; Value = "Datasheet link"; VariantName = "[No Variations]"
Change component parameters (AddParameter): Name = "ComponentLink1URL"; Value = "http://www.vishay.com/docs/20035/dcrcwe3.pdf"; VariantName = "[No Variations]"
Change component parameters (AddParameter): Name = "CompType"; Value = "Resistor"; VariantName = "[No Variations]"
Change component parameters (AddParameter): Name = "EIA_Code"; Value = "E96"; VariantName = "[No Variations]"
Change component parameters (AddParameter): Name = "Green_EU RoHS"; Value = ""; VariantName = "[No Variations]"
Change component parameters (AddParameter): Name = "Green_EU RoHS-2"; Value = ""; VariantName = "[No Variations]"
Change component parameters (AddParameter): Name = "Green_Lifecycle"; Value = ""; VariantName = "[No Variations]"
Change component parameters (AddParameter): Name = "Green_REACh"; Value = ""; VariantName = "[No Variations]"
Change component parameters (AddParameter): Name = "Manufacturer"; Value = "Vishay-Dale"; VariantName = "[No Variations]"
Change component parameters (AddParameter): Name = "MountType"; Value = "SMT"; VariantName = "[No Variations]"
Change component parameters (AddParameter): Name = "PackageReference"; Value = "1206"; VariantName = "[No Variations]"
Change component parameters (AddParameter): Name = "PartNumber"; Value = "CRCW120620R0FKEA"; VariantName = "[No Variations]"
Change component parameters (AddParameter): Name = "Power_W"; Value = "250mW"; VariantName = "[No Variations]"
Change component parameters (AddParameter): Name = "Res_ohm"; Value = "20"; VariantName = "[No Variations]"
Change component parameters (AddParameter): Name = "RoHS"; Value = "E"; VariantName = "[No Variations]"
Change component parameters (AddParameter): Name = "SizeArea_mm2"; Value = "5.12"; VariantName = "[No Variations]"
Change component parameters (AddParameter): Name = "SizeX_mm"; Value = "3.2"; VariantName = "[No Variations]"
Change component parameters (AddParameter): Name = "SizeY_mm"; Value = "1.6"; VariantName = "[No Variations]"
Change component parameters (AddParameter): Name = "SizeZ_mm"; Value = "1.35"; VariantName = "[No Variations]"
Change component parameters (AddParameter): Name = "Supplier 1"; Value = "Digi-Key"; VariantName = "[No Variations]"
Change component parameters (AddParameter): Name = "Supplier 2"; Value = "Newark"; VariantName = "[No Variations]"
Change component parameters (AddParameter): Name = "Supplier 3"; Value = "Mouser"; VariantName = "[No Variations]"
Change component parameters (AddParameter): Name = "Supplier Part Number 1"; Value = "541-20.0FCT-ND"; VariantName = "[No Variations]"
Change component parameters (AddParameter): Name = "Supplier Part Number 2"; Value = "42K4894"; VariantName = "[No Variations]"
Change component parameters (AddParameter): Name = "Supplier Part Number 3"; Value = "71-CRCW1206-20-E3"; VariantName = "[No Variations]"
Change component parameters (AddParameter): Name = "Technology"; Value = "Thick Film"; VariantName = "[No Variations]"
Change component parameters (AddParameter): Name = "TempCo"; Value = "100 ppm/C"; VariantName = "[No Variations]"
Change component parameters (AddParameter): Name = "Tolerance_%"; Value = "1%"; VariantName = "[No Variations]"
Change component parameters (AddParameter): Name = "Value"; Value = "20.0"; VariantName = "[No Variations]"
Change component parameters (AddParameter): Name = "Value1"; Value = "1%"; VariantName = "[No Variations]"
Change component parameters (AddParameter): Name = "Value2"; Value = "0.25W"; VariantName = "[No Variations]"
Change component parameters (AddParameter): Name = "Value_Code"; Value = "20R0"; VariantName = "[No Variations]"
Change component parameters (AddParameter): Name = "ValueDisplayed"; Value = ""; VariantName = "[No Variations]"
Change component parameters (AddParameter): Name = "VDC_V"; Value = "200V"; VariantName = "[No Variations]"
Change component parameters: Designator = "R47" ("R47"); Footprint = "0603S"; UniqueID = "\UDXNLSGJ" ("\UDXNLSGJ")
Change component parameters (AddParameter): Name = "AEC Category"; Value = "Q200"; VariantName = "[No Variations]"
Change component parameters (AddParameter): Name = "AEC Grade"; Value = "0"; VariantName = "[No Variations]"
Change component parameters (AddParameter): Name = "AEC Qualified"; Value = "Y"; VariantName = "[No Variations]"
Change component parameters (AddParameter): Name = "Alternate Manufacturer"; Value = ""; VariantName = "[No Variations]"
Change component parameters (AddParameter): Name = "Alternate PartNumber"; Value = ""; VariantName = "[No Variations]"
Change component parameters (AddParameter): Name = "ComponentLink1Description"; Value = "Datasheet link"; VariantName = "[No Variations]"
Change component parameters (AddParameter): Name = "ComponentLink1URL"; Value = "http://www.vishay.com/docs/20035/dcrcwe3.pdf"; VariantName = "[No Variations]"
Change component parameters (AddParameter): Name = "CompType"; Value = "Resistor"; VariantName = "[No Variations]"
Change component parameters (AddParameter): Name = "EIA_Code"; Value = "E96"; VariantName = "[No Variations]"
Change component parameters (AddParameter): Name = "Green_EU RoHS"; Value = ""; VariantName = "[No Variations]"
Change component parameters (AddParameter): Name = "Green_EU RoHS-2"; Value = ""; VariantName = "[No Variations]"
Change component parameters (AddParameter): Name = "Green_Lifecycle"; Value = ""; VariantName = "[No Variations]"
Change component parameters (AddParameter): Name = "Green_REACh"; Value = ""; VariantName = "[No Variations]"
Change component parameters (AddParameter): Name = "Manufacturer"; Value = "Vishay-Dale"; VariantName = "[No Variations]"
Change component parameters (AddParameter): Name = "MountType"; Value = "SMT"; VariantName = "[No Variations]"
Change component parameters (AddParameter): Name = "PackageReference"; Value = "1206"; VariantName = "[No Variations]"
Change component parameters (AddParameter): Name = "PartNumber"; Value = "CRCW120620R0FKEA"; VariantName = "[No Variations]"
Change component parameters (AddParameter): Name = "Power_W"; Value = "250mW"; VariantName = "[No Variations]"
Change component parameters (AddParameter): Name = "Res_ohm"; Value = "20"; VariantName = "[No Variations]"
Change component parameters (AddParameter): Name = "RoHS"; Value = "E"; VariantName = "[No Variations]"
Change component parameters (AddParameter): Name = "SizeArea_mm2"; Value = "5.12"; VariantName = "[No Variations]"
Change component parameters (AddParameter): Name = "SizeX_mm"; Value = "3.2"; VariantName = "[No Variations]"
Change component parameters (AddParameter): Name = "SizeY_mm"; Value = "1.6"; VariantName = "[No Variations]"
Change component parameters (AddParameter): Name = "SizeZ_mm"; Value = "1.35"; VariantName = "[No Variations]"
Change component parameters (AddParameter): Name = "Supplier 1"; Value = "Digi-Key"; VariantName = "[No Variations]"
Change component parameters (AddParameter): Name = "Supplier 2"; Value = "Newark"; VariantName = "[No Variations]"
Change component parameters (AddParameter): Name = "Supplier 3"; Value = "Mouser"; VariantName = "[No Variations]"
Change component parameters (AddParameter): Name = "Supplier Part Number 1"; Value = "541-20.0FCT-ND"; VariantName = "[No Variations]"
Change component parameters (AddParameter): Name = "Supplier Part Number 2"; Value = "42K4894"; VariantName = "[No Variations]"
Change component parameters (AddParameter): Name = "Supplier Part Number 3"; Value = "71-CRCW1206-20-E3"; VariantName = "[No Variations]"
Change component parameters (AddParameter): Name = "Technology"; Value = "Thick Film"; VariantName = "[No Variations]"
Change component parameters (AddParameter): Name = "TempCo"; Value = "100 ppm/C"; VariantName = "[No Variations]"
Change component parameters (AddParameter): Name = "Tolerance_%"; Value = "1%"; VariantName = "[No Variations]"
Change component parameters (AddParameter): Name = "Value"; Value = "20.0"; VariantName = "[No Variations]"
Change component parameters (AddParameter): Name = "Value1"; Value = "1%"; VariantName = "[No Variations]"
Change component parameters (AddParameter): Name = "Value2"; Value = "0.25W"; VariantName = "[No Variations]"
Change component parameters (AddParameter): Name = "Value_Code"; Value = "20R0"; VariantName = "[No Variations]"
Change component parameters (AddParameter): Name = "ValueDisplayed"; Value = ""; VariantName = "[No Variations]"
Change component parameters (AddParameter): Name = "VDC_V"; Value = "200V"; VariantName = "[No Variations]"
Change component parameters: Designator = "R48" ("R48"); Footprint = "0603S"; UniqueID = "\EMYJDQIX" ("\EMYJDQIX")
Change component parameters (AddParameter): Name = "AEC Category"; Value = "Q200"; VariantName = "[No Variations]"
Change component parameters (AddParameter): Name = "AEC Grade"; Value = "0"; VariantName = "[No Variations]"
Change component parameters (AddParameter): Name = "AEC Qualified"; Value = "Y"; VariantName = "[No Variations]"
Change component parameters (AddParameter): Name = "Alternate Manufacturer"; Value = ""; VariantName = "[No Variations]"
Change component parameters (AddParameter): Name = "Alternate PartNumber"; Value = ""; VariantName = "[No Variations]"
Change component parameters (AddParameter): Name = "ComponentLink1Description"; Value = "Datasheet link"; VariantName = "[No Variations]"
Change component parameters (AddParameter): Name = "ComponentLink1URL"; Value = "http://www.vishay.com/docs/20035/dcrcwe3.pdf"; VariantName = "[No Variations]"
Change component parameters (AddParameter): Name = "CompType"; Value = "Resistor"; VariantName = "[No Variations]"
Change component parameters (AddParameter): Name = "EIA_Code"; Value = "E96"; VariantName = "[No Variations]"
Change component parameters (AddParameter): Name = "Green_EU RoHS"; Value = ""; VariantName = "[No Variations]"
Change component parameters (AddParameter): Name = "Green_EU RoHS-2"; Value = ""; VariantName = "[No Variations]"
Change component parameters (AddParameter): Name = "Green_Lifecycle"; Value = ""; VariantName = "[No Variations]"
Change component parameters (AddParameter): Name = "Green_REACh"; Value = ""; VariantName = "[No Variations]"
Change component parameters (AddParameter): Name = "Manufacturer"; Value = "Vishay-Dale"; VariantName = "[No Variations]"
Change component parameters (AddParameter): Name = "MountType"; Value = "SMT"; VariantName = "[No Variations]"
Change component parameters (AddParameter): Name = "PackageReference"; Value = "1206"; VariantName = "[No Variations]"
Change component parameters (AddParameter): Name = "PartNumber"; Value = "CRCW120620R0FKEA"; VariantName = "[No Variations]"
Change component parameters (AddParameter): Name = "Power_W"; Value = "250mW"; VariantName = "[No Variations]"
Change component parameters (AddParameter): Name = "Res_ohm"; Value = "20"; VariantName = "[No Variations]"
Change component parameters (AddParameter): Name = "RoHS"; Value = "E"; VariantName = "[No Variations]"
Change component parameters (AddParameter): Name = "SizeArea_mm2"; Value = "5.12"; VariantName = "[No Variations]"
Change component parameters (AddParameter): Name = "SizeX_mm"; Value = "3.2"; VariantName = "[No Variations]"
Change component parameters (AddParameter): Name = "SizeY_mm"; Value = "1.6"; VariantName = "[No Variations]"
Change component parameters (AddParameter): Name = "SizeZ_mm"; Value = "1.35"; VariantName = "[No Variations]"
Change component parameters (AddParameter): Name = "Supplier 1"; Value = "Digi-Key"; VariantName = "[No Variations]"
Change component parameters (AddParameter): Name = "Supplier 2"; Value = "Newark"; VariantName = "[No Variations]"
Change component parameters (AddParameter): Name = "Supplier 3"; Value = "Mouser"; VariantName = "[No Variations]"
Change component parameters (AddParameter): Name = "Supplier Part Number 1"; Value = "541-20.0FCT-ND"; VariantName = "[No Variations]"
Change component parameters (AddParameter): Name = "Supplier Part Number 2"; Value = "42K4894"; VariantName = "[No Variations]"
Change component parameters (AddParameter): Name = "Supplier Part Number 3"; Value = "71-CRCW1206-20-E3"; VariantName = "[No Variations]"
Change component parameters (AddParameter): Name = "Technology"; Value = "Thick Film"; VariantName = "[No Variations]"
Change component parameters (AddParameter): Name = "TempCo"; Value = "100 ppm/C"; VariantName = "[No Variations]"
Change component parameters (AddParameter): Name = "Tolerance_%"; Value = "1%"; VariantName = "[No Variations]"
Change component parameters (AddParameter): Name = "Value"; Value = "20.0"; VariantName = "[No Variations]"
Change component parameters (AddParameter): Name = "Value1"; Value = "1%"; VariantName = "[No Variations]"
Change component parameters (AddParameter): Name = "Value2"; Value = "0.25W"; VariantName = "[No Variations]"
Change component parameters (AddParameter): Name = "Value_Code"; Value = "20R0"; VariantName = "[No Variations]"
Change component parameters (AddParameter): Name = "ValueDisplayed"; Value = ""; VariantName = "[No Variations]"
Change component parameters (AddParameter): Name = "VDC_V"; Value = "200V"; VariantName = "[No Variations]"
Change component parameters: Designator = "R49" ("R49"); Footprint = "0603S"; UniqueID = "\LCEPEWGW" ("\LCEPEWGW")
Change component parameters (AddParameter): Name = "AEC Category"; Value = "Q200"; VariantName = "[No Variations]"
Change component parameters (AddParameter): Name = "AEC Grade"; Value = "0"; VariantName = "[No Variations]"
Change component parameters (AddParameter): Name = "AEC Qualified"; Value = "Y"; VariantName = "[No Variations]"
Change component parameters (AddParameter): Name = "Alternate Manufacturer"; Value = ""; VariantName = "[No Variations]"
Change component parameters (AddParameter): Name = "Alternate PartNumber"; Value = ""; VariantName = "[No Variations]"
Change component parameters (AddParameter): Name = "ComponentLink1Description"; Value = "Datasheet link"; VariantName = "[No Variations]"
Change component parameters (AddParameter): Name = "ComponentLink1URL"; Value = "http://www.vishay.com/docs/20035/dcrcwe3.pdf"; VariantName = "[No Variations]"
Change component parameters (AddParameter): Name = "CompType"; Value = "Resistor"; VariantName = "[No Variations]"
Change component parameters (AddParameter): Name = "EIA_Code"; Value = "E96"; VariantName = "[No Variations]"
Change component parameters (AddParameter): Name = "Green_EU RoHS"; Value = ""; VariantName = "[No Variations]"
Change component parameters (AddParameter): Name = "Green_EU RoHS-2"; Value = ""; VariantName = "[No Variations]"
Change component parameters (AddParameter): Name = "Green_Lifecycle"; Value = ""; VariantName = "[No Variations]"
Change component parameters (AddParameter): Name = "Green_REACh"; Value = ""; VariantName = "[No Variations]"
Change component parameters (AddParameter): Name = "Manufacturer"; Value = "Vishay-Dale"; VariantName = "[No Variations]"
Change component parameters (AddParameter): Name = "MountType"; Value = "SMT"; VariantName = "[No Variations]"
Change component parameters (AddParameter): Name = "PackageReference"; Value = "1206"; VariantName = "[No Variations]"
Change component parameters (AddParameter): Name = "PartNumber"; Value = "CRCW120620R0FKEA"; VariantName = "[No Variations]"
Change component parameters (AddParameter): Name = "Power_W"; Value = "250mW"; VariantName = "[No Variations]"
Change component parameters (AddParameter): Name = "Res_ohm"; Value = "20"; VariantName = "[No Variations]"
Change component parameters (AddParameter): Name = "RoHS"; Value = "E"; VariantName = "[No Variations]"
Change component parameters (AddParameter): Name = "SizeArea_mm2"; Value = "5.12"; VariantName = "[No Variations]"
Change component parameters (AddParameter): Name = "SizeX_mm"; Value = "3.2"; VariantName = "[No Variations]"
Change component parameters (AddParameter): Name = "SizeY_mm"; Value = "1.6"; VariantName = "[No Variations]"
Change component parameters (AddParameter): Name = "SizeZ_mm"; Value = "1.35"; VariantName = "[No Variations]"
Change component parameters (AddParameter): Name = "Supplier 1"; Value = "Digi-Key"; VariantName = "[No Variations]"
Change component parameters (AddParameter): Name = "Supplier 2"; Value = "Newark"; VariantName = "[No Variations]"
Change component parameters (AddParameter): Name = "Supplier 3"; Value = "Mouser"; VariantName = "[No Variations]"
Change component parameters (AddParameter): Name = "Supplier Part Number 1"; Value = "541-20.0FCT-ND"; VariantName = "[No Variations]"
Change component parameters (AddParameter): Name = "Supplier Part Number 2"; Value = "42K4894"; VariantName = "[No Variations]"
Change component parameters (AddParameter): Name = "Supplier Part Number 3"; Value = "71-CRCW1206-20-E3"; VariantName = "[No Variations]"
Change component parameters (AddParameter): Name = "Technology"; Value = "Thick Film"; VariantName = "[No Variations]"
Change component parameters (AddParameter): Name = "TempCo"; Value = "100 ppm/C"; VariantName = "[No Variations]"
Change component parameters (AddParameter): Name = "Tolerance_%"; Value = "1%"; VariantName = "[No Variations]"
Change component parameters (AddParameter): Name = "Value"; Value = "20.0"; VariantName = "[No Variations]"
Change component parameters (AddParameter): Name = "Value1"; Value = "1%"; VariantName = "[No Variations]"
Change component parameters (AddParameter): Name = "Value2"; Value = "0.25W"; VariantName = "[No Variations]"
Change component parameters (AddParameter): Name = "Value_Code"; Value = "20R0"; VariantName = "[No Variations]"
Change component parameters (AddParameter): Name = "ValueDisplayed"; Value = ""; VariantName = "[No Variations]"
Change component parameters (AddParameter): Name = "VDC_V"; Value = "200V"; VariantName = "[No Variations]"
Change component parameters: Designator = "R51" ("R51"); Footprint = "0603S"; UniqueID = "\XIYPWKPQ" ("\XIYPWKPQ")
Change component parameters (AddParameter): Name = "AEC Category"; Value = "Q200"; VariantName = "[No Variations]"
Change component parameters (AddParameter): Name = "AEC Grade"; Value = "0"; VariantName = "[No Variations]"
Change component parameters (AddParameter): Name = "AEC Qualified"; Value = "Y"; VariantName = "[No Variations]"
Change component parameters (AddParameter): Name = "Alternate Manufacturer"; Value = ""; VariantName = "[No Variations]"
Change component parameters (AddParameter): Name = "Alternate PartNumber"; Value = ""; VariantName = "[No Variations]"
Change component parameters (AddParameter): Name = "ComponentLink1Description"; Value = "Datasheet link"; VariantName = "[No Variations]"
Change component parameters (AddParameter): Name = "ComponentLink1URL"; Value = "http://www.vishay.com/docs/20035/dcrcwe3.pdf"; VariantName = "[No Variations]"
Change component parameters (AddParameter): Name = "CompType"; Value = "Resistor"; VariantName = "[No Variations]"
Change component parameters (AddParameter): Name = "EIA_Code"; Value = "E96"; VariantName = "[No Variations]"
Change component parameters (AddParameter): Name = "Green_EU RoHS"; Value = ""; VariantName = "[No Variations]"
Change component parameters (AddParameter): Name = "Green_EU RoHS-2"; Value = ""; VariantName = "[No Variations]"
Change component parameters (AddParameter): Name = "Green_Lifecycle"; Value = ""; VariantName = "[No Variations]"
Change component parameters (AddParameter): Name = "Green_REACh"; Value = ""; VariantName = "[No Variations]"
Change component parameters (AddParameter): Name = "Manufacturer"; Value = "Vishay-Dale"; VariantName = "[No Variations]"
Change component parameters (AddParameter): Name = "MountType"; Value = "SMT"; VariantName = "[No Variations]"
Change component parameters (AddParameter): Name = "PackageReference"; Value = "1206"; VariantName = "[No Variations]"
Change component parameters (AddParameter): Name = "PartNumber"; Value = "CRCW120620R0FKEA"; VariantName = "[No Variations]"
Change component parameters (AddParameter): Name = "Power_W"; Value = "250mW"; VariantName = "[No Variations]"
Change component parameters (AddParameter): Name = "Res_ohm"; Value = "20"; VariantName = "[No Variations]"
Change component parameters (AddParameter): Name = "RoHS"; Value = "E"; VariantName = "[No Variations]"
Change component parameters (AddParameter): Name = "SizeArea_mm2"; Value = "5.12"; VariantName = "[No Variations]"
Change component parameters (AddParameter): Name = "SizeX_mm"; Value = "3.2"; VariantName = "[No Variations]"
Change component parameters (AddParameter): Name = "SizeY_mm"; Value = "1.6"; VariantName = "[No Variations]"
Change component parameters (AddParameter): Name = "SizeZ_mm"; Value = "1.35"; VariantName = "[No Variations]"
Change component parameters (AddParameter): Name = "Supplier 1"; Value = "Digi-Key"; VariantName = "[No Variations]"
Change component parameters (AddParameter): Name = "Supplier 2"; Value = "Newark"; VariantName = "[No Variations]"
Change component parameters (AddParameter): Name = "Supplier 3"; Value = "Mouser"; VariantName = "[No Variations]"
Change component parameters (AddParameter): Name = "Supplier Part Number 1"; Value = "541-20.0FCT-ND"; VariantName = "[No Variations]"
Change component parameters (AddParameter): Name = "Supplier Part Number 2"; Value = "42K4894"; VariantName = "[No Variations]"
Change component parameters (AddParameter): Name = "Supplier Part Number 3"; Value = "71-CRCW1206-20-E3"; VariantName = "[No Variations]"
Change component parameters (AddParameter): Name = "Technology"; Value = "Thick Film"; VariantName = "[No Variations]"
Change component parameters (AddParameter): Name = "TempCo"; Value = "100 ppm/C"; VariantName = "[No Variations]"
Change component parameters (AddParameter): Name = "Tolerance_%"; Value = "1%"; VariantName = "[No Variations]"
Change component parameters (AddParameter): Name = "Value"; Value = "20.0"; VariantName = "[No Variations]"
Change component parameters (AddParameter): Name = "Value1"; Value = "1%"; VariantName = "[No Variations]"
Change component parameters (AddParameter): Name = "Value2"; Value = "0.25W"; VariantName = "[No Variations]"
Change component parameters (AddParameter): Name = "Value_Code"; Value = "20R0"; VariantName = "[No Variations]"
Change component parameters (AddParameter): Name = "ValueDisplayed"; Value = ""; VariantName = "[No Variations]"
Change component parameters (AddParameter): Name = "VDC_V"; Value = "200V"; VariantName = "[No Variations]"
