Removed Pin From Net: NetName=NetQ2_1 Pin=R47-1
Removed Pin From Net: NetName=PCHG Pin=R47-2
Change Component Comment : Designator=R36 Old Comment=0805_res New Comment=10M
Change Component Comment : Designator=R37 Old Comment=0805_res New Comment=10M
Change Component Comment : Designator=R40 Old Comment=0805_res New Comment=10M
Change component parameters: Designator = "C41" ("C41"); Footprint = "C0603"; UniqueID = "\PBRJFBDT" ("\PBRJFBDT")
Change component parameters (AddParameter): Name = "AEC Category"; Value = "Q200"; VariantName = "[No Variations]"
Change component parameters (AddParameter): Name = "AEC Grade"; Value = "N/A"; VariantName = "[No Variations]"
Change component parameters (AddParameter): Name = "AEC Qualified"; Value = "N"; VariantName = "[No Variations]"
Change component parameters (AddParameter): Name = "Alternate Manufacturer"; Value = ""; VariantName = "[No Variations]"
Change component parameters (AddParameter): Name = "Alternate PartNumber"; Value = ""; VariantName = "[No Variations]"
Change component parameters (AddParameter): Name = "Cap_Case"; Value = "0603"; VariantName = "[No Variations]"
Change component parameters (AddParameter): Name = "Cap_F"; Value = "220nF"; VariantName = "[No Variations]"
Change component parameters (AddParameter): Name = "ComponentLink1Description"; Value = "Datasheet link"; VariantName = "[No Variations]"
Change component parameters (AddParameter): Name = "ComponentLink1URL"; Value = "https://product.tdk.com/en/search/capacitor/ceramic/mlcc/info?part_no=C1608X7R1H224K080AB"; VariantName = "[No Variations]"
Change component parameters (AddParameter): Name = "CompType"; Value = "Capacitor"; VariantName = "[No Variations]"
Change component parameters (AddParameter): Name = "ESR_ohm"; Value = "0.021699"; VariantName = "[No Variations]"
Change component parameters (AddParameter): Name = "IRMS_A"; Value = "1.12496A"; VariantName = "[No Variations]"
Change component parameters (AddParameter): Name = "LatestRevisionDate"; Value = "2017-03-09"; VariantName = "[No Variations]"
Change component parameters (AddParameter): Name = "Manufacturer"; Value = "TDK"; VariantName = "[No Variations]"
Change component parameters (AddParameter): Name = "MountType"; Value = "SMT"; VariantName = "[No Variations]"
Change component parameters (AddParameter): Name = "PackageReference"; Value = "0603"; VariantName = "[No Variations]"
Change component parameters (AddParameter): Name = "PartNumber"; Value = "C1608X7R1H224K080AB"; VariantName = "[No Variations]"
Change component parameters (AddParameter): Name = "Polarized"; Value = "N"; VariantName = "[No Variations]"
Change component parameters (AddParameter): Name = "Published"; Value = "2008-06-19"; VariantName = "[No Variations]"
Change component parameters (AddParameter): Name = "Publisher"; Value = "Texas Instruments"; VariantName = "[No Variations]"
Change component parameters (AddParameter): Name = "RoHS"; Value = "Y"; VariantName = "[No Variations]"
Change component parameters (AddParameter): Name = "SizeArea_mm2"; Value = "1.28"; VariantName = "[No Variations]"
Change component parameters (AddParameter): Name = "SizeAreaWB_mm2"; Value = "4.68"; VariantName = "[No Variations]"
Change component parameters (AddParameter): Name = "SizeX_mm"; Value = "1.6"; VariantName = "[No Variations]"
Change component parameters (AddParameter): Name = "SizeY_mm"; Value = "0.8"; VariantName = "[No Variations]"
Change component parameters (AddParameter): Name = "SizeZ_mm"; Value = "1"; VariantName = "[No Variations]"
Change component parameters (AddParameter): Name = "Supplier 1"; Value = "Digi-Key"; VariantName = "[No Variations]"
Change component parameters (AddParameter): Name = "Supplier 2"; Value = "Newark"; VariantName = "[No Variations]"
Change component parameters (AddParameter): Name = "Supplier 3"; Value = "Mouser"; VariantName = "[No Variations]"
Change component parameters (AddParameter): Name = "Supplier Part Number 1"; Value = "445-7408-1-ND"; VariantName = "[No Variations]"
Change component parameters (AddParameter): Name = "Supplier Part Number 2"; Value = "04X3259"; VariantName = "[No Variations]"
Change component parameters (AddParameter): Name = "Supplier Part Number 3"; Value = "810-C1608X7R1H224K"; VariantName = "[No Variations]"
Change component parameters (AddParameter): Name = "TaMax_C"; Value = "125°C"; VariantName = "[No Variations]"
Change component parameters (AddParameter): Name = "TaMin_C"; Value = "-55°C"; VariantName = "[No Variations]"
Change component parameters (AddParameter): Name = "Technology"; Value = "Ceramic"; VariantName = "[No Variations]"
Change component parameters (AddParameter): Name = "TempCo"; Value = "X7R"; VariantName = "[No Variations]"
Change component parameters (AddParameter): Name = "Tolerance_%"; Value = "10%"; VariantName = "[No Variations]"
Change component parameters (AddParameter): Name = "U/M"; Value = "EA"; VariantName = "[No Variations]"
Change component parameters (AddParameter): Name = "Value"; Value = "0.1uF"; VariantName = "[No Variations]"
Change component parameters (AddParameter): Name = "Value1"; Value = "0.021699 ohm"; VariantName = "[No Variations]"
Change component parameters (AddParameter): Name = "Value2"; Value = "50V"; VariantName = "[No Variations]"
Change component parameters (AddParameter): Name = "ValueDisplayed"; Value = "0.22uF"; VariantName = "[No Variations]"
Change component parameters (AddParameter): Name = "VDC_V"; Value = "50V"; VariantName = "[No Variations]"
Change component parameters: Designator = "C42" ("C42"); Footprint = "C0603"; UniqueID = "\SMASCDUK" ("\SMASCDUK")
Change component parameters (AddParameter): Name = "AEC Category"; Value = "Q200"; VariantName = "[No Variations]"
Change component parameters (AddParameter): Name = "AEC Grade"; Value = "N/A"; VariantName = "[No Variations]"
Change component parameters (AddParameter): Name = "AEC Qualified"; Value = "N"; VariantName = "[No Variations]"
Change component parameters (AddParameter): Name = "Alternate Manufacturer"; Value = ""; VariantName = "[No Variations]"
Change component parameters (AddParameter): Name = "Alternate PartNumber"; Value = ""; VariantName = "[No Variations]"
Change component parameters (AddParameter): Name = "Cap_Case"; Value = "0603"; VariantName = "[No Variations]"
Change component parameters (AddParameter): Name = "Cap_F"; Value = "220nF"; VariantName = "[No Variations]"
Change component parameters (AddParameter): Name = "ComponentLink1Description"; Value = "Datasheet link"; VariantName = "[No Variations]"
Change component parameters (AddParameter): Name = "ComponentLink1URL"; Value = "https://product.tdk.com/en/search/capacitor/ceramic/mlcc/info?part_no=C1608X7R1H224K080AB"; VariantName = "[No Variations]"
Change component parameters (AddParameter): Name = "CompType"; Value = "Capacitor"; VariantName = "[No Variations]"
Change component parameters (AddParameter): Name = "ESR_ohm"; Value = "0.021699"; VariantName = "[No Variations]"
Change component parameters (AddParameter): Name = "IRMS_A"; Value = "1.12496A"; VariantName = "[No Variations]"
Change component parameters (AddParameter): Name = "LatestRevisionDate"; Value = "2017-03-09"; VariantName = "[No Variations]"
Change component parameters (AddParameter): Name = "Manufacturer"; Value = "TDK"; VariantName = "[No Variations]"
Change component parameters (AddParameter): Name = "MountType"; Value = "SMT"; VariantName = "[No Variations]"
Change component parameters (AddParameter): Name = "PackageReference"; Value = "0603"; VariantName = "[No Variations]"
Change component parameters (AddParameter): Name = "PartNumber"; Value = "C1608X7R1H224K080AB"; VariantName = "[No Variations]"
Change component parameters (AddParameter): Name = "Polarized"; Value = "N"; VariantName = "[No Variations]"
Change component parameters (AddParameter): Name = "Published"; Value = "2008-06-19"; VariantName = "[No Variations]"
Change component parameters (AddParameter): Name = "Publisher"; Value = "Texas Instruments"; VariantName = "[No Variations]"
Change component parameters (AddParameter): Name = "RoHS"; Value = "Y"; VariantName = "[No Variations]"
Change component parameters (AddParameter): Name = "SizeArea_mm2"; Value = "1.28"; VariantName = "[No Variations]"
Change component parameters (AddParameter): Name = "SizeAreaWB_mm2"; Value = "4.68"; VariantName = "[No Variations]"
Change component parameters (AddParameter): Name = "SizeX_mm"; Value = "1.6"; VariantName = "[No Variations]"
Change component parameters (AddParameter): Name = "SizeY_mm"; Value = "0.8"; VariantName = "[No Variations]"
Change component parameters (AddParameter): Name = "SizeZ_mm"; Value = "1"; VariantName = "[No Variations]"
Change component parameters (AddParameter): Name = "Supplier 1"; Value = "Digi-Key"; VariantName = "[No Variations]"
Change component parameters (AddParameter): Name = "Supplier 2"; Value = "Newark"; VariantName = "[No Variations]"
Change component parameters (AddParameter): Name = "Supplier 3"; Value = "Mouser"; VariantName = "[No Variations]"
Change component parameters (AddParameter): Name = "Supplier Part Number 1"; Value = "445-7408-1-ND"; VariantName = "[No Variations]"
Change component parameters (AddParameter): Name = "Supplier Part Number 2"; Value = "04X3259"; VariantName = "[No Variations]"
Change component parameters (AddParameter): Name = "Supplier Part Number 3"; Value = "810-C1608X7R1H224K"; VariantName = "[No Variations]"
Change component parameters (AddParameter): Name = "TaMax_C"; Value = "125°C"; VariantName = "[No Variations]"
Change component parameters (AddParameter): Name = "TaMin_C"; Value = "-55°C"; VariantName = "[No Variations]"
Change component parameters (AddParameter): Name = "Technology"; Value = "Ceramic"; VariantName = "[No Variations]"
Change component parameters (AddParameter): Name = "TempCo"; Value = "X7R"; VariantName = "[No Variations]"
Change component parameters (AddParameter): Name = "Tolerance_%"; Value = "10%"; VariantName = "[No Variations]"
Change component parameters (AddParameter): Name = "U/M"; Value = "EA"; VariantName = "[No Variations]"
Change component parameters (AddParameter): Name = "Value"; Value = "0.1uF"; VariantName = "[No Variations]"
Change component parameters (AddParameter): Name = "Value1"; Value = "0.021699 ohm"; VariantName = "[No Variations]"
Change component parameters (AddParameter): Name = "Value2"; Value = "50V"; VariantName = "[No Variations]"
Change component parameters (AddParameter): Name = "ValueDisplayed"; Value = "0.22uF"; VariantName = "[No Variations]"
Change component parameters (AddParameter): Name = "VDC_V"; Value = "50V"; VariantName = "[No Variations]"
Change component parameters: Designator = "C43" ("C43"); Footprint = "C0603"; UniqueID = "\FDDESWQJ" ("\FDDESWQJ")
Change component parameters (AddParameter): Name = "AEC Category"; Value = "Q200"; VariantName = "[No Variations]"
Change component parameters (AddParameter): Name = "AEC Grade"; Value = "N/A"; VariantName = "[No Variations]"
Change component parameters (AddParameter): Name = "AEC Qualified"; Value = "N"; VariantName = "[No Variations]"
Change component parameters (AddParameter): Name = "Alternate Manufacturer"; Value = ""; VariantName = "[No Variations]"
Change component parameters (AddParameter): Name = "Alternate PartNumber"; Value = ""; VariantName = "[No Variations]"
Change component parameters (AddParameter): Name = "Cap_Case"; Value = "0603"; VariantName = "[No Variations]"
Change component parameters (AddParameter): Name = "Cap_F"; Value = "220nF"; VariantName = "[No Variations]"
Change component parameters (AddParameter): Name = "ComponentLink1Description"; Value = "Datasheet link"; VariantName = "[No Variations]"
Change component parameters (AddParameter): Name = "ComponentLink1URL"; Value = "https://product.tdk.com/en/search/capacitor/ceramic/mlcc/info?part_no=C1608X7R1H224K080AB"; VariantName = "[No Variations]"
Change component parameters (AddParameter): Name = "CompType"; Value = "Capacitor"; VariantName = "[No Variations]"
Change component parameters (AddParameter): Name = "ESR_ohm"; Value = "0.021699"; VariantName = "[No Variations]"
Change component parameters (AddParameter): Name = "IRMS_A"; Value = "1.12496A"; VariantName = "[No Variations]"
Change component parameters (AddParameter): Name = "LatestRevisionDate"; Value = "2017-03-09"; VariantName = "[No Variations]"
Change component parameters (AddParameter): Name = "Manufacturer"; Value = "TDK"; VariantName = "[No Variations]"
Change component parameters (AddParameter): Name = "MountType"; Value = "SMT"; VariantName = "[No Variations]"
Change component parameters (AddParameter): Name = "PackageReference"; Value = "0603"; VariantName = "[No Variations]"
Change component parameters (AddParameter): Name = "PartNumber"; Value = "C1608X7R1H224K080AB"; VariantName = "[No Variations]"
Change component parameters (AddParameter): Name = "Polarized"; Value = "N"; VariantName = "[No Variations]"
Change component parameters (AddParameter): Name = "Published"; Value = "2008-06-19"; VariantName = "[No Variations]"
Change component parameters (AddParameter): Name = "Publisher"; Value = "Texas Instruments"; VariantName = "[No Variations]"
Change component parameters (AddParameter): Name = "RoHS"; Value = "Y"; VariantName = "[No Variations]"
Change component parameters (AddParameter): Name = "SizeArea_mm2"; Value = "1.28"; VariantName = "[No Variations]"
Change component parameters (AddParameter): Name = "SizeAreaWB_mm2"; Value = "4.68"; VariantName = "[No Variations]"
Change component parameters (AddParameter): Name = "SizeX_mm"; Value = "1.6"; VariantName = "[No Variations]"
Change component parameters (AddParameter): Name = "SizeY_mm"; Value = "0.8"; VariantName = "[No Variations]"
Change component parameters (AddParameter): Name = "SizeZ_mm"; Value = "1"; VariantName = "[No Variations]"
Change component parameters (AddParameter): Name = "Supplier 1"; Value = "Digi-Key"; VariantName = "[No Variations]"
Change component parameters (AddParameter): Name = "Supplier 2"; Value = "Newark"; VariantName = "[No Variations]"
Change component parameters (AddParameter): Name = "Supplier 3"; Value = "Mouser"; VariantName = "[No Variations]"
Change component parameters (AddParameter): Name = "Supplier Part Number 1"; Value = "445-7408-1-ND"; VariantName = "[No Variations]"
Change component parameters (AddParameter): Name = "Supplier Part Number 2"; Value = "04X3259"; VariantName = "[No Variations]"
Change component parameters (AddParameter): Name = "Supplier Part Number 3"; Value = "810-C1608X7R1H224K"; VariantName = "[No Variations]"
Change component parameters (AddParameter): Name = "TaMax_C"; Value = "125°C"; VariantName = "[No Variations]"
Change component parameters (AddParameter): Name = "TaMin_C"; Value = "-55°C"; VariantName = "[No Variations]"
Change component parameters (AddParameter): Name = "Technology"; Value = "Ceramic"; VariantName = "[No Variations]"
Change component parameters (AddParameter): Name = "TempCo"; Value = "X7R"; VariantName = "[No Variations]"
Change component parameters (AddParameter): Name = "Tolerance_%"; Value = "10%"; VariantName = "[No Variations]"
Change component parameters (AddParameter): Name = "U/M"; Value = "EA"; VariantName = "[No Variations]"
Change component parameters (AddParameter): Name = "Value"; Value = "0.1uF"; VariantName = "[No Variations]"
Change component parameters (AddParameter): Name = "Value1"; Value = "0.021699 ohm"; VariantName = "[No Variations]"
Change component parameters (AddParameter): Name = "Value2"; Value = "50V"; VariantName = "[No Variations]"
Change component parameters (AddParameter): Name = "ValueDisplayed"; Value = "0.22uF"; VariantName = "[No Variations]"
Change component parameters (AddParameter): Name = "VDC_V"; Value = "50V"; VariantName = "[No Variations]"
Change component parameters: Designator = "D4" ("D4"); Footprint = "SOD-123"; UniqueID = "\HWSOCRXF" ("\HWSOCRXF")
Change component parameters (AddParameter): Name = "AEC Category"; Value = "Q101"; VariantName = "[No Variations]"
Change component parameters (AddParameter): Name = "AEC Qualified"; Value = "?"; VariantName = "[No Variations]"
Change component parameters (AddParameter): Name = "Alternate Manufacturer"; Value = ""; VariantName = "[No Variations]"
Change component parameters (AddParameter): Name = "Alternate PartNumber"; Value = ""; VariantName = "[No Variations]"
Change component parameters (AddParameter): Name = "ComponentLink1Description"; Value = "Datasheet link"; VariantName = "[No Variations]"
Change component parameters (AddParameter): Name = "ComponentLink1URL"; Value = "http://www.diodes.com/datasheets/ds18010.pdf"; VariantName = "[No Variations]"
Change component parameters (AddParameter): Name = "CompType"; Value = "Zener"; VariantName = "[No Variations]"
Change component parameters (AddParameter): Name = "Green_EU RoHS"; Value = ""; VariantName = "[No Variations]"
Change component parameters (AddParameter): Name = "Green_EU RoHS-2"; Value = ""; VariantName = "[No Variations]"
Change component parameters (AddParameter): Name = "Green_Lifecycle"; Value = ""; VariantName = "[No Variations]"
Change component parameters (AddParameter): Name = "Green_REACh"; Value = ""; VariantName = "[No Variations]"
Change component parameters (AddParameter): Name = "Manufacturer"; Value = "Diodes Inc."; VariantName = "[No Variations]"
Change component parameters (AddParameter): Name = "MountType"; Value = "SMT"; VariantName = "[No Variations]"
Change component parameters (AddParameter): Name = "PackageReference"; Value = "SOD-123"; VariantName = "[No Variations]"
Change component parameters (AddParameter): Name = "PartNumber"; Value = "MMSZ5246B-7-F"; VariantName = "[No Variations]"
Change component parameters (AddParameter): Name = "Power_W"; Value = "500mW"; VariantName = "[No Variations]"
Change component parameters (AddParameter): Name = "RJA_CperW"; Value = "350"; VariantName = "[No Variations]"
Change component parameters (AddParameter): Name = "RoHS"; Value = "Y"; VariantName = "[No Variations]"
Change component parameters (AddParameter): Name = "SizeArea_mm2"; Value = "6.545"; VariantName = "[No Variations]"
Change component parameters (AddParameter): Name = "SizeAreaWB_mm2"; Value = "13.095"; VariantName = "[No Variations]"
Change component parameters (AddParameter): Name = "SizeX_mm"; Value = "3.85"; VariantName = "[No Variations]"
Change component parameters (AddParameter): Name = "SizeY_mm"; Value = "1.7"; VariantName = "[No Variations]"
Change component parameters (AddParameter): Name = "SizeZ_mm"; Value = "1.35"; VariantName = "[No Variations]"
Change component parameters (AddParameter): Name = "Value"; Value = "16V,500mW"; VariantName = "[No Variations]"
Change component parameters (AddParameter): Name = "Value1"; Value = "0.5W"; VariantName = "[No Variations]"
Change component parameters (AddParameter): Name = "Vz_V"; Value = "16V"; VariantName = "[No Variations]"
Change component parameters: Designator = "R34" ("R34"); Footprint = "2512"; UniqueID = "\CMTPGSHU" ("\CMTPGSHU")
Change component parameters (AddParameter): Name = "AEC Category"; Value = "Q200"; VariantName = "[No Variations]"
Change component parameters (AddParameter): Name = "AEC Grade"; Value = "0"; VariantName = "[No Variations]"
Change component parameters (AddParameter): Name = "AEC Qualified"; Value = "Y"; VariantName = "[No Variations]"
Change component parameters (AddParameter): Name = "Alternate Manufacturer"; Value = ""; VariantName = "[No Variations]"
Change component parameters (AddParameter): Name = "Alternate PartNumber"; Value = ""; VariantName = "[No Variations]"
Change component parameters (AddParameter): Name = "ComponentLink1Description"; Value = "Datasheet link"; VariantName = "[No Variations]"
Change component parameters (AddParameter): Name = "ComponentLink1URL"; Value = "http://www.vishay.com/docs/20035/dcrcwe3.pdf"; VariantName = "[No Variations]"
Change component parameters (AddParameter): Name = "CompType"; Value = "Resistor"; VariantName = "[No Variations]"
Change component parameters (AddParameter): Name = "EIA_Code"; Value = "E96"; VariantName = "[No Variations]"
Change component parameters (AddParameter): Name = "Green_EU RoHS"; Value = ""; VariantName = "[No Variations]"
Change component parameters (AddParameter): Name = "Green_EU RoHS-2"; Value = ""; VariantName = "[No Variations]"
Change component parameters (AddParameter): Name = "Green_Lifecycle"; Value = ""; VariantName = "[No Variations]"
Change component parameters (AddParameter): Name = "Green_REACh"; Value = ""; VariantName = "[No Variations]"
Change component parameters (AddParameter): Name = "Manufacturer"; Value = "Vishay-Dale"; VariantName = "[No Variations]"
Change component parameters (AddParameter): Name = "MountType"; Value = "SMT"; VariantName = "[No Variations]"
Change component parameters (AddParameter): Name = "PackageReference"; Value = "1206"; VariantName = "[No Variations]"
Change component parameters (AddParameter): Name = "PartNumber"; Value = "CRCW120620R0FKEA"; VariantName = "[No Variations]"
Change component parameters (AddParameter): Name = "Power_W"; Value = "250mW"; VariantName = "[No Variations]"
Change component parameters (AddParameter): Name = "Res_ohm"; Value = "20"; VariantName = "[No Variations]"
Change component parameters (AddParameter): Name = "RoHS"; Value = "E"; VariantName = "[No Variations]"
Change component parameters (AddParameter): Name = "SizeArea_mm2"; Value = "5.12"; VariantName = "[No Variations]"
Change component parameters (AddParameter): Name = "SizeX_mm"; Value = "3.2"; VariantName = "[No Variations]"
Change component parameters (AddParameter): Name = "SizeY_mm"; Value = "1.6"; VariantName = "[No Variations]"
Change component parameters (AddParameter): Name = "SizeZ_mm"; Value = "1.35"; VariantName = "[No Variations]"
Change component parameters (AddParameter): Name = "Supplier 1"; Value = "Digi-Key"; VariantName = "[No Variations]"
Change component parameters (AddParameter): Name = "Supplier 2"; Value = "Newark"; VariantName = "[No Variations]"
Change component parameters (AddParameter): Name = "Supplier 3"; Value = "Mouser"; VariantName = "[No Variations]"
Change component parameters (AddParameter): Name = "Supplier Part Number 1"; Value = "541-20.0FCT-ND"; VariantName = "[No Variations]"
Change component parameters (AddParameter): Name = "Supplier Part Number 2"; Value = "42K4894"; VariantName = "[No Variations]"
Change component parameters (AddParameter): Name = "Supplier Part Number 3"; Value = "71-CRCW1206-20-E3"; VariantName = "[No Variations]"
Change component parameters (AddParameter): Name = "Technology"; Value = "Thick Film"; VariantName = "[No Variations]"
Change component parameters (AddParameter): Name = "TempCo"; Value = "100 ppm/C"; VariantName = "[No Variations]"
Change component parameters (AddParameter): Name = "Tolerance_%"; Value = "1%"; VariantName = "[No Variations]"
Change component parameters (AddParameter): Name = "Value"; Value = "4k7"; VariantName = "[No Variations]"
Change component parameters (AddParameter): Name = "Value1"; Value = "1%"; VariantName = "[No Variations]"
Change component parameters (AddParameter): Name = "Value2"; Value = "0.25W"; VariantName = "[No Variations]"
Change component parameters (AddParameter): Name = "Value_Code"; Value = "20R0"; VariantName = "[No Variations]"
Change component parameters (AddParameter): Name = "ValueDisplayed"; Value = ""; VariantName = "[No Variations]"
Change component parameters (AddParameter): Name = "VDC_V"; Value = "200V"; VariantName = "[No Variations]"
Change component parameters: Designator = "R35" ("R35"); Footprint = "2512"; UniqueID = "\XUYTOOML" ("\XUYTOOML")
Change component parameters (AddParameter): Name = "AEC Category"; Value = "Q200"; VariantName = "[No Variations]"
Change component parameters (AddParameter): Name = "AEC Grade"; Value = "0"; VariantName = "[No Variations]"
Change component parameters (AddParameter): Name = "AEC Qualified"; Value = "Y"; VariantName = "[No Variations]"
Change component parameters (AddParameter): Name = "Alternate Manufacturer"; Value = ""; VariantName = "[No Variations]"
Change component parameters (AddParameter): Name = "Alternate PartNumber"; Value = ""; VariantName = "[No Variations]"
Change component parameters (AddParameter): Name = "ComponentLink1Description"; Value = "Datasheet link"; VariantName = "[No Variations]"
Change component parameters (AddParameter): Name = "ComponentLink1URL"; Value = "http://www.vishay.com/docs/20035/dcrcwe3.pdf"; VariantName = "[No Variations]"
Change component parameters (AddParameter): Name = "CompType"; Value = "Resistor"; VariantName = "[No Variations]"
Change component parameters (AddParameter): Name = "EIA_Code"; Value = "E96"; VariantName = "[No Variations]"
Change component parameters (AddParameter): Name = "Green_EU RoHS"; Value = ""; VariantName = "[No Variations]"
Change component parameters (AddParameter): Name = "Green_EU RoHS-2"; Value = ""; VariantName = "[No Variations]"
Change component parameters (AddParameter): Name = "Green_Lifecycle"; Value = ""; VariantName = "[No Variations]"
Change component parameters (AddParameter): Name = "Green_REACh"; Value = ""; VariantName = "[No Variations]"
Change component parameters (AddParameter): Name = "Manufacturer"; Value = "Vishay-Dale"; VariantName = "[No Variations]"
Change component parameters (AddParameter): Name = "MountType"; Value = "SMT"; VariantName = "[No Variations]"
Change component parameters (AddParameter): Name = "PackageReference"; Value = "1206"; VariantName = "[No Variations]"
Change component parameters (AddParameter): Name = "PartNumber"; Value = "CRCW120620R0FKEA"; VariantName = "[No Variations]"
Change component parameters (AddParameter): Name = "Power_W"; Value = "250mW"; VariantName = "[No Variations]"
Change component parameters (AddParameter): Name = "Res_ohm"; Value = "20"; VariantName = "[No Variations]"
Change component parameters (AddParameter): Name = "RoHS"; Value = "E"; VariantName = "[No Variations]"
Change component parameters (AddParameter): Name = "SizeArea_mm2"; Value = "5.12"; VariantName = "[No Variations]"
Change component parameters (AddParameter): Name = "SizeX_mm"; Value = "3.2"; VariantName = "[No Variations]"
Change component parameters (AddParameter): Name = "SizeY_mm"; Value = "1.6"; VariantName = "[No Variations]"
Change component parameters (AddParameter): Name = "SizeZ_mm"; Value = "1.35"; VariantName = "[No Variations]"
Change component parameters (AddParameter): Name = "Supplier 1"; Value = "Digi-Key"; VariantName = "[No Variations]"
Change component parameters (AddParameter): Name = "Supplier 2"; Value = "Newark"; VariantName = "[No Variations]"
Change component parameters (AddParameter): Name = "Supplier 3"; Value = "Mouser"; VariantName = "[No Variations]"
Change component parameters (AddParameter): Name = "Supplier Part Number 1"; Value = "541-20.0FCT-ND"; VariantName = "[No Variations]"
Change component parameters (AddParameter): Name = "Supplier Part Number 2"; Value = "42K4894"; VariantName = "[No Variations]"
Change component parameters (AddParameter): Name = "Supplier Part Number 3"; Value = "71-CRCW1206-20-E3"; VariantName = "[No Variations]"
Change component parameters (AddParameter): Name = "Technology"; Value = "Thick Film"; VariantName = "[No Variations]"
Change component parameters (AddParameter): Name = "TempCo"; Value = "100 ppm/C"; VariantName = "[No Variations]"
Change component parameters (AddParameter): Name = "Tolerance_%"; Value = "1%"; VariantName = "[No Variations]"
Change component parameters (AddParameter): Name = "Value"; Value = "4k7"; VariantName = "[No Variations]"
Change component parameters (AddParameter): Name = "Value1"; Value = "1%"; VariantName = "[No Variations]"
Change component parameters (AddParameter): Name = "Value2"; Value = "0.25W"; VariantName = "[No Variations]"
Change component parameters (AddParameter): Name = "Value_Code"; Value = "20R0"; VariantName = "[No Variations]"
Change component parameters (AddParameter): Name = "ValueDisplayed"; Value = ""; VariantName = "[No Variations]"
Change component parameters (AddParameter): Name = "VDC_V"; Value = "200V"; VariantName = "[No Variations]"
Change component parameters: Designator = "R36" ("R36"); Footprint = "SMD 0805 res"; UniqueID = "\FETIRNIH" ("\FETIRNIH")
Change component parameters (AddParameter): Name = "AEC Category"; Value = "Q200"; VariantName = "[No Variations]"
Change component parameters (AddParameter): Name = "AEC Grade"; Value = "0"; VariantName = "[No Variations]"
Change component parameters (AddParameter): Name = "AEC Qualified"; Value = "Y"; VariantName = "[No Variations]"
Change component parameters (AddParameter): Name = "Alternate Manufacturer"; Value = ""; VariantName = "[No Variations]"
Change component parameters (AddParameter): Name = "Alternate PartNumber"; Value = ""; VariantName = "[No Variations]"
Change component parameters (AddParameter): Name = "ComponentLink1Description"; Value = "Datasheet link"; VariantName = "[No Variations]"
Change component parameters (AddParameter): Name = "ComponentLink1URL"; Value = "http://www.vishay.com/docs/20035/dcrcwe3.pdf"; VariantName = "[No Variations]"
Change component parameters (AddParameter): Name = "CompType"; Value = "Resistor"; VariantName = "[No Variations]"
Change component parameters (AddParameter): Name = "EIA_Code"; Value = "E96"; VariantName = "[No Variations]"
Change component parameters (AddParameter): Name = "Green_EU RoHS"; Value = ""; VariantName = "[No Variations]"
Change component parameters (AddParameter): Name = "Green_EU RoHS-2"; Value = ""; VariantName = "[No Variations]"
Change component parameters (AddParameter): Name = "Green_Lifecycle"; Value = ""; VariantName = "[No Variations]"
Change component parameters (AddParameter): Name = "Green_REACh"; Value = ""; VariantName = "[No Variations]"
Change component parameters (AddParameter): Name = "Manufacturer"; Value = "Vishay-Dale"; VariantName = "[No Variations]"
Change component parameters (AddParameter): Name = "MountType"; Value = "SMT"; VariantName = "[No Variations]"
Change component parameters (AddParameter): Name = "PackageReference"; Value = "1206"; VariantName = "[No Variations]"
Change component parameters (AddParameter): Name = "PartNumber"; Value = "CRCW120620R0FKEA"; VariantName = "[No Variations]"
Change component parameters (AddParameter): Name = "Power_W"; Value = "250mW"; VariantName = "[No Variations]"
Change component parameters (AddParameter): Name = "Res_ohm"; Value = "20"; VariantName = "[No Variations]"
Change component parameters (AddParameter): Name = "RoHS"; Value = "E"; VariantName = "[No Variations]"
Change component parameters (AddParameter): Name = "SizeArea_mm2"; Value = "5.12"; VariantName = "[No Variations]"
Change component parameters (AddParameter): Name = "SizeX_mm"; Value = "3.2"; VariantName = "[No Variations]"
Change component parameters (AddParameter): Name = "SizeY_mm"; Value = "1.6"; VariantName = "[No Variations]"
Change component parameters (AddParameter): Name = "SizeZ_mm"; Value = "1.35"; VariantName = "[No Variations]"
Change component parameters (AddParameter): Name = "Supplier 1"; Value = "Digi-Key"; VariantName = "[No Variations]"
Change component parameters (AddParameter): Name = "Supplier 2"; Value = "Newark"; VariantName = "[No Variations]"
Change component parameters (AddParameter): Name = "Supplier 3"; Value = "Mouser"; VariantName = "[No Variations]"
Change component parameters (AddParameter): Name = "Supplier Part Number 1"; Value = "541-20.0FCT-ND"; VariantName = "[No Variations]"
Change component parameters (AddParameter): Name = "Supplier Part Number 2"; Value = "42K4894"; VariantName = "[No Variations]"
Change component parameters (AddParameter): Name = "Supplier Part Number 3"; Value = "71-CRCW1206-20-E3"; VariantName = "[No Variations]"
Change component parameters (AddParameter): Name = "Technology"; Value = "Thick Film"; VariantName = "[No Variations]"
Change component parameters (AddParameter): Name = "TempCo"; Value = "100 ppm/C"; VariantName = "[No Variations]"
Change component parameters (AddParameter): Name = "Tolerance_%"; Value = "1%"; VariantName = "[No Variations]"
Change component parameters (AddParameter): Name = "Value"; Value = "10M"; VariantName = "[No Variations]"
Change component parameters (AddParameter): Name = "Value1"; Value = "1%"; VariantName = "[No Variations]"
Change component parameters (AddParameter): Name = "Value2"; Value = "0.25W"; VariantName = "[No Variations]"
Change component parameters (AddParameter): Name = "Value_Code"; Value = "20R0"; VariantName = "[No Variations]"
Change component parameters (AddParameter): Name = "ValueDisplayed"; Value = ""; VariantName = "[No Variations]"
Change component parameters (AddParameter): Name = "VDC_V"; Value = "200V"; VariantName = "[No Variations]"
Change component parameters: Designator = "R37" ("R37"); Footprint = "SMD 0805 res"; UniqueID = "\YBJMVXFR" ("\YBJMVXFR")
Change component parameters (AddParameter): Name = "AEC Category"; Value = "Q200"; VariantName = "[No Variations]"
Change component parameters (AddParameter): Name = "AEC Grade"; Value = "0"; VariantName = "[No Variations]"
Change component parameters (AddParameter): Name = "AEC Qualified"; Value = "Y"; VariantName = "[No Variations]"
Change component parameters (AddParameter): Name = "Alternate Manufacturer"; Value = ""; VariantName = "[No Variations]"
Change component parameters (AddParameter): Name = "Alternate PartNumber"; Value = ""; VariantName = "[No Variations]"
Change component parameters (AddParameter): Name = "ComponentLink1Description"; Value = "Datasheet link"; VariantName = "[No Variations]"
Change component parameters (AddParameter): Name = "ComponentLink1URL"; Value = "http://www.vishay.com/docs/20035/dcrcwe3.pdf"; VariantName = "[No Variations]"
Change component parameters (AddParameter): Name = "CompType"; Value = "Resistor"; VariantName = "[No Variations]"
Change component parameters (AddParameter): Name = "EIA_Code"; Value = "E96"; VariantName = "[No Variations]"
Change component parameters (AddParameter): Name = "Green_EU RoHS"; Value = ""; VariantName = "[No Variations]"
Change component parameters (AddParameter): Name = "Green_EU RoHS-2"; Value = ""; VariantName = "[No Variations]"
Change component parameters (AddParameter): Name = "Green_Lifecycle"; Value = ""; VariantName = "[No Variations]"
Change component parameters (AddParameter): Name = "Green_REACh"; Value = ""; VariantName = "[No Variations]"
Change component parameters (AddParameter): Name = "Manufacturer"; Value = "Vishay-Dale"; VariantName = "[No Variations]"
Change component parameters (AddParameter): Name = "MountType"; Value = "SMT"; VariantName = "[No Variations]"
Change component parameters (AddParameter): Name = "PackageReference"; Value = "1206"; VariantName = "[No Variations]"
Change component parameters (AddParameter): Name = "PartNumber"; Value = "CRCW120620R0FKEA"; VariantName = "[No Variations]"
Change component parameters (AddParameter): Name = "Power_W"; Value = "250mW"; VariantName = "[No Variations]"
Change component parameters (AddParameter): Name = "Res_ohm"; Value = "20"; VariantName = "[No Variations]"
Change component parameters (AddParameter): Name = "RoHS"; Value = "E"; VariantName = "[No Variations]"
Change component parameters (AddParameter): Name = "SizeArea_mm2"; Value = "5.12"; VariantName = "[No Variations]"
Change component parameters (AddParameter): Name = "SizeX_mm"; Value = "3.2"; VariantName = "[No Variations]"
Change component parameters (AddParameter): Name = "SizeY_mm"; Value = "1.6"; VariantName = "[No Variations]"
Change component parameters (AddParameter): Name = "SizeZ_mm"; Value = "1.35"; VariantName = "[No Variations]"
Change component parameters (AddParameter): Name = "Supplier 1"; Value = "Digi-Key"; VariantName = "[No Variations]"
Change component parameters (AddParameter): Name = "Supplier 2"; Value = "Newark"; VariantName = "[No Variations]"
Change component parameters (AddParameter): Name = "Supplier 3"; Value = "Mouser"; VariantName = "[No Variations]"
Change component parameters (AddParameter): Name = "Supplier Part Number 1"; Value = "541-20.0FCT-ND"; VariantName = "[No Variations]"
Change component parameters (AddParameter): Name = "Supplier Part Number 2"; Value = "42K4894"; VariantName = "[No Variations]"
Change component parameters (AddParameter): Name = "Supplier Part Number 3"; Value = "71-CRCW1206-20-E3"; VariantName = "[No Variations]"
Change component parameters (AddParameter): Name = "Technology"; Value = "Thick Film"; VariantName = "[No Variations]"
Change component parameters (AddParameter): Name = "TempCo"; Value = "100 ppm/C"; VariantName = "[No Variations]"
Change component parameters (AddParameter): Name = "Tolerance_%"; Value = "1%"; VariantName = "[No Variations]"
Change component parameters (AddParameter): Name = "Value"; Value = "10M"; VariantName = "[No Variations]"
Change component parameters (AddParameter): Name = "Value1"; Value = "1%"; VariantName = "[No Variations]"
Change component parameters (AddParameter): Name = "Value2"; Value = "0.25W"; VariantName = "[No Variations]"
Change component parameters (AddParameter): Name = "Value_Code"; Value = "20R0"; VariantName = "[No Variations]"
Change component parameters (AddParameter): Name = "ValueDisplayed"; Value = ""; VariantName = "[No Variations]"
Change component parameters (AddParameter): Name = "VDC_V"; Value = "200V"; VariantName = "[No Variations]"
Change component parameters: Designator = "R38" ("R38"); Footprint = "SMD 0805 res"; UniqueID = "\TXJKVNDK" ("\TXJKVNDK")
Change component parameters (AddParameter): Name = "AEC Category"; Value = "Q200"; VariantName = "[No Variations]"
Change component parameters (AddParameter): Name = "AEC Grade"; Value = "0"; VariantName = "[No Variations]"
Change component parameters (AddParameter): Name = "AEC Qualified"; Value = "Y"; VariantName = "[No Variations]"
Change component parameters (AddParameter): Name = "Alternate Manufacturer"; Value = ""; VariantName = "[No Variations]"
Change component parameters (AddParameter): Name = "Alternate PartNumber"; Value = ""; VariantName = "[No Variations]"
Change component parameters (AddParameter): Name = "ComponentLink1Description"; Value = "Datasheet link"; VariantName = "[No Variations]"
Change component parameters (AddParameter): Name = "ComponentLink1URL"; Value = "http://www.vishay.com/docs/20035/dcrcwe3.pdf"; VariantName = "[No Variations]"
Change component parameters (AddParameter): Name = "CompType"; Value = "Resistor"; VariantName = "[No Variations]"
Change component parameters (AddParameter): Name = "EIA_Code"; Value = "E96"; VariantName = "[No Variations]"
Change component parameters (AddParameter): Name = "Green_EU RoHS"; Value = ""; VariantName = "[No Variations]"
Change component parameters (AddParameter): Name = "Green_EU RoHS-2"; Value = ""; VariantName = "[No Variations]"
Change component parameters (AddParameter): Name = "Green_Lifecycle"; Value = ""; VariantName = "[No Variations]"
Change component parameters (AddParameter): Name = "Green_REACh"; Value = ""; VariantName = "[No Variations]"
Change component parameters (AddParameter): Name = "Manufacturer"; Value = "Vishay-Dale"; VariantName = "[No Variations]"
Change component parameters (AddParameter): Name = "MountType"; Value = "SMT"; VariantName = "[No Variations]"
Change component parameters (AddParameter): Name = "PackageReference"; Value = "1206"; VariantName = "[No Variations]"
Change component parameters (AddParameter): Name = "PartNumber"; Value = "CRCW120620R0FKEA"; VariantName = "[No Variations]"
Change component parameters (AddParameter): Name = "Power_W"; Value = "250mW"; VariantName = "[No Variations]"
Change component parameters (AddParameter): Name = "Res_ohm"; Value = "20"; VariantName = "[No Variations]"
Change component parameters (AddParameter): Name = "RoHS"; Value = "E"; VariantName = "[No Variations]"
Change component parameters (AddParameter): Name = "SizeArea_mm2"; Value = "5.12"; VariantName = "[No Variations]"
Change component parameters (AddParameter): Name = "SizeX_mm"; Value = "3.2"; VariantName = "[No Variations]"
Change component parameters (AddParameter): Name = "SizeY_mm"; Value = "1.6"; VariantName = "[No Variations]"
Change component parameters (AddParameter): Name = "SizeZ_mm"; Value = "1.35"; VariantName = "[No Variations]"
Change component parameters (AddParameter): Name = "Supplier 1"; Value = "Digi-Key"; VariantName = "[No Variations]"
Change component parameters (AddParameter): Name = "Supplier 2"; Value = "Newark"; VariantName = "[No Variations]"
Change component parameters (AddParameter): Name = "Supplier 3"; Value = "Mouser"; VariantName = "[No Variations]"
Change component parameters (AddParameter): Name = "Supplier Part Number 1"; Value = "541-20.0FCT-ND"; VariantName = "[No Variations]"
Change component parameters (AddParameter): Name = "Supplier Part Number 2"; Value = "42K4894"; VariantName = "[No Variations]"
Change component parameters (AddParameter): Name = "Supplier Part Number 3"; Value = "71-CRCW1206-20-E3"; VariantName = "[No Variations]"
Change component parameters (AddParameter): Name = "Technology"; Value = "Thick Film"; VariantName = "[No Variations]"
Change component parameters (AddParameter): Name = "TempCo"; Value = "100 ppm/C"; VariantName = "[No Variations]"
Change component parameters (AddParameter): Name = "Tolerance_%"; Value = "1%"; VariantName = "[No Variations]"
Change component parameters (AddParameter): Name = "Value"; Value = "7k5"; VariantName = "[No Variations]"
Change component parameters (AddParameter): Name = "Value1"; Value = "1%"; VariantName = "[No Variations]"
Change component parameters (AddParameter): Name = "Value2"; Value = "0.25W"; VariantName = "[No Variations]"
Change component parameters (AddParameter): Name = "Value_Code"; Value = "20R0"; VariantName = "[No Variations]"
Change component parameters (AddParameter): Name = "ValueDisplayed"; Value = ""; VariantName = "[No Variations]"
Change component parameters (AddParameter): Name = "VDC_V"; Value = "200V"; VariantName = "[No Variations]"
Change component parameters: Designator = "R39" ("R39"); Footprint = "SMD 0805 res"; UniqueID = "\QCARNFGC" ("\QCARNFGC")
Change component parameters (AddParameter): Name = "AEC Category"; Value = "Q200"; VariantName = "[No Variations]"
Change component parameters (AddParameter): Name = "AEC Grade"; Value = "0"; VariantName = "[No Variations]"
Change component parameters (AddParameter): Name = "AEC Qualified"; Value = "Y"; VariantName = "[No Variations]"
Change component parameters (AddParameter): Name = "Alternate Manufacturer"; Value = ""; VariantName = "[No Variations]"
Change component parameters (AddParameter): Name = "Alternate PartNumber"; Value = ""; VariantName = "[No Variations]"
Change component parameters (AddParameter): Name = "ComponentLink1Description"; Value = "Datasheet link"; VariantName = "[No Variations]"
Change component parameters (AddParameter): Name = "ComponentLink1URL"; Value = "http://www.vishay.com/docs/20035/dcrcwe3.pdf"; VariantName = "[No Variations]"
Change component parameters (AddParameter): Name = "CompType"; Value = "Resistor"; VariantName = "[No Variations]"
Change component parameters (AddParameter): Name = "EIA_Code"; Value = "E96"; VariantName = "[No Variations]"
Change component parameters (AddParameter): Name = "Green_EU RoHS"; Value = ""; VariantName = "[No Variations]"
Change component parameters (AddParameter): Name = "Green_EU RoHS-2"; Value = ""; VariantName = "[No Variations]"
Change component parameters (AddParameter): Name = "Green_Lifecycle"; Value = ""; VariantName = "[No Variations]"
Change component parameters (AddParameter): Name = "Green_REACh"; Value = ""; VariantName = "[No Variations]"
Change component parameters (AddParameter): Name = "Manufacturer"; Value = "Vishay-Dale"; VariantName = "[No Variations]"
Change component parameters (AddParameter): Name = "MountType"; Value = "SMT"; VariantName = "[No Variations]"
Change component parameters (AddParameter): Name = "PackageReference"; Value = "1206"; VariantName = "[No Variations]"
Change component parameters (AddParameter): Name = "PartNumber"; Value = "CRCW120620R0FKEA"; VariantName = "[No Variations]"
Change component parameters (AddParameter): Name = "Power_W"; Value = "250mW"; VariantName = "[No Variations]"
Change component parameters (AddParameter): Name = "Res_ohm"; Value = "20"; VariantName = "[No Variations]"
Change component parameters (AddParameter): Name = "RoHS"; Value = "E"; VariantName = "[No Variations]"
Change component parameters (AddParameter): Name = "SizeArea_mm2"; Value = "5.12"; VariantName = "[No Variations]"
Change component parameters (AddParameter): Name = "SizeX_mm"; Value = "3.2"; VariantName = "[No Variations]"
Change component parameters (AddParameter): Name = "SizeY_mm"; Value = "1.6"; VariantName = "[No Variations]"
Change component parameters (AddParameter): Name = "SizeZ_mm"; Value = "1.35"; VariantName = "[No Variations]"
Change component parameters (AddParameter): Name = "Supplier 1"; Value = "Digi-Key"; VariantName = "[No Variations]"
Change component parameters (AddParameter): Name = "Supplier 2"; Value = "Newark"; VariantName = "[No Variations]"
Change component parameters (AddParameter): Name = "Supplier 3"; Value = "Mouser"; VariantName = "[No Variations]"
Change component parameters (AddParameter): Name = "Supplier Part Number 1"; Value = "541-20.0FCT-ND"; VariantName = "[No Variations]"
Change component parameters (AddParameter): Name = "Supplier Part Number 2"; Value = "42K4894"; VariantName = "[No Variations]"
Change component parameters (AddParameter): Name = "Supplier Part Number 3"; Value = "71-CRCW1206-20-E3"; VariantName = "[No Variations]"
Change component parameters (AddParameter): Name = "Technology"; Value = "Thick Film"; VariantName = "[No Variations]"
Change component parameters (AddParameter): Name = "TempCo"; Value = "100 ppm/C"; VariantName = "[No Variations]"
Change component parameters (AddParameter): Name = "Tolerance_%"; Value = "1%"; VariantName = "[No Variations]"
Change component parameters (AddParameter): Name = "Value"; Value = "7k5"; VariantName = "[No Variations]"
Change component parameters (AddParameter): Name = "Value1"; Value = "1%"; VariantName = "[No Variations]"
Change component parameters (AddParameter): Name = "Value2"; Value = "0.25W"; VariantName = "[No Variations]"
Change component parameters (AddParameter): Name = "Value_Code"; Value = "20R0"; VariantName = "[No Variations]"
Change component parameters (AddParameter): Name = "ValueDisplayed"; Value = ""; VariantName = "[No Variations]"
Change component parameters (AddParameter): Name = "VDC_V"; Value = "200V"; VariantName = "[No Variations]"
Change component parameters: Designator = "R43" ("R43"); Footprint = "SMD 0805 res"; UniqueID = "\UZZNPVGO" ("\UZZNPVGO")
Change component parameters (AddParameter): Name = "AEC Category"; Value = "Q200"; VariantName = "[No Variations]"
Change component parameters (AddParameter): Name = "AEC Grade"; Value = "0"; VariantName = "[No Variations]"
Change component parameters (AddParameter): Name = "AEC Qualified"; Value = "Y"; VariantName = "[No Variations]"
Change component parameters (AddParameter): Name = "Alternate Manufacturer"; Value = ""; VariantName = "[No Variations]"
Change component parameters (AddParameter): Name = "Alternate PartNumber"; Value = ""; VariantName = "[No Variations]"
Change component parameters (AddParameter): Name = "ComponentLink1Description"; Value = "Datasheet link"; VariantName = "[No Variations]"
Change component parameters (AddParameter): Name = "ComponentLink1URL"; Value = "http://www.vishay.com/docs/20035/dcrcwe3.pdf"; VariantName = "[No Variations]"
Change component parameters (AddParameter): Name = "CompType"; Value = "Resistor"; VariantName = "[No Variations]"
Change component parameters (AddParameter): Name = "EIA_Code"; Value = "E96"; VariantName = "[No Variations]"
Change component parameters (AddParameter): Name = "Green_EU RoHS"; Value = ""; VariantName = "[No Variations]"
Change component parameters (AddParameter): Name = "Green_EU RoHS-2"; Value = ""; VariantName = "[No Variations]"
Change component parameters (AddParameter): Name = "Green_Lifecycle"; Value = ""; VariantName = "[No Variations]"
Change component parameters (AddParameter): Name = "Green_REACh"; Value = ""; VariantName = "[No Variations]"
Change component parameters (AddParameter): Name = "Manufacturer"; Value = "Vishay-Dale"; VariantName = "[No Variations]"
Change component parameters (AddParameter): Name = "MountType"; Value = "SMT"; VariantName = "[No Variations]"
Change component parameters (AddParameter): Name = "PackageReference"; Value = "1206"; VariantName = "[No Variations]"
Change component parameters (AddParameter): Name = "PartNumber"; Value = "CRCW120620R0FKEA"; VariantName = "[No Variations]"
Change component parameters (AddParameter): Name = "Power_W"; Value = "250mW"; VariantName = "[No Variations]"
Change component parameters (AddParameter): Name = "Res_ohm"; Value = "20"; VariantName = "[No Variations]"
Change component parameters (AddParameter): Name = "RoHS"; Value = "E"; VariantName = "[No Variations]"
Change component parameters (AddParameter): Name = "SizeArea_mm2"; Value = "5.12"; VariantName = "[No Variations]"
Change component parameters (AddParameter): Name = "SizeX_mm"; Value = "3.2"; VariantName = "[No Variations]"
Change component parameters (AddParameter): Name = "SizeY_mm"; Value = "1.6"; VariantName = "[No Variations]"
Change component parameters (AddParameter): Name = "SizeZ_mm"; Value = "1.35"; VariantName = "[No Variations]"
Change component parameters (AddParameter): Name = "Supplier 1"; Value = "Digi-Key"; VariantName = "[No Variations]"
Change component parameters (AddParameter): Name = "Supplier 2"; Value = "Newark"; VariantName = "[No Variations]"
Change component parameters (AddParameter): Name = "Supplier 3"; Value = "Mouser"; VariantName = "[No Variations]"
Change component parameters (AddParameter): Name = "Supplier Part Number 1"; Value = "541-20.0FCT-ND"; VariantName = "[No Variations]"
Change component parameters (AddParameter): Name = "Supplier Part Number 2"; Value = "42K4894"; VariantName = "[No Variations]"
Change component parameters (AddParameter): Name = "Supplier Part Number 3"; Value = "71-CRCW1206-20-E3"; VariantName = "[No Variations]"
Change component parameters (AddParameter): Name = "Technology"; Value = "Thick Film"; VariantName = "[No Variations]"
Change component parameters (AddParameter): Name = "TempCo"; Value = "100 ppm/C"; VariantName = "[No Variations]"
Change component parameters (AddParameter): Name = "Tolerance_%"; Value = "1%"; VariantName = "[No Variations]"
Change component parameters (AddParameter): Name = "Value"; Value = "5k1"; VariantName = "[No Variations]"
Change component parameters (AddParameter): Name = "Value1"; Value = "1%"; VariantName = "[No Variations]"
Change component parameters (AddParameter): Name = "Value2"; Value = "0.25W"; VariantName = "[No Variations]"
Change component parameters (AddParameter): Name = "Value_Code"; Value = "20R0"; VariantName = "[No Variations]"
Change component parameters (AddParameter): Name = "ValueDisplayed"; Value = ""; VariantName = "[No Variations]"
Change component parameters (AddParameter): Name = "VDC_V"; Value = "200V"; VariantName = "[No Variations]"
Change component parameters: Designator = "R45" ("R45"); Footprint = "SMD 0805 res"; UniqueID = "\DVFQVFER" ("\DVFQVFER")
Change component parameters (AddParameter): Name = "AEC Category"; Value = "Q200"; VariantName = "[No Variations]"
Change component parameters (AddParameter): Name = "AEC Grade"; Value = "0"; VariantName = "[No Variations]"
Change component parameters (AddParameter): Name = "AEC Qualified"; Value = "Y"; VariantName = "[No Variations]"
Change component parameters (AddParameter): Name = "Alternate Manufacturer"; Value = ""; VariantName = "[No Variations]"
Change component parameters (AddParameter): Name = "Alternate PartNumber"; Value = ""; VariantName = "[No Variations]"
Change component parameters (AddParameter): Name = "ComponentLink1Description"; Value = "Datasheet link"; VariantName = "[No Variations]"
Change component parameters (AddParameter): Name = "ComponentLink1URL"; Value = "http://www.vishay.com/docs/20035/dcrcwe3.pdf"; VariantName = "[No Variations]"
Change component parameters (AddParameter): Name = "CompType"; Value = "Resistor"; VariantName = "[No Variations]"
Change component parameters (AddParameter): Name = "EIA_Code"; Value = "E96"; VariantName = "[No Variations]"
Change component parameters (AddParameter): Name = "Green_EU RoHS"; Value = ""; VariantName = "[No Variations]"
Change component parameters (AddParameter): Name = "Green_EU RoHS-2"; Value = ""; VariantName = "[No Variations]"
Change component parameters (AddParameter): Name = "Green_Lifecycle"; Value = ""; VariantName = "[No Variations]"
Change component parameters (AddParameter): Name = "Green_REACh"; Value = ""; VariantName = "[No Variations]"
Change component parameters (AddParameter): Name = "Manufacturer"; Value = "Vishay-Dale"; VariantName = "[No Variations]"
Change component parameters (AddParameter): Name = "MountType"; Value = "SMT"; VariantName = "[No Variations]"
Change component parameters (AddParameter): Name = "PackageReference"; Value = "1206"; VariantName = "[No Variations]"
Change component parameters (AddParameter): Name = "PartNumber"; Value = "CRCW120620R0FKEA"; VariantName = "[No Variations]"
Change component parameters (AddParameter): Name = "Power_W"; Value = "250mW"; VariantName = "[No Variations]"
Change component parameters (AddParameter): Name = "Res_ohm"; Value = "20"; VariantName = "[No Variations]"
Change component parameters (AddParameter): Name = "RoHS"; Value = "E"; VariantName = "[No Variations]"
Change component parameters (AddParameter): Name = "SizeArea_mm2"; Value = "5.12"; VariantName = "[No Variations]"
Change component parameters (AddParameter): Name = "SizeX_mm"; Value = "3.2"; VariantName = "[No Variations]"
Change component parameters (AddParameter): Name = "SizeY_mm"; Value = "1.6"; VariantName = "[No Variations]"
Change component parameters (AddParameter): Name = "SizeZ_mm"; Value = "1.35"; VariantName = "[No Variations]"
Change component parameters (AddParameter): Name = "Supplier 1"; Value = "Digi-Key"; VariantName = "[No Variations]"
Change component parameters (AddParameter): Name = "Supplier 2"; Value = "Newark"; VariantName = "[No Variations]"
Change component parameters (AddParameter): Name = "Supplier 3"; Value = "Mouser"; VariantName = "[No Variations]"
Change component parameters (AddParameter): Name = "Supplier Part Number 1"; Value = "541-20.0FCT-ND"; VariantName = "[No Variations]"
Change component parameters (AddParameter): Name = "Supplier Part Number 2"; Value = "42K4894"; VariantName = "[No Variations]"
Change component parameters (AddParameter): Name = "Supplier Part Number 3"; Value = "71-CRCW1206-20-E3"; VariantName = "[No Variations]"
Change component parameters (AddParameter): Name = "Technology"; Value = "Thick Film"; VariantName = "[No Variations]"
Change component parameters (AddParameter): Name = "TempCo"; Value = "100 ppm/C"; VariantName = "[No Variations]"
Change component parameters (AddParameter): Name = "Tolerance_%"; Value = "1%"; VariantName = "[No Variations]"
Change component parameters (AddParameter): Name = "Value"; Value = "10k"; VariantName = "[No Variations]"
Change component parameters (AddParameter): Name = "Value1"; Value = "1%"; VariantName = "[No Variations]"
Change component parameters (AddParameter): Name = "Value2"; Value = "0.25W"; VariantName = "[No Variations]"
Change component parameters (AddParameter): Name = "Value_Code"; Value = "20R0"; VariantName = "[No Variations]"
Change component parameters (AddParameter): Name = "ValueDisplayed"; Value = ""; VariantName = "[No Variations]"
Change component parameters (AddParameter): Name = "VDC_V"; Value = "200V"; VariantName = "[No Variations]"
Change component parameters: Designator = "R46" ("R46"); Footprint = "SMD 0805 res"; UniqueID = "\CIDVNPSW" ("\CIDVNPSW")
Change component parameters (AddParameter): Name = "AEC Category"; Value = "Q200"; VariantName = "[No Variations]"
Change component parameters (AddParameter): Name = "AEC Grade"; Value = "0"; VariantName = "[No Variations]"
Change component parameters (AddParameter): Name = "AEC Qualified"; Value = "Y"; VariantName = "[No Variations]"
Change component parameters (AddParameter): Name = "Alternate Manufacturer"; Value = ""; VariantName = "[No Variations]"
Change component parameters (AddParameter): Name = "Alternate PartNumber"; Value = ""; VariantName = "[No Variations]"
Change component parameters (AddParameter): Name = "ComponentLink1Description"; Value = "Datasheet link"; VariantName = "[No Variations]"
Change component parameters (AddParameter): Name = "ComponentLink1URL"; Value = "http://www.vishay.com/docs/20035/dcrcwe3.pdf"; VariantName = "[No Variations]"
Change component parameters (AddParameter): Name = "CompType"; Value = "Resistor"; VariantName = "[No Variations]"
Change component parameters (AddParameter): Name = "EIA_Code"; Value = "E96"; VariantName = "[No Variations]"
Change component parameters (AddParameter): Name = "Green_EU RoHS"; Value = ""; VariantName = "[No Variations]"
Change component parameters (AddParameter): Name = "Green_EU RoHS-2"; Value = ""; VariantName = "[No Variations]"
Change component parameters (AddParameter): Name = "Green_Lifecycle"; Value = ""; VariantName = "[No Variations]"
Change component parameters (AddParameter): Name = "Green_REACh"; Value = ""; VariantName = "[No Variations]"
Change component parameters (AddParameter): Name = "Manufacturer"; Value = "Vishay-Dale"; VariantName = "[No Variations]"
Change component parameters (AddParameter): Name = "MountType"; Value = "SMT"; VariantName = "[No Variations]"
Change component parameters (AddParameter): Name = "PackageReference"; Value = "1206"; VariantName = "[No Variations]"
Change component parameters (AddParameter): Name = "PartNumber"; Value = "CRCW120620R0FKEA"; VariantName = "[No Variations]"
Change component parameters (AddParameter): Name = "Power_W"; Value = "250mW"; VariantName = "[No Variations]"
Change component parameters (AddParameter): Name = "Res_ohm"; Value = "20"; VariantName = "[No Variations]"
Change component parameters (AddParameter): Name = "RoHS"; Value = "E"; VariantName = "[No Variations]"
Change component parameters (AddParameter): Name = "SizeArea_mm2"; Value = "5.12"; VariantName = "[No Variations]"
Change component parameters (AddParameter): Name = "SizeX_mm"; Value = "3.2"; VariantName = "[No Variations]"
Change component parameters (AddParameter): Name = "SizeY_mm"; Value = "1.6"; VariantName = "[No Variations]"
Change component parameters (AddParameter): Name = "SizeZ_mm"; Value = "1.35"; VariantName = "[No Variations]"
Change component parameters (AddParameter): Name = "Supplier 1"; Value = "Digi-Key"; VariantName = "[No Variations]"
Change component parameters (AddParameter): Name = "Supplier 2"; Value = "Newark"; VariantName = "[No Variations]"
Change component parameters (AddParameter): Name = "Supplier 3"; Value = "Mouser"; VariantName = "[No Variations]"
Change component parameters (AddParameter): Name = "Supplier Part Number 1"; Value = "541-20.0FCT-ND"; VariantName = "[No Variations]"
Change component parameters (AddParameter): Name = "Supplier Part Number 2"; Value = "42K4894"; VariantName = "[No Variations]"
Change component parameters (AddParameter): Name = "Supplier Part Number 3"; Value = "71-CRCW1206-20-E3"; VariantName = "[No Variations]"
Change component parameters (AddParameter): Name = "Technology"; Value = "Thick Film"; VariantName = "[No Variations]"
Change component parameters (AddParameter): Name = "TempCo"; Value = "100 ppm/C"; VariantName = "[No Variations]"
Change component parameters (AddParameter): Name = "Tolerance_%"; Value = "1%"; VariantName = "[No Variations]"
Change component parameters (AddParameter): Name = "Value"; Value = "5k1"; VariantName = "[No Variations]"
Change component parameters (AddParameter): Name = "Value1"; Value = "1%"; VariantName = "[No Variations]"
Change component parameters (AddParameter): Name = "Value2"; Value = "0.25W"; VariantName = "[No Variations]"
Change component parameters (AddParameter): Name = "Value_Code"; Value = "20R0"; VariantName = "[No Variations]"
Change component parameters (AddParameter): Name = "ValueDisplayed"; Value = ""; VariantName = "[No Variations]"
Change component parameters (AddParameter): Name = "VDC_V"; Value = "200V"; VariantName = "[No Variations]"
Change component parameters: Designator = "R50" ("R50"); Footprint = "SMD 0805 res"; UniqueID = "\TNOUUHXA" ("\TNOUUHXA")
Change component parameters (AddParameter): Name = "AEC Category"; Value = "Q200"; VariantName = "[No Variations]"
Change component parameters (AddParameter): Name = "AEC Grade"; Value = "0"; VariantName = "[No Variations]"
Change component parameters (AddParameter): Name = "AEC Qualified"; Value = "Y"; VariantName = "[No Variations]"
Change component parameters (AddParameter): Name = "Alternate Manufacturer"; Value = ""; VariantName = "[No Variations]"
Change component parameters (AddParameter): Name = "Alternate PartNumber"; Value = ""; VariantName = "[No Variations]"
Change component parameters (AddParameter): Name = "ComponentLink1Description"; Value = "Datasheet link"; VariantName = "[No Variations]"
Change component parameters (AddParameter): Name = "ComponentLink1URL"; Value = "http://www.vishay.com/docs/20035/dcrcwe3.pdf"; VariantName = "[No Variations]"
Change component parameters (AddParameter): Name = "CompType"; Value = "Resistor"; VariantName = "[No Variations]"
Change component parameters (AddParameter): Name = "EIA_Code"; Value = "E96"; VariantName = "[No Variations]"
Change component parameters (AddParameter): Name = "Green_EU RoHS"; Value = ""; VariantName = "[No Variations]"
Change component parameters (AddParameter): Name = "Green_EU RoHS-2"; Value = ""; VariantName = "[No Variations]"
Change component parameters (AddParameter): Name = "Green_Lifecycle"; Value = ""; VariantName = "[No Variations]"
Change component parameters (AddParameter): Name = "Green_REACh"; Value = ""; VariantName = "[No Variations]"
Change component parameters (AddParameter): Name = "Manufacturer"; Value = "Vishay-Dale"; VariantName = "[No Variations]"
Change component parameters (AddParameter): Name = "MountType"; Value = "SMT"; VariantName = "[No Variations]"
Change component parameters (AddParameter): Name = "PackageReference"; Value = "1206"; VariantName = "[No Variations]"
Change component parameters (AddParameter): Name = "PartNumber"; Value = "CRCW120620R0FKEA"; VariantName = "[No Variations]"
Change component parameters (AddParameter): Name = "Power_W"; Value = "250mW"; VariantName = "[No Variations]"
Change component parameters (AddParameter): Name = "Res_ohm"; Value = "20"; VariantName = "[No Variations]"
Change component parameters (AddParameter): Name = "RoHS"; Value = "E"; VariantName = "[No Variations]"
Change component parameters (AddParameter): Name = "SizeArea_mm2"; Value = "5.12"; VariantName = "[No Variations]"
Change component parameters (AddParameter): Name = "SizeX_mm"; Value = "3.2"; VariantName = "[No Variations]"
Change component parameters (AddParameter): Name = "SizeY_mm"; Value = "1.6"; VariantName = "[No Variations]"
Change component parameters (AddParameter): Name = "SizeZ_mm"; Value = "1.35"; VariantName = "[No Variations]"
Change component parameters (AddParameter): Name = "Supplier 1"; Value = "Digi-Key"; VariantName = "[No Variations]"
Change component parameters (AddParameter): Name = "Supplier 2"; Value = "Newark"; VariantName = "[No Variations]"
Change component parameters (AddParameter): Name = "Supplier 3"; Value = "Mouser"; VariantName = "[No Variations]"
Change component parameters (AddParameter): Name = "Supplier Part Number 1"; Value = "541-20.0FCT-ND"; VariantName = "[No Variations]"
Change component parameters (AddParameter): Name = "Supplier Part Number 2"; Value = "42K4894"; VariantName = "[No Variations]"
Change component parameters (AddParameter): Name = "Supplier Part Number 3"; Value = "71-CRCW1206-20-E3"; VariantName = "[No Variations]"
Change component parameters (AddParameter): Name = "Technology"; Value = "Thick Film"; VariantName = "[No Variations]"
Change component parameters (AddParameter): Name = "TempCo"; Value = "100 ppm/C"; VariantName = "[No Variations]"
Change component parameters (AddParameter): Name = "Tolerance_%"; Value = "1%"; VariantName = "[No Variations]"
Change component parameters (AddParameter): Name = "Value"; Value = "20k"; VariantName = "[No Variations]"
Change component parameters (AddParameter): Name = "Value1"; Value = "1%"; VariantName = "[No Variations]"
Change component parameters (AddParameter): Name = "Value2"; Value = "0.25W"; VariantName = "[No Variations]"
Change component parameters (AddParameter): Name = "Value_Code"; Value = "20R0"; VariantName = "[No Variations]"
Change component parameters (AddParameter): Name = "ValueDisplayed"; Value = ""; VariantName = "[No Variations]"
Change component parameters (AddParameter): Name = "VDC_V"; Value = "200V"; VariantName = "[No Variations]"
Change component parameters: Designator = "R51" ("R51"); Footprint = "SMD 0805 res"; UniqueID = "\XIYPWKPQ" ("\XIYPWKPQ")
Change component parameters (AddParameter): Name = "AEC Category"; Value = "Q200"; VariantName = "[No Variations]"
Change component parameters (AddParameter): Name = "AEC Grade"; Value = "0"; VariantName = "[No Variations]"
Change component parameters (AddParameter): Name = "AEC Qualified"; Value = "Y"; VariantName = "[No Variations]"
Change component parameters (AddParameter): Name = "Alternate Manufacturer"; Value = ""; VariantName = "[No Variations]"
Change component parameters (AddParameter): Name = "Alternate PartNumber"; Value = ""; VariantName = "[No Variations]"
Change component parameters (AddParameter): Name = "ComponentLink1Description"; Value = "Datasheet link"; VariantName = "[No Variations]"
Change component parameters (AddParameter): Name = "ComponentLink1URL"; Value = "http://www.vishay.com/docs/20035/dcrcwe3.pdf"; VariantName = "[No Variations]"
Change component parameters (AddParameter): Name = "CompType"; Value = "Resistor"; VariantName = "[No Variations]"
Change component parameters (AddParameter): Name = "EIA_Code"; Value = "E96"; VariantName = "[No Variations]"
Change component parameters (AddParameter): Name = "Green_EU RoHS"; Value = ""; VariantName = "[No Variations]"
Change component parameters (AddParameter): Name = "Green_EU RoHS-2"; Value = ""; VariantName = "[No Variations]"
Change component parameters (AddParameter): Name = "Green_Lifecycle"; Value = ""; VariantName = "[No Variations]"
Change component parameters (AddParameter): Name = "Green_REACh"; Value = ""; VariantName = "[No Variations]"
Change component parameters (AddParameter): Name = "Manufacturer"; Value = "Vishay-Dale"; VariantName = "[No Variations]"
Change component parameters (AddParameter): Name = "MountType"; Value = "SMT"; VariantName = "[No Variations]"
Change component parameters (AddParameter): Name = "PackageReference"; Value = "1206"; VariantName = "[No Variations]"
Change component parameters (AddParameter): Name = "PartNumber"; Value = "CRCW120620R0FKEA"; VariantName = "[No Variations]"
Change component parameters (AddParameter): Name = "Power_W"; Value = "250mW"; VariantName = "[No Variations]"
Change component parameters (AddParameter): Name = "Res_ohm"; Value = "20"; VariantName = "[No Variations]"
Change component parameters (AddParameter): Name = "RoHS"; Value = "E"; VariantName = "[No Variations]"
Change component parameters (AddParameter): Name = "SizeArea_mm2"; Value = "5.12"; VariantName = "[No Variations]"
Change component parameters (AddParameter): Name = "SizeX_mm"; Value = "3.2"; VariantName = "[No Variations]"
Change component parameters (AddParameter): Name = "SizeY_mm"; Value = "1.6"; VariantName = "[No Variations]"
Change component parameters (AddParameter): Name = "SizeZ_mm"; Value = "1.35"; VariantName = "[No Variations]"
Change component parameters (AddParameter): Name = "Supplier 1"; Value = "Digi-Key"; VariantName = "[No Variations]"
Change component parameters (AddParameter): Name = "Supplier 2"; Value = "Newark"; VariantName = "[No Variations]"
Change component parameters (AddParameter): Name = "Supplier 3"; Value = "Mouser"; VariantName = "[No Variations]"
Change component parameters (AddParameter): Name = "Supplier Part Number 1"; Value = "541-20.0FCT-ND"; VariantName = "[No Variations]"
Change component parameters (AddParameter): Name = "Supplier Part Number 2"; Value = "42K4894"; VariantName = "[No Variations]"
Change component parameters (AddParameter): Name = "Supplier Part Number 3"; Value = "71-CRCW1206-20-E3"; VariantName = "[No Variations]"
Change component parameters (AddParameter): Name = "Technology"; Value = "Thick Film"; VariantName = "[No Variations]"
Change component parameters (AddParameter): Name = "TempCo"; Value = "100 ppm/C"; VariantName = "[No Variations]"
Change component parameters (AddParameter): Name = "Tolerance_%"; Value = "1%"; VariantName = "[No Variations]"
Change component parameters (AddParameter): Name = "Value"; Value = "5k1"; VariantName = "[No Variations]"
Change component parameters (AddParameter): Name = "Value1"; Value = "1%"; VariantName = "[No Variations]"
Change component parameters (AddParameter): Name = "Value2"; Value = "0.25W"; VariantName = "[No Variations]"
Change component parameters (AddParameter): Name = "Value_Code"; Value = "20R0"; VariantName = "[No Variations]"
Change component parameters (AddParameter): Name = "ValueDisplayed"; Value = ""; VariantName = "[No Variations]"
Change component parameters (AddParameter): Name = "VDC_V"; Value = "200V"; VariantName = "[No Variations]"
Change component parameters: Designator = "R53" ("R53"); Footprint = "1210M"; UniqueID = "\VLMGUEUL" ("\VLMGUEUL")
Change component parameters (AddParameter): Name = "AEC Category"; Value = "Q200"; VariantName = "[No Variations]"
Change component parameters (AddParameter): Name = "AEC Grade"; Value = ""; VariantName = "[No Variations]"
Change component parameters (AddParameter): Name = "AEC Qualified"; Value = "?"; VariantName = "[No Variations]"
Change component parameters (AddParameter): Name = "Alternate Manufacturer"; Value = ""; VariantName = "[No Variations]"
Change component parameters (AddParameter): Name = "Alternate PartNumber"; Value = ""; VariantName = "[No Variations]"
Change component parameters (AddParameter): Name = "ComponentLink1Description"; Value = "Datasheet link"; VariantName = "[No Variations]"
Change component parameters (AddParameter): Name = "ComponentLink1URL"; Value = "http://media.digikey.com/pdf/Data%20Sheets/Rohm%20PDFs/PMR25-Series.pdf"; VariantName = "[No Variations]"
Change component parameters (AddParameter): Name = "CompType"; Value = "Resistor"; VariantName = "[No Variations]"
Change component parameters (AddParameter): Name = "EIA_Code"; Value = "E96"; VariantName = "[No Variations]"
Change component parameters (AddParameter): Name = "Green_EU RoHS"; Value = "Passed"; VariantName = "[No Variations]"
Change component parameters (AddParameter): Name = "Green_EU RoHS-2"; Value = "Incomplete"; VariantName = "[No Variations]"
Change component parameters (AddParameter): Name = "Green_Lifecycle"; Value = "Active"; VariantName = "[No Variations]"
Change component parameters (AddParameter): Name = "Green_REACh"; Value = "Passed"; VariantName = "[No Variations]"
Change component parameters (AddParameter): Name = "LatestRevisionDate"; Value = "2017-03-09"; VariantName = "[No Variations]"
Change component parameters (AddParameter): Name = "Manufacturer"; Value = "Rohm"; VariantName = "[No Variations]"
Change component parameters (AddParameter): Name = "MountType"; Value = "SMT"; VariantName = "[No Variations]"
Change component parameters (AddParameter): Name = "PackageReference"; Value = "1210"; VariantName = "[No Variations]"
Change component parameters (AddParameter): Name = "PartNumber"; Value = "PMR25HZPFV1L00"; VariantName = "[No Variations]"
Change component parameters (AddParameter): Name = "Power_W"; Value = "1W"; VariantName = "[No Variations]"
Change component parameters (AddParameter): Name = "Published"; Value = "2008-06-26"; VariantName = "[No Variations]"
Change component parameters (AddParameter): Name = "Publisher"; Value = "Texas Instruments"; VariantName = "[No Variations]"
Change component parameters (AddParameter): Name = "Res_ohm"; Value = "1m"; VariantName = "[No Variations]"
Change component parameters (AddParameter): Name = "RoHS"; Value = "Y"; VariantName = "[No Variations]"
Change component parameters (AddParameter): Name = "SizeArea_mm2"; Value = "8"; VariantName = "[No Variations]"
Change component parameters (AddParameter): Name = "SizeAreaWB_mm2"; Value = "14.7"; VariantName = "[No Variations]"
Change component parameters (AddParameter): Name = "SizeX_mm"; Value = "3.2"; VariantName = "[No Variations]"
Change component parameters (AddParameter): Name = "SizeY_mm"; Value = "2.5"; VariantName = "[No Variations]"
Change component parameters (AddParameter): Name = "SizeZ_mm"; Value = "1.35"; VariantName = "[No Variations]"
Change component parameters (AddParameter): Name = "Supplier 1"; Value = "Digi-Key"; VariantName = "[No Variations]"
Change component parameters (AddParameter): Name = "Supplier 2"; Value = ""; VariantName = "[No Variations]"
Change component parameters (AddParameter): Name = "Supplier 3"; Value = ""; VariantName = "[No Variations]"
Change component parameters (AddParameter): Name = "Supplier Part Number 1"; Value = "RHM.001APCT-ND"; VariantName = "[No Variations]"
Change component parameters (AddParameter): Name = "Supplier Part Number 2"; Value = ""; VariantName = "[No Variations]"
Change component parameters (AddParameter): Name = "Supplier Part Number 3"; Value = ""; VariantName = "[No Variations]"
Change component parameters (AddParameter): Name = "SymbolVersion"; Value = "2009-05-29"; VariantName = "[No Variations]"
Change component parameters (AddParameter): Name = "Technology"; Value = "Thick Film"; VariantName = "[No Variations]"
Change component parameters (AddParameter): Name = "TempCo"; Value = "100 ppm/C"; VariantName = "[No Variations]"
Change component parameters (AddParameter): Name = "Tolerance_%"; Value = "1%"; VariantName = "[No Variations]"
Change component parameters (AddParameter): Name = "U/M"; Value = "EA"; VariantName = "[No Variations]"
Change component parameters (AddParameter): Name = "Value"; Value = "5k1"; VariantName = "[No Variations]"
Change component parameters (AddParameter): Name = "Value1"; Value = "1%"; VariantName = "[No Variations]"
Change component parameters (AddParameter): Name = "Value2"; Value = "1W"; VariantName = "[No Variations]"
Change component parameters (AddParameter): Name = "Value_Code"; Value = "1L000"; VariantName = "[No Variations]"
Change component parameters (AddParameter): Name = "ValueDisplayed"; Value = ""; VariantName = "[No Variations]"
Change component parameters (AddParameter): Name = "VDC_V"; Value = ""; VariantName = "[No Variations]"
Change component parameters: Designator = "R54" ("R54"); Footprint = "1210M"; UniqueID = "\RWVDEULN" ("\RWVDEULN")
Change component parameters (AddParameter): Name = "AEC Category"; Value = "Q200"; VariantName = "[No Variations]"
Change component parameters (AddParameter): Name = "AEC Grade"; Value = ""; VariantName = "[No Variations]"
Change component parameters (AddParameter): Name = "AEC Qualified"; Value = "?"; VariantName = "[No Variations]"
Change component parameters (AddParameter): Name = "Alternate Manufacturer"; Value = ""; VariantName = "[No Variations]"
Change component parameters (AddParameter): Name = "Alternate PartNumber"; Value = ""; VariantName = "[No Variations]"
Change component parameters (AddParameter): Name = "ComponentLink1Description"; Value = "Datasheet link"; VariantName = "[No Variations]"
Change component parameters (AddParameter): Name = "ComponentLink1URL"; Value = "http://media.digikey.com/pdf/Data%20Sheets/Rohm%20PDFs/PMR25-Series.pdf"; VariantName = "[No Variations]"
Change component parameters (AddParameter): Name = "CompType"; Value = "Resistor"; VariantName = "[No Variations]"
Change component parameters (AddParameter): Name = "EIA_Code"; Value = "E96"; VariantName = "[No Variations]"
Change component parameters (AddParameter): Name = "Green_EU RoHS"; Value = "Passed"; VariantName = "[No Variations]"
Change component parameters (AddParameter): Name = "Green_EU RoHS-2"; Value = "Incomplete"; VariantName = "[No Variations]"
Change component parameters (AddParameter): Name = "Green_Lifecycle"; Value = "Active"; VariantName = "[No Variations]"
Change component parameters (AddParameter): Name = "Green_REACh"; Value = "Passed"; VariantName = "[No Variations]"
Change component parameters (AddParameter): Name = "LatestRevisionDate"; Value = "2017-03-09"; VariantName = "[No Variations]"
Change component parameters (AddParameter): Name = "Manufacturer"; Value = "Rohm"; VariantName = "[No Variations]"
Change component parameters (AddParameter): Name = "MountType"; Value = "SMT"; VariantName = "[No Variations]"
Change component parameters (AddParameter): Name = "PackageReference"; Value = "1210"; VariantName = "[No Variations]"
Change component parameters (AddParameter): Name = "PartNumber"; Value = "PMR25HZPFV1L00"; VariantName = "[No Variations]"
Change component parameters (AddParameter): Name = "Power_W"; Value = "1W"; VariantName = "[No Variations]"
Change component parameters (AddParameter): Name = "Published"; Value = "2008-06-26"; VariantName = "[No Variations]"
Change component parameters (AddParameter): Name = "Publisher"; Value = "Texas Instruments"; VariantName = "[No Variations]"
Change component parameters (AddParameter): Name = "Res_ohm"; Value = "1m"; VariantName = "[No Variations]"
Change component parameters (AddParameter): Name = "RoHS"; Value = "Y"; VariantName = "[No Variations]"
Change component parameters (AddParameter): Name = "SizeArea_mm2"; Value = "8"; VariantName = "[No Variations]"
Change component parameters (AddParameter): Name = "SizeAreaWB_mm2"; Value = "14.7"; VariantName = "[No Variations]"
Change component parameters (AddParameter): Name = "SizeX_mm"; Value = "3.2"; VariantName = "[No Variations]"
Change component parameters (AddParameter): Name = "SizeY_mm"; Value = "2.5"; VariantName = "[No Variations]"
Change component parameters (AddParameter): Name = "SizeZ_mm"; Value = "1.35"; VariantName = "[No Variations]"
Change component parameters (AddParameter): Name = "Supplier 1"; Value = "Digi-Key"; VariantName = "[No Variations]"
Change component parameters (AddParameter): Name = "Supplier 2"; Value = ""; VariantName = "[No Variations]"
Change component parameters (AddParameter): Name = "Supplier 3"; Value = ""; VariantName = "[No Variations]"
Change component parameters (AddParameter): Name = "Supplier Part Number 1"; Value = "RHM.001APCT-ND"; VariantName = "[No Variations]"
Change component parameters (AddParameter): Name = "Supplier Part Number 2"; Value = ""; VariantName = "[No Variations]"
Change component parameters (AddParameter): Name = "Supplier Part Number 3"; Value = ""; VariantName = "[No Variations]"
Change component parameters (AddParameter): Name = "SymbolVersion"; Value = "2009-05-29"; VariantName = "[No Variations]"
Change component parameters (AddParameter): Name = "Technology"; Value = "Thick Film"; VariantName = "[No Variations]"
Change component parameters (AddParameter): Name = "TempCo"; Value = "100 ppm/C"; VariantName = "[No Variations]"
Change component parameters (AddParameter): Name = "Tolerance_%"; Value = "1%"; VariantName = "[No Variations]"
Change component parameters (AddParameter): Name = "U/M"; Value = "EA"; VariantName = "[No Variations]"
Change component parameters (AddParameter): Name = "Value"; Value = "5k1"; VariantName = "[No Variations]"
Change component parameters (AddParameter): Name = "Value1"; Value = "1%"; VariantName = "[No Variations]"
Change component parameters (AddParameter): Name = "Value2"; Value = "1W"; VariantName = "[No Variations]"
Change component parameters (AddParameter): Name = "Value_Code"; Value = "1L000"; VariantName = "[No Variations]"
Change component parameters (AddParameter): Name = "ValueDisplayed"; Value = ""; VariantName = "[No Variations]"
Change component parameters (AddParameter): Name = "VDC_V"; Value = ""; VariantName = "[No Variations]"
Change component parameters: Designator = "R55" ("R55"); Footprint = "1210M"; UniqueID = "\LFPIMQEH" ("\LFPIMQEH")
Change component parameters (AddParameter): Name = "AEC Category"; Value = "Q200"; VariantName = "[No Variations]"
Change component parameters (AddParameter): Name = "AEC Grade"; Value = ""; VariantName = "[No Variations]"
Change component parameters (AddParameter): Name = "AEC Qualified"; Value = "?"; VariantName = "[No Variations]"
Change component parameters (AddParameter): Name = "Alternate Manufacturer"; Value = ""; VariantName = "[No Variations]"
Change component parameters (AddParameter): Name = "Alternate PartNumber"; Value = ""; VariantName = "[No Variations]"
Change component parameters (AddParameter): Name = "ComponentLink1Description"; Value = "Datasheet link"; VariantName = "[No Variations]"
Change component parameters (AddParameter): Name = "ComponentLink1URL"; Value = "http://media.digikey.com/pdf/Data%20Sheets/Rohm%20PDFs/PMR25-Series.pdf"; VariantName = "[No Variations]"
Change component parameters (AddParameter): Name = "CompType"; Value = "Resistor"; VariantName = "[No Variations]"
Change component parameters (AddParameter): Name = "EIA_Code"; Value = "E96"; VariantName = "[No Variations]"
Change component parameters (AddParameter): Name = "Green_EU RoHS"; Value = "Passed"; VariantName = "[No Variations]"
Change component parameters (AddParameter): Name = "Green_EU RoHS-2"; Value = "Incomplete"; VariantName = "[No Variations]"
Change component parameters (AddParameter): Name = "Green_Lifecycle"; Value = "Active"; VariantName = "[No Variations]"
Change component parameters (AddParameter): Name = "Green_REACh"; Value = "Passed"; VariantName = "[No Variations]"
Change component parameters (AddParameter): Name = "LatestRevisionDate"; Value = "2017-03-09"; VariantName = "[No Variations]"
Change component parameters (AddParameter): Name = "Manufacturer"; Value = "Rohm"; VariantName = "[No Variations]"
Change component parameters (AddParameter): Name = "MountType"; Value = "SMT"; VariantName = "[No Variations]"
Change component parameters (AddParameter): Name = "PackageReference"; Value = "1210"; VariantName = "[No Variations]"
Change component parameters (AddParameter): Name = "PartNumber"; Value = "PMR25HZPFV1L00"; VariantName = "[No Variations]"
Change component parameters (AddParameter): Name = "Power_W"; Value = "1W"; VariantName = "[No Variations]"
Change component parameters (AddParameter): Name = "Published"; Value = "2008-06-26"; VariantName = "[No Variations]"
Change component parameters (AddParameter): Name = "Publisher"; Value = "Texas Instruments"; VariantName = "[No Variations]"
Change component parameters (AddParameter): Name = "Res_ohm"; Value = "1m"; VariantName = "[No Variations]"
Change component parameters (AddParameter): Name = "RoHS"; Value = "Y"; VariantName = "[No Variations]"
Change component parameters (AddParameter): Name = "SizeArea_mm2"; Value = "8"; VariantName = "[No Variations]"
Change component parameters (AddParameter): Name = "SizeAreaWB_mm2"; Value = "14.7"; VariantName = "[No Variations]"
Change component parameters (AddParameter): Name = "SizeX_mm"; Value = "3.2"; VariantName = "[No Variations]"
Change component parameters (AddParameter): Name = "SizeY_mm"; Value = "2.5"; VariantName = "[No Variations]"
Change component parameters (AddParameter): Name = "SizeZ_mm"; Value = "1.35"; VariantName = "[No Variations]"
Change component parameters (AddParameter): Name = "Supplier 1"; Value = "Digi-Key"; VariantName = "[No Variations]"
Change component parameters (AddParameter): Name = "Supplier 2"; Value = ""; VariantName = "[No Variations]"
Change component parameters (AddParameter): Name = "Supplier 3"; Value = ""; VariantName = "[No Variations]"
Change component parameters (AddParameter): Name = "Supplier Part Number 1"; Value = "RHM.001APCT-ND"; VariantName = "[No Variations]"
Change component parameters (AddParameter): Name = "Supplier Part Number 2"; Value = ""; VariantName = "[No Variations]"
Change component parameters (AddParameter): Name = "Supplier Part Number 3"; Value = ""; VariantName = "[No Variations]"
Change component parameters (AddParameter): Name = "SymbolVersion"; Value = "2009-05-29"; VariantName = "[No Variations]"
Change component parameters (AddParameter): Name = "Technology"; Value = "Thick Film"; VariantName = "[No Variations]"
Change component parameters (AddParameter): Name = "TempCo"; Value = "100 ppm/C"; VariantName = "[No Variations]"
Change component parameters (AddParameter): Name = "Tolerance_%"; Value = "1%"; VariantName = "[No Variations]"
Change component parameters (AddParameter): Name = "U/M"; Value = "EA"; VariantName = "[No Variations]"
Change component parameters (AddParameter): Name = "Value"; Value = "5k1"; VariantName = "[No Variations]"
Change component parameters (AddParameter): Name = "Value1"; Value = "1%"; VariantName = "[No Variations]"
Change component parameters (AddParameter): Name = "Value2"; Value = "1W"; VariantName = "[No Variations]"
Change component parameters (AddParameter): Name = "Value_Code"; Value = "1L000"; VariantName = "[No Variations]"
Change component parameters (AddParameter): Name = "ValueDisplayed"; Value = ""; VariantName = "[No Variations]"
Change component parameters (AddParameter): Name = "VDC_V"; Value = ""; VariantName = "[No Variations]"
Change component parameters: Designator = "R56" ("R56"); Footprint = "1210M"; UniqueID = "\EKSLMXXH" ("\EKSLMXXH")
Change component parameters (AddParameter): Name = "AEC Category"; Value = "Q200"; VariantName = "[No Variations]"
Change component parameters (AddParameter): Name = "AEC Grade"; Value = ""; VariantName = "[No Variations]"
Change component parameters (AddParameter): Name = "AEC Qualified"; Value = "?"; VariantName = "[No Variations]"
Change component parameters (AddParameter): Name = "Alternate Manufacturer"; Value = ""; VariantName = "[No Variations]"
Change component parameters (AddParameter): Name = "Alternate PartNumber"; Value = ""; VariantName = "[No Variations]"
Change component parameters (AddParameter): Name = "ComponentLink1Description"; Value = "Datasheet link"; VariantName = "[No Variations]"
Change component parameters (AddParameter): Name = "ComponentLink1URL"; Value = "http://media.digikey.com/pdf/Data%20Sheets/Rohm%20PDFs/PMR25-Series.pdf"; VariantName = "[No Variations]"
Change component parameters (AddParameter): Name = "CompType"; Value = "Resistor"; VariantName = "[No Variations]"
Change component parameters (AddParameter): Name = "EIA_Code"; Value = "E96"; VariantName = "[No Variations]"
Change component parameters (AddParameter): Name = "Green_EU RoHS"; Value = "Passed"; VariantName = "[No Variations]"
Change component parameters (AddParameter): Name = "Green_EU RoHS-2"; Value = "Incomplete"; VariantName = "[No Variations]"
Change component parameters (AddParameter): Name = "Green_Lifecycle"; Value = "Active"; VariantName = "[No Variations]"
Change component parameters (AddParameter): Name = "Green_REACh"; Value = "Passed"; VariantName = "[No Variations]"
Change component parameters (AddParameter): Name = "LatestRevisionDate"; Value = "2017-03-09"; VariantName = "[No Variations]"
Change component parameters (AddParameter): Name = "Manufacturer"; Value = "Rohm"; VariantName = "[No Variations]"
Change component parameters (AddParameter): Name = "MountType"; Value = "SMT"; VariantName = "[No Variations]"
Change component parameters (AddParameter): Name = "PackageReference"; Value = "1210"; VariantName = "[No Variations]"
Change component parameters (AddParameter): Name = "PartNumber"; Value = "PMR25HZPFV1L00"; VariantName = "[No Variations]"
Change component parameters (AddParameter): Name = "Power_W"; Value = "1W"; VariantName = "[No Variations]"
Change component parameters (AddParameter): Name = "Published"; Value = "2008-06-26"; VariantName = "[No Variations]"
Change component parameters (AddParameter): Name = "Publisher"; Value = "Texas Instruments"; VariantName = "[No Variations]"
Change component parameters (AddParameter): Name = "Res_ohm"; Value = "1m"; VariantName = "[No Variations]"
Change component parameters (AddParameter): Name = "RoHS"; Value = "Y"; VariantName = "[No Variations]"
Change component parameters (AddParameter): Name = "SizeArea_mm2"; Value = "8"; VariantName = "[No Variations]"
Change component parameters (AddParameter): Name = "SizeAreaWB_mm2"; Value = "14.7"; VariantName = "[No Variations]"
Change component parameters (AddParameter): Name = "SizeX_mm"; Value = "3.2"; VariantName = "[No Variations]"
Change component parameters (AddParameter): Name = "SizeY_mm"; Value = "2.5"; VariantName = "[No Variations]"
Change component parameters (AddParameter): Name = "SizeZ_mm"; Value = "1.35"; VariantName = "[No Variations]"
Change component parameters (AddParameter): Name = "Supplier 1"; Value = "Digi-Key"; VariantName = "[No Variations]"
Change component parameters (AddParameter): Name = "Supplier 2"; Value = ""; VariantName = "[No Variations]"
Change component parameters (AddParameter): Name = "Supplier 3"; Value = ""; VariantName = "[No Variations]"
Change component parameters (AddParameter): Name = "Supplier Part Number 1"; Value = "RHM.001APCT-ND"; VariantName = "[No Variations]"
Change component parameters (AddParameter): Name = "Supplier Part Number 2"; Value = ""; VariantName = "[No Variations]"
Change component parameters (AddParameter): Name = "Supplier Part Number 3"; Value = ""; VariantName = "[No Variations]"
Change component parameters (AddParameter): Name = "SymbolVersion"; Value = "2009-05-29"; VariantName = "[No Variations]"
Change component parameters (AddParameter): Name = "Technology"; Value = "Thick Film"; VariantName = "[No Variations]"
Change component parameters (AddParameter): Name = "TempCo"; Value = "100 ppm/C"; VariantName = "[No Variations]"
Change component parameters (AddParameter): Name = "Tolerance_%"; Value = "1%"; VariantName = "[No Variations]"
Change component parameters (AddParameter): Name = "U/M"; Value = "EA"; VariantName = "[No Variations]"
Change component parameters (AddParameter): Name = "Value"; Value = "5k1"; VariantName = "[No Variations]"
Change component parameters (AddParameter): Name = "Value1"; Value = "1%"; VariantName = "[No Variations]"
Change component parameters (AddParameter): Name = "Value2"; Value = "1W"; VariantName = "[No Variations]"
Change component parameters (AddParameter): Name = "Value_Code"; Value = "1L000"; VariantName = "[No Variations]"
Change component parameters (AddParameter): Name = "ValueDisplayed"; Value = ""; VariantName = "[No Variations]"
Change component parameters (AddParameter): Name = "VDC_V"; Value = ""; VariantName = "[No Variations]"
Added Pin To Net: NetName=NetQ5_4 Pin=Q6-3
Added Pin To Net: NetName=NetQ5_4 Pin=Q9-4
Added Pin To Net: NetName=PCHG Pin=R47-1
Added Pin To Net: NetName=NetQ2_1 Pin=R47-2
Added Pin To Net: NetName=NetQ5_4 Pin=R49-1
Added Pin To Net: NetName=NetQ5_4 Pin=R52-1
