Added Component: Designator=MH1(MOUNT-HOLE-M3)
Add component (AddParameter): Name = "Component Type"; Value = ""; VariantName = "[No Variations]"
Add component (AddParameter): Name = "Stock Code"; Value = ""; VariantName = "[No Variations]"
Add component (AddParameter): Name = "Stock Description"; Value = ""; VariantName = "[No Variations]"
Add component (AddParameter): Name = "Supplier"; Value = ""; VariantName = "[No Variations]"
Added Component: Designator=MH2(MOUNT-HOLE-M3)
Add component (AddParameter): Name = "Component Type"; Value = ""; VariantName = "[No Variations]"
Add component (AddParameter): Name = "Stock Code"; Value = ""; VariantName = "[No Variations]"
Add component (AddParameter): Name = "Stock Description"; Value = ""; VariantName = "[No Variations]"
Add component (AddParameter): Name = "Supplier"; Value = ""; VariantName = "[No Variations]"
Added Component: Designator=MH3(MOUNT-HOLE-M3)
Add component (AddParameter): Name = "Component Type"; Value = ""; VariantName = "[No Variations]"
Add component (AddParameter): Name = "Stock Code"; Value = ""; VariantName = "[No Variations]"
Add component (AddParameter): Name = "Stock Description"; Value = ""; VariantName = "[No Variations]"
Add component (AddParameter): Name = "Supplier"; Value = ""; VariantName = "[No Variations]"
Added Component: Designator=MH4(MOUNT-HOLE-M3)
Add component (AddParameter): Name = "Component Type"; Value = ""; VariantName = "[No Variations]"
Add component (AddParameter): Name = "Stock Code"; Value = ""; VariantName = "[No Variations]"
Add component (AddParameter): Name = "Stock Description"; Value = ""; VariantName = "[No Variations]"
Add component (AddParameter): Name = "Supplier"; Value = ""; VariantName = "[No Variations]"
Added Member To Class: ClassName=BMS029B_Monitor Member=Component MH1 MOUNTING HOLE
Added Member To Class: ClassName=BMS029B_Monitor Member=Component MH2 MOUNTING HOLE
Added Member To Class: ClassName=BMS029B_Monitor Member=Component MH3 MOUNTING HOLE
Added Member To Class: ClassName=BMS029B_Monitor Member=Component MH4 MOUNTING HOLE
