Removed Pin From Net: NetName=PACK+ Pin=J9-S1
Removed Pin From Net: NetName=PACK+ Pin=J9-S2
Removed Pin From Net: NetName=PACK Pin=R53-1
Removed Pin From Net: NetName=PACK+ Pin=R54-2
Removed Pin From Net: NetName=LD Pin=R55-1
Removed Pin From Net: NetName=PACK+ Pin=R56-2
Change Component DesignItemId : Designator=R53 Old DesignItemId=Resistor_1210 New DesignItemId=Resistor_0805
Change Component DesignItemId : Designator=R54 Old DesignItemId=Resistor_1210 New DesignItemId=Resistor_0805
Change Component DesignItemId : Designator=R55 Old DesignItemId=Resistor_1210 New DesignItemId=Resistor_0805
Change Component DesignItemId : Designator=R56 Old DesignItemId=Resistor_1210 New DesignItemId=Resistor_0805
Change Component Footprint: Designator=R53 Old Footprint=1210M New Footprint=SMD 0805 res
Change Component Footprint: Designator=R54 Old Footprint=1210M New Footprint=SMD 0805 res
Change Component Footprint: Designator=R55 Old Footprint=1210M New Footprint=SMD 0805 res
Change Component Footprint: Designator=R56 Old Footprint=1210M New Footprint=SMD 0805 res
Change Component Comment : Designator=R53 Old Comment=Resistor_1210 New Comment=0805_res
Change Component Comment : Designator=R54 Old Comment=Resistor_1210 New Comment=0805_res
Change Component Comment : Designator=R55 Old Comment=Resistor_1210 New Comment=0805_res
Change Component Comment : Designator=R56 Old Comment=Resistor_1210 New Comment=0805_res
Change Component Description : Designator=R53 Old Description=RES, 0.001, 1%, 1 W, 1210 New Description=0.25 W, AEC-Q200 Grade 0, 0805
Change Component Description : Designator=R54 Old Description=RES, 0.001, 1%, 1 W, 1210 New Description=0.25 W, AEC-Q200 Grade 0, 0805
Change Component Description : Designator=R55 Old Description=RES, 0.001, 1%, 1 W, 1210 New Description=0.25 W, AEC-Q200 Grade 0, 0805
Change Component Description : Designator=R56 Old Description=RES, 0.001, 1%, 1 W, 1210 New Description=0.25 W, AEC-Q200 Grade 0, 0805
Change component parameters: Designator = "R53" ("R53"); Footprint = "1210M"; UniqueID = "\VLMGUEUL" ("\VLMGUEUL")
Change component parameters (AddParameter): Name = "AEC Category"; Value = "Q200"; VariantName = "[No Variations]"
Change component parameters (AddParameter): Name = "AEC Grade"; Value = "0"; VariantName = "[No Variations]"
Change component parameters (AddParameter): Name = "AEC Qualified"; Value = "Y"; VariantName = "[No Variations]"
Change component parameters (AddParameter): Name = "Alternate Manufacturer"; Value = ""; VariantName = "[No Variations]"
Change component parameters (AddParameter): Name = "Alternate PartNumber"; Value = ""; VariantName = "[No Variations]"
Change component parameters (AddParameter): Name = "ComponentLink1Description"; Value = "Datasheet link"; VariantName = "[No Variations]"
Change component parameters (AddParameter): Name = "ComponentLink1URL"; Value = "http://www.vishay.com/docs/20035/dcrcwe3.pdf"; VariantName = "[No Variations]"
Change component parameters (AddParameter): Name = "CompType"; Value = "Resistor"; VariantName = "[No Variations]"
Change component parameters (AddParameter): Name = "EIA_Code"; Value = "E96"; VariantName = "[No Variations]"
Change component parameters (AddParameter): Name = "Green_EU RoHS"; Value = ""; VariantName = "[No Variations]"
Change component parameters (AddParameter): Name = "Green_EU RoHS-2"; Value = ""; VariantName = "[No Variations]"
Change component parameters (AddParameter): Name = "Green_Lifecycle"; Value = ""; VariantName = "[No Variations]"
Change component parameters (AddParameter): Name = "Green_REACh"; Value = ""; VariantName = "[No Variations]"
Change component parameters (AddParameter): Name = "Manufacturer"; Value = "Vishay-Dale"; VariantName = "[No Variations]"
Change component parameters (AddParameter): Name = "MountType"; Value = "SMT"; VariantName = "[No Variations]"
Change component parameters (AddParameter): Name = "PackageReference"; Value = "1206"; VariantName = "[No Variations]"
Change component parameters (AddParameter): Name = "PartNumber"; Value = "CRCW120620R0FKEA"; VariantName = "[No Variations]"
Change component parameters (AddParameter): Name = "Power_W"; Value = "250mW"; VariantName = "[No Variations]"
Change component parameters (AddParameter): Name = "Res_ohm"; Value = "20"; VariantName = "[No Variations]"
Change component parameters (AddParameter): Name = "RoHS"; Value = "E"; VariantName = "[No Variations]"
Change component parameters (AddParameter): Name = "SizeArea_mm2"; Value = "5.12"; VariantName = "[No Variations]"
Change component parameters (AddParameter): Name = "SizeX_mm"; Value = "3.2"; VariantName = "[No Variations]"
Change component parameters (AddParameter): Name = "SizeY_mm"; Value = "1.6"; VariantName = "[No Variations]"
Change component parameters (AddParameter): Name = "SizeZ_mm"; Value = "1.35"; VariantName = "[No Variations]"
Change component parameters (AddParameter): Name = "Supplier 1"; Value = "Digi-Key"; VariantName = "[No Variations]"
Change component parameters (AddParameter): Name = "Supplier 2"; Value = "Newark"; VariantName = "[No Variations]"
Change component parameters (AddParameter): Name = "Supplier 3"; Value = "Mouser"; VariantName = "[No Variations]"
Change component parameters (AddParameter): Name = "Supplier Part Number 1"; Value = "541-20.0FCT-ND"; VariantName = "[No Variations]"
Change component parameters (AddParameter): Name = "Supplier Part Number 2"; Value = "42K4894"; VariantName = "[No Variations]"
Change component parameters (AddParameter): Name = "Supplier Part Number 3"; Value = "71-CRCW1206-20-E3"; VariantName = "[No Variations]"
Change component parameters (AddParameter): Name = "Technology"; Value = "Thick Film"; VariantName = "[No Variations]"
Change component parameters (AddParameter): Name = "TempCo"; Value = "100 ppm/C"; VariantName = "[No Variations]"
Change component parameters (AddParameter): Name = "Tolerance_%"; Value = "1%"; VariantName = "[No Variations]"
Change component parameters (AddParameter): Name = "Value"; Value = "5k1"; VariantName = "[No Variations]"
Change component parameters (AddParameter): Name = "Value1"; Value = "1%"; VariantName = "[No Variations]"
Change component parameters (AddParameter): Name = "Value2"; Value = "0.25W"; VariantName = "[No Variations]"
Change component parameters (AddParameter): Name = "Value_Code"; Value = "20R0"; VariantName = "[No Variations]"
Change component parameters (AddParameter): Name = "ValueDisplayed"; Value = ""; VariantName = "[No Variations]"
Change component parameters (AddParameter): Name = "VDC_V"; Value = "200V"; VariantName = "[No Variations]"
Change component parameters: Designator = "R54" ("R54"); Footprint = "1210M"; UniqueID = "\RWVDEULN" ("\RWVDEULN")
Change component parameters (AddParameter): Name = "AEC Category"; Value = "Q200"; VariantName = "[No Variations]"
Change component parameters (AddParameter): Name = "AEC Grade"; Value = "0"; VariantName = "[No Variations]"
Change component parameters (AddParameter): Name = "AEC Qualified"; Value = "Y"; VariantName = "[No Variations]"
Change component parameters (AddParameter): Name = "Alternate Manufacturer"; Value = ""; VariantName = "[No Variations]"
Change component parameters (AddParameter): Name = "Alternate PartNumber"; Value = ""; VariantName = "[No Variations]"
Change component parameters (AddParameter): Name = "ComponentLink1Description"; Value = "Datasheet link"; VariantName = "[No Variations]"
Change component parameters (AddParameter): Name = "ComponentLink1URL"; Value = "http://www.vishay.com/docs/20035/dcrcwe3.pdf"; VariantName = "[No Variations]"
Change component parameters (AddParameter): Name = "CompType"; Value = "Resistor"; VariantName = "[No Variations]"
Change component parameters (AddParameter): Name = "EIA_Code"; Value = "E96"; VariantName = "[No Variations]"
Change component parameters (AddParameter): Name = "Green_EU RoHS"; Value = ""; VariantName = "[No Variations]"
Change component parameters (AddParameter): Name = "Green_EU RoHS-2"; Value = ""; VariantName = "[No Variations]"
Change component parameters (AddParameter): Name = "Green_Lifecycle"; Value = ""; VariantName = "[No Variations]"
Change component parameters (AddParameter): Name = "Green_REACh"; Value = ""; VariantName = "[No Variations]"
Change component parameters (AddParameter): Name = "Manufacturer"; Value = "Vishay-Dale"; VariantName = "[No Variations]"
Change component parameters (AddParameter): Name = "MountType"; Value = "SMT"; VariantName = "[No Variations]"
Change component parameters (AddParameter): Name = "PackageReference"; Value = "1206"; VariantName = "[No Variations]"
Change component parameters (AddParameter): Name = "PartNumber"; Value = "CRCW120620R0FKEA"; VariantName = "[No Variations]"
Change component parameters (AddParameter): Name = "Power_W"; Value = "250mW"; VariantName = "[No Variations]"
Change component parameters (AddParameter): Name = "Res_ohm"; Value = "20"; VariantName = "[No Variations]"
Change component parameters (AddParameter): Name = "RoHS"; Value = "E"; VariantName = "[No Variations]"
Change component parameters (AddParameter): Name = "SizeArea_mm2"; Value = "5.12"; VariantName = "[No Variations]"
Change component parameters (AddParameter): Name = "SizeX_mm"; Value = "3.2"; VariantName = "[No Variations]"
Change component parameters (AddParameter): Name = "SizeY_mm"; Value = "1.6"; VariantName = "[No Variations]"
Change component parameters (AddParameter): Name = "SizeZ_mm"; Value = "1.35"; VariantName = "[No Variations]"
Change component parameters (AddParameter): Name = "Supplier 1"; Value = "Digi-Key"; VariantName = "[No Variations]"
Change component parameters (AddParameter): Name = "Supplier 2"; Value = "Newark"; VariantName = "[No Variations]"
Change component parameters (AddParameter): Name = "Supplier 3"; Value = "Mouser"; VariantName = "[No Variations]"
Change component parameters (AddParameter): Name = "Supplier Part Number 1"; Value = "541-20.0FCT-ND"; VariantName = "[No Variations]"
Change component parameters (AddParameter): Name = "Supplier Part Number 2"; Value = "42K4894"; VariantName = "[No Variations]"
Change component parameters (AddParameter): Name = "Supplier Part Number 3"; Value = "71-CRCW1206-20-E3"; VariantName = "[No Variations]"
Change component parameters (AddParameter): Name = "Technology"; Value = "Thick Film"; VariantName = "[No Variations]"
Change component parameters (AddParameter): Name = "TempCo"; Value = "100 ppm/C"; VariantName = "[No Variations]"
Change component parameters (AddParameter): Name = "Tolerance_%"; Value = "1%"; VariantName = "[No Variations]"
Change component parameters (AddParameter): Name = "Value"; Value = "5k1"; VariantName = "[No Variations]"
Change component parameters (AddParameter): Name = "Value1"; Value = "1%"; VariantName = "[No Variations]"
Change component parameters (AddParameter): Name = "Value2"; Value = "0.25W"; VariantName = "[No Variations]"
Change component parameters (AddParameter): Name = "Value_Code"; Value = "20R0"; VariantName = "[No Variations]"
Change component parameters (AddParameter): Name = "ValueDisplayed"; Value = ""; VariantName = "[No Variations]"
Change component parameters (AddParameter): Name = "VDC_V"; Value = "200V"; VariantName = "[No Variations]"
Change component parameters: Designator = "R55" ("R55"); Footprint = "1210M"; UniqueID = "\LFPIMQEH" ("\LFPIMQEH")
Change component parameters (AddParameter): Name = "AEC Category"; Value = "Q200"; VariantName = "[No Variations]"
Change component parameters (AddParameter): Name = "AEC Grade"; Value = "0"; VariantName = "[No Variations]"
Change component parameters (AddParameter): Name = "AEC Qualified"; Value = "Y"; VariantName = "[No Variations]"
Change component parameters (AddParameter): Name = "Alternate Manufacturer"; Value = ""; VariantName = "[No Variations]"
Change component parameters (AddParameter): Name = "Alternate PartNumber"; Value = ""; VariantName = "[No Variations]"
Change component parameters (AddParameter): Name = "ComponentLink1Description"; Value = "Datasheet link"; VariantName = "[No Variations]"
Change component parameters (AddParameter): Name = "ComponentLink1URL"; Value = "http://www.vishay.com/docs/20035/dcrcwe3.pdf"; VariantName = "[No Variations]"
Change component parameters (AddParameter): Name = "CompType"; Value = "Resistor"; VariantName = "[No Variations]"
Change component parameters (AddParameter): Name = "EIA_Code"; Value = "E96"; VariantName = "[No Variations]"
Change component parameters (AddParameter): Name = "Green_EU RoHS"; Value = ""; VariantName = "[No Variations]"
Change component parameters (AddParameter): Name = "Green_EU RoHS-2"; Value = ""; VariantName = "[No Variations]"
Change component parameters (AddParameter): Name = "Green_Lifecycle"; Value = ""; VariantName = "[No Variations]"
Change component parameters (AddParameter): Name = "Green_REACh"; Value = ""; VariantName = "[No Variations]"
Change component parameters (AddParameter): Name = "Manufacturer"; Value = "Vishay-Dale"; VariantName = "[No Variations]"
Change component parameters (AddParameter): Name = "MountType"; Value = "SMT"; VariantName = "[No Variations]"
Change component parameters (AddParameter): Name = "PackageReference"; Value = "1206"; VariantName = "[No Variations]"
Change component parameters (AddParameter): Name = "PartNumber"; Value = "CRCW120620R0FKEA"; VariantName = "[No Variations]"
Change component parameters (AddParameter): Name = "Power_W"; Value = "250mW"; VariantName = "[No Variations]"
Change component parameters (AddParameter): Name = "Res_ohm"; Value = "20"; VariantName = "[No Variations]"
Change component parameters (AddParameter): Name = "RoHS"; Value = "E"; VariantName = "[No Variations]"
Change component parameters (AddParameter): Name = "SizeArea_mm2"; Value = "5.12"; VariantName = "[No Variations]"
Change component parameters (AddParameter): Name = "SizeX_mm"; Value = "3.2"; VariantName = "[No Variations]"
Change component parameters (AddParameter): Name = "SizeY_mm"; Value = "1.6"; VariantName = "[No Variations]"
Change component parameters (AddParameter): Name = "SizeZ_mm"; Value = "1.35"; VariantName = "[No Variations]"
Change component parameters (AddParameter): Name = "Supplier 1"; Value = "Digi-Key"; VariantName = "[No Variations]"
Change component parameters (AddParameter): Name = "Supplier 2"; Value = "Newark"; VariantName = "[No Variations]"
Change component parameters (AddParameter): Name = "Supplier 3"; Value = "Mouser"; VariantName = "[No Variations]"
Change component parameters (AddParameter): Name = "Supplier Part Number 1"; Value = "541-20.0FCT-ND"; VariantName = "[No Variations]"
Change component parameters (AddParameter): Name = "Supplier Part Number 2"; Value = "42K4894"; VariantName = "[No Variations]"
Change component parameters (AddParameter): Name = "Supplier Part Number 3"; Value = "71-CRCW1206-20-E3"; VariantName = "[No Variations]"
Change component parameters (AddParameter): Name = "Technology"; Value = "Thick Film"; VariantName = "[No Variations]"
Change component parameters (AddParameter): Name = "TempCo"; Value = "100 ppm/C"; VariantName = "[No Variations]"
Change component parameters (AddParameter): Name = "Tolerance_%"; Value = "1%"; VariantName = "[No Variations]"
Change component parameters (AddParameter): Name = "Value"; Value = "5k1"; VariantName = "[No Variations]"
Change component parameters (AddParameter): Name = "Value1"; Value = "1%"; VariantName = "[No Variations]"
Change component parameters (AddParameter): Name = "Value2"; Value = "0.25W"; VariantName = "[No Variations]"
Change component parameters (AddParameter): Name = "Value_Code"; Value = "20R0"; VariantName = "[No Variations]"
Change component parameters (AddParameter): Name = "ValueDisplayed"; Value = ""; VariantName = "[No Variations]"
Change component parameters (AddParameter): Name = "VDC_V"; Value = "200V"; VariantName = "[No Variations]"
Change component parameters: Designator = "R56" ("R56"); Footprint = "1210M"; UniqueID = "\EKSLMXXH" ("\EKSLMXXH")
Change component parameters (AddParameter): Name = "AEC Category"; Value = "Q200"; VariantName = "[No Variations]"
Change component parameters (AddParameter): Name = "AEC Grade"; Value = "0"; VariantName = "[No Variations]"
Change component parameters (AddParameter): Name = "AEC Qualified"; Value = "Y"; VariantName = "[No Variations]"
Change component parameters (AddParameter): Name = "Alternate Manufacturer"; Value = ""; VariantName = "[No Variations]"
Change component parameters (AddParameter): Name = "Alternate PartNumber"; Value = ""; VariantName = "[No Variations]"
Change component parameters (AddParameter): Name = "ComponentLink1Description"; Value = "Datasheet link"; VariantName = "[No Variations]"
Change component parameters (AddParameter): Name = "ComponentLink1URL"; Value = "http://www.vishay.com/docs/20035/dcrcwe3.pdf"; VariantName = "[No Variations]"
Change component parameters (AddParameter): Name = "CompType"; Value = "Resistor"; VariantName = "[No Variations]"
Change component parameters (AddParameter): Name = "EIA_Code"; Value = "E96"; VariantName = "[No Variations]"
Change component parameters (AddParameter): Name = "Green_EU RoHS"; Value = ""; VariantName = "[No Variations]"
Change component parameters (AddParameter): Name = "Green_EU RoHS-2"; Value = ""; VariantName = "[No Variations]"
Change component parameters (AddParameter): Name = "Green_Lifecycle"; Value = ""; VariantName = "[No Variations]"
Change component parameters (AddParameter): Name = "Green_REACh"; Value = ""; VariantName = "[No Variations]"
Change component parameters (AddParameter): Name = "Manufacturer"; Value = "Vishay-Dale"; VariantName = "[No Variations]"
Change component parameters (AddParameter): Name = "MountType"; Value = "SMT"; VariantName = "[No Variations]"
Change component parameters (AddParameter): Name = "PackageReference"; Value = "1206"; VariantName = "[No Variations]"
Change component parameters (AddParameter): Name = "PartNumber"; Value = "CRCW120620R0FKEA"; VariantName = "[No Variations]"
Change component parameters (AddParameter): Name = "Power_W"; Value = "250mW"; VariantName = "[No Variations]"
Change component parameters (AddParameter): Name = "Res_ohm"; Value = "20"; VariantName = "[No Variations]"
Change component parameters (AddParameter): Name = "RoHS"; Value = "E"; VariantName = "[No Variations]"
Change component parameters (AddParameter): Name = "SizeArea_mm2"; Value = "5.12"; VariantName = "[No Variations]"
Change component parameters (AddParameter): Name = "SizeX_mm"; Value = "3.2"; VariantName = "[No Variations]"
Change component parameters (AddParameter): Name = "SizeY_mm"; Value = "1.6"; VariantName = "[No Variations]"
Change component parameters (AddParameter): Name = "SizeZ_mm"; Value = "1.35"; VariantName = "[No Variations]"
Change component parameters (AddParameter): Name = "Supplier 1"; Value = "Digi-Key"; VariantName = "[No Variations]"
Change component parameters (AddParameter): Name = "Supplier 2"; Value = "Newark"; VariantName = "[No Variations]"
Change component parameters (AddParameter): Name = "Supplier 3"; Value = "Mouser"; VariantName = "[No Variations]"
Change component parameters (AddParameter): Name = "Supplier Part Number 1"; Value = "541-20.0FCT-ND"; VariantName = "[No Variations]"
Change component parameters (AddParameter): Name = "Supplier Part Number 2"; Value = "42K4894"; VariantName = "[No Variations]"
Change component parameters (AddParameter): Name = "Supplier Part Number 3"; Value = "71-CRCW1206-20-E3"; VariantName = "[No Variations]"
Change component parameters (AddParameter): Name = "Technology"; Value = "Thick Film"; VariantName = "[No Variations]"
Change component parameters (AddParameter): Name = "TempCo"; Value = "100 ppm/C"; VariantName = "[No Variations]"
Change component parameters (AddParameter): Name = "Tolerance_%"; Value = "1%"; VariantName = "[No Variations]"
Change component parameters (AddParameter): Name = "Value"; Value = "5k1"; VariantName = "[No Variations]"
Change component parameters (AddParameter): Name = "Value1"; Value = "1%"; VariantName = "[No Variations]"
Change component parameters (AddParameter): Name = "Value2"; Value = "0.25W"; VariantName = "[No Variations]"
Change component parameters (AddParameter): Name = "Value_Code"; Value = "20R0"; VariantName = "[No Variations]"
Change component parameters (AddParameter): Name = "ValueDisplayed"; Value = ""; VariantName = "[No Variations]"
Change component parameters (AddParameter): Name = "VDC_V"; Value = "200V"; VariantName = "[No Variations]"
Added Pin To Net: NetName=PACK Pin=R53-2
Added Pin To Net: NetName=PACK+ Pin=R54-1
Added Pin To Net: NetName=LD Pin=R55-2
Added Pin To Net: NetName=PACK+ Pin=R56-1
Added Pin To Net: NetName=NetR53_1 Pin=R53-1
Added Pin To Net: NetName=NetR53_1 Pin=R54-2
Added Net: Name=NetR53_1
Added Pin To Net: NetName=NetR55_1 Pin=R55-1
Added Pin To Net: NetName=NetR55_1 Pin=R56-2
Added Net: Name=NetR55_1
