Removed Member From Class: ClassName=BMS029B_Monitor Member=C71
Change Component Designator: OldDesignator=C1 NewDesignator=C10
Change Component Designator: OldDesignator=C2 NewDesignator=C11
Change Component Designator: OldDesignator=C3 NewDesignator=C12
Change Component Designator: OldDesignator=C4 NewDesignator=C13
Change Component Designator: OldDesignator=C5 NewDesignator=C14
Change Component Designator: OldDesignator=C6 NewDesignator=C15
Change Component Designator: OldDesignator=C7 NewDesignator=C16
Change Component Designator: OldDesignator=C8 NewDesignator=C17
Change Component Designator: OldDesignator=C9 NewDesignator=C18
Change Component Designator: OldDesignator=C10 NewDesignator=C20
Change Component Designator: OldDesignator=C11 NewDesignator=C21
Change Component Designator: OldDesignator=C12 NewDesignator=C22
Change Component Designator: OldDesignator=C13 NewDesignator=C23
Change Component Designator: OldDesignator=C14 NewDesignator=C24
Change Component Designator: OldDesignator=C15 NewDesignator=C25
Change Component Designator: OldDesignator=C16 NewDesignator=C26
Change Component Designator: OldDesignator=C17 NewDesignator=C27
Change Component Designator: OldDesignator=C18 NewDesignator=C28
Change Component Designator: OldDesignator=C19 NewDesignator=C29
Change Component Designator: OldDesignator=C20 NewDesignator=C30
Change Component Designator: OldDesignator=C21 NewDesignator=C31
Change Component Designator: OldDesignator=C22 NewDesignator=C32
Change Component Designator: OldDesignator=C23 NewDesignator=C33
Change Component Designator: OldDesignator=C24 NewDesignator=C34
Change Component Designator: OldDesignator=C25 NewDesignator=C35
Change Component Designator: OldDesignator=C26 NewDesignator=C36
Change Component Designator: OldDesignator=C27 NewDesignator=C37
Change Component Designator: OldDesignator=C28 NewDesignator=C38
Change Component Designator: OldDesignator=C29 NewDesignator=C1
Change Component Designator: OldDesignator=C30 NewDesignator=C2
Change Component Designator: OldDesignator=C34 NewDesignator=C3
Change Component Designator: OldDesignator=C36 NewDesignator=C4
Change Component Designator: OldDesignator=C37 NewDesignator=C5
Change Component Designator: OldDesignator=C38 NewDesignator=C6
Change Component Designator: OldDesignator=C42 NewDesignator=C7
Change Component Designator: OldDesignator=C45 NewDesignator=C8
Change Component Designator: OldDesignator=C47 NewDesignator=C9
Change Component Designator: OldDesignator=C71 NewDesignator=C19
Change Component Designator: OldDesignator=D1 NewDesignator=D11
Change Component Designator: OldDesignator=D2 NewDesignator=D12
Change Component Designator: OldDesignator=D3 NewDesignator=D1
Change Component Designator: OldDesignator=D4 NewDesignator=D2
Change Component Designator: OldDesignator=D5 NewDesignator=D3
Change Component Designator: OldDesignator=D6 NewDesignator=D4
Change Component Designator: OldDesignator=D7 NewDesignator=D5
Change Component Designator: OldDesignator=D8 NewDesignator=D6
Change Component Designator: OldDesignator=D9 NewDesignator=D7
Change Component Designator: OldDesignator=D10 NewDesignator=D8
Change Component Designator: OldDesignator=D11 NewDesignator=D9
Change Component Designator: OldDesignator=D12 NewDesignator=D10
Change Component Designator: OldDesignator=J1 NewDesignator=J3
Change Component Designator: OldDesignator=J2 NewDesignator=J4
Change Component Designator: OldDesignator=J3 NewDesignator=J5
Change Component Designator: OldDesignator=J4 NewDesignator=J6
Change Component Designator: OldDesignator=J5 NewDesignator=J7
Change Component Designator: OldDesignator=J6 NewDesignator=J8
Change Component Designator: OldDesignator=J7 NewDesignator=J9
Change Component Designator: OldDesignator=J8 NewDesignator=J1
Change Component Designator: OldDesignator=J9 NewDesignator=J2
Change Component Designator: OldDesignator=NT1 NewDesignator=NT2
Change Component Designator: OldDesignator=NT2 NewDesignator=NT1
Change Component Designator: OldDesignator=Q1 NewDesignator=Q10
Change Component Designator: OldDesignator=Q2 NewDesignator=Q1
Change Component Designator: OldDesignator=Q3 NewDesignator=Q2
Change Component Designator: OldDesignator=Q5 NewDesignator=Q3
Change Component Designator: OldDesignator=Q6 NewDesignator=Q4
Change Component Designator: OldDesignator=Q7 NewDesignator=Q5
Change Component Designator: OldDesignator=Q8 NewDesignator=Q6
Change Component Designator: OldDesignator=Q9 NewDesignator=Q7
Change Component Designator: OldDesignator=Q10 NewDesignator=Q8
Change Component Designator: OldDesignator=Q12 NewDesignator=Q9
Change Component Designator: OldDesignator=R1 NewDesignator=R30
Change Component Designator: OldDesignator=R2 NewDesignator=R31
Change Component Designator: OldDesignator=R3 NewDesignator=R32
Change Component Designator: OldDesignator=R4 NewDesignator=R33
Change Component Designator: OldDesignator=R5 NewDesignator=R34
Change Component Designator: OldDesignator=R6 NewDesignator=R35
Change Component Designator: OldDesignator=R7 NewDesignator=R36
Change Component Designator: OldDesignator=R8 NewDesignator=R37
Change Component Designator: OldDesignator=R9 NewDesignator=R38
Change Component Designator: OldDesignator=R10 NewDesignator=R39
Change Component Designator: OldDesignator=R11 NewDesignator=R40
Change Component Designator: OldDesignator=R12 NewDesignator=R41
Change Component Designator: OldDesignator=R13 NewDesignator=R42
Change Component Designator: OldDesignator=R14 NewDesignator=R43
Change Component Designator: OldDesignator=R15 NewDesignator=R44
Change Component Designator: OldDesignator=R16 NewDesignator=R45
Change Component Designator: OldDesignator=R17 NewDesignator=R46
Change Component Designator: OldDesignator=R18 NewDesignator=R47
Change Component Designator: OldDesignator=R19 NewDesignator=R48
Change Component Designator: OldDesignator=R20 NewDesignator=R49
Change Component Designator: OldDesignator=R21 NewDesignator=R50
Change Component Designator: OldDesignator=R22 NewDesignator=R51
Change Component Designator: OldDesignator=R23 NewDesignator=R52
Change Component Designator: OldDesignator=R24 NewDesignator=R53
Change Component Designator: OldDesignator=R25 NewDesignator=R54
Change Component Designator: OldDesignator=R26 NewDesignator=R55
Change Component Designator: OldDesignator=R27 NewDesignator=R56
Change Component Designator: OldDesignator=R28 NewDesignator=R57
Change Component Designator: OldDesignator=R29 NewDesignator=R58
Change Component Designator: OldDesignator=R30 NewDesignator=R59
Change Component Designator: OldDesignator=R33 NewDesignator=R1
Change Component Designator: OldDesignator=R35 NewDesignator=R2
Change Component Designator: OldDesignator=R39 NewDesignator=R3
Change Component Designator: OldDesignator=R40 NewDesignator=R4
Change Component Designator: OldDesignator=R42 NewDesignator=R6
Change Component Designator: OldDesignator=R43 NewDesignator=R5
Change Component Designator: OldDesignator=R45 NewDesignator=R7
Change Component Designator: OldDesignator=R46 NewDesignator=R8
Change Component Designator: OldDesignator=R48 NewDesignator=R9
Change Component Designator: OldDesignator=R50 NewDesignator=R10
Change Component Designator: OldDesignator=R51 NewDesignator=R11
Change Component Designator: OldDesignator=R52 NewDesignator=R12
Change Component Designator: OldDesignator=R55 NewDesignator=R13
Change Component Designator: OldDesignator=R56 NewDesignator=R14
Change Component Designator: OldDesignator=R57 NewDesignator=R15
Change Component Designator: OldDesignator=R59 NewDesignator=R16
Change Component Designator: OldDesignator=R61 NewDesignator=R17
Change Component Designator: OldDesignator=R62 NewDesignator=R18
Change Component Designator: OldDesignator=R63 NewDesignator=R19
Change Component Designator: OldDesignator=R64 NewDesignator=R20
Change Component Designator: OldDesignator=R65 NewDesignator=R21
Change Component Designator: OldDesignator=R66 NewDesignator=R22
Change Component Designator: OldDesignator=R68 NewDesignator=R23
Change Component Designator: OldDesignator=R70 NewDesignator=R24
Change Component Designator: OldDesignator=R71 NewDesignator=R25
Change Component Designator: OldDesignator=R73 NewDesignator=R26
Change Component Designator: OldDesignator=R74 NewDesignator=R27
Change Component Designator: OldDesignator=R76 NewDesignator=R28
Change Component Designator: OldDesignator=R77 NewDesignator=R29
Change Component Designator: OldDesignator=TP1 NewDesignator=TP18
Change Component Designator: OldDesignator=TP2 NewDesignator=TP19
Change Component Designator: OldDesignator=TP3 NewDesignator=TP20
Change Component Designator: OldDesignator=TP4 NewDesignator=TP21
Change Component Designator: OldDesignator=TP5 NewDesignator=TP22
Change Component Designator: OldDesignator=TP6 NewDesignator=TP23
Change Component Designator: OldDesignator=TP7 NewDesignator=TP24
Change Component Designator: OldDesignator=TP8 NewDesignator=TP25
Change Component Designator: OldDesignator=TP9 NewDesignator=TP26
Change Component Designator: OldDesignator=TP10 NewDesignator=TP27
Change Component Designator: OldDesignator=TP11 NewDesignator=TP28
Change Component Designator: OldDesignator=TP12 NewDesignator=TP29
Change Component Designator: OldDesignator=TP13 NewDesignator=TP30
Change Component Designator: OldDesignator=TP14 NewDesignator=TP31
Change Component Designator: OldDesignator=TP15 NewDesignator=TP32
Change Component Designator: OldDesignator=TP16 NewDesignator=TP33
Change Component Designator: OldDesignator=TP17 NewDesignator=TP34
Change Component Designator: OldDesignator=TP18 NewDesignator=TP35
Change Component Designator: OldDesignator=TP19 NewDesignator=TP36
Change Component Designator: OldDesignator=TP20 NewDesignator=TP1
Change Component Designator: OldDesignator=TP21 NewDesignator=TP2
Change Component Designator: OldDesignator=TP22 NewDesignator=TP3
Change Component Designator: OldDesignator=TP23 NewDesignator=TP4
Change Component Designator: OldDesignator=TP24 NewDesignator=TP5
Change Component Designator: OldDesignator=TP25 NewDesignator=TP6
Change Component Designator: OldDesignator=TP26 NewDesignator=TP7
Change Component Designator: OldDesignator=TP27 NewDesignator=TP8
Change Component Designator: OldDesignator=TP28 NewDesignator=TP9
Change Component Designator: OldDesignator=TP29 NewDesignator=TP10
Change Component Designator: OldDesignator=TP30 NewDesignator=TP11
Change Component Designator: OldDesignator=TP31 NewDesignator=TP12
Change Component Designator: OldDesignator=TP32 NewDesignator=TP13
Change Component Designator: OldDesignator=TP33 NewDesignator=TP14
Change Component Designator: OldDesignator=TP34 NewDesignator=TP15
Change Component Designator: OldDesignator=TP35 NewDesignator=TP16
Change Component Designator: OldDesignator=TP36 NewDesignator=TP17
Change Net Name : Old Net Name=NetC1_1 New Net Name=NetC10_1
Change Net Name : Old Net Name=NetC3_2 New Net Name=NetC12_2
Change Net Name : Old Net Name=NetC25_2 New Net Name=NetC35_2
Change Net Name : Old Net Name=NetC29_1 New Net Name=NetC1_1
Change Net Name : Old Net Name=NetC34_2 New Net Name=NetC3_2
Change Net Name : Old Net Name=NetC37_1 New Net Name=NetC5_1
Change Net Name : Old Net Name=NetC42_2 New Net Name=NetC7_2
Change Net Name : Old Net Name=NetC47_2 New Net Name=NetC9_2
Change Net Name : Old Net Name=NetC71_1 New Net Name=NetC19_1
Change Net Name : Old Net Name=NetD1_1 New Net Name=NetD11_1
Change Net Name : Old Net Name=NetD2_1 New Net Name=NetD12_1
Change Net Name : Old Net Name=NetD3_1 New Net Name=NetD1_1
Change Net Name : Old Net Name=NetD3_2 New Net Name=NetD1_2
Change Net Name : Old Net Name=NetD4_1 New Net Name=NetD2_1
Change Net Name : Old Net Name=NetD5_1 New Net Name=NetD3_1
Change Net Name : Old Net Name=NetD6_1 New Net Name=NetD4_1
Change Net Name : Old Net Name=NetD7_1 New Net Name=NetD5_1
Change Net Name : Old Net Name=NetD9_2 New Net Name=NetD7_2
Change Net Name : Old Net Name=NetJ2_4 New Net Name=NetJ4_4
Change Net Name : Old Net Name=NetJ6_1 New Net Name=NetJ8_1
Change Net Name : Old Net Name=NetJ6_3 New Net Name=NetJ8_3
Change Net Name : Old Net Name=NetJ7_3 New Net Name=NetJ9_3
Change Net Name : Old Net Name=NetQ2_1 New Net Name=NetQ1_1
Change Net Name : Old Net Name=NetQ2_3 New Net Name=NetQ1_3
Change Net Name : Old Net Name=NetQ5_3 New Net Name=NetQ3_3
Change Net Name : Old Net Name=NetQ6_1 New Net Name=NetQ4_1
Change Net Name : Old Net Name=NetQ6_3 New Net Name=NetQ4_3
Change Net Name : Old Net Name=NetQ7_4 New Net Name=NetQ5_4
Change Net Name : Old Net Name=NetQ9_4 New Net Name=NetQ7_4
Change Net Name : Old Net Name=NetR5_1 New Net Name=NetR34_1
Change Net Name : Old Net Name=NetR6_1 New Net Name=NetR35_1
Change Net Name : Old Net Name=NetR45_1 New Net Name=NetR7_1
Change Net Name : Old Net Name=NetR64_2 New Net Name=NetR20_2
Change Net Name : Old Net Name=NetR70_1 New Net Name=NetR24_1
Change Net Name : Old Net Name=NetR73_1 New Net Name=NetR26_1
Change Net Name : Old Net Name=NetR76_1 New Net Name=NetR28_1
Added Member To Class: ClassName=BMS029B_Monitor Member=Component C29 C1608X7R1H224K080AB
