Removed Pin From Net: NetName=BAT- Pin=J3-5
Removed Pin From Net: NetName=NetJ2_1 Pin=R10-1
Removed Pin From Net: NetName=NetJ2_2 Pin=R11-1
Removed Pin From Net: NetName=NetJ2_3 Pin=R12-1
Removed Pin From Net: NetName=NetJ2_4 Pin=R13-1
Removed Pin From Net: NetName=NetJ2_5 Pin=R14-1
Removed Pin From Net: NetName=NetJ3_1 Pin=R16-1
Removed Pin From Net: NetName=NetJ3_2 Pin=R18-1
Removed Pin From Net: NetName=NetJ3_3 Pin=R19-1
Removed Pin From Net: NetName=NetJ3_4 Pin=R20-1
Added Pin To Net: NetName=BAT- Pin=J2-6
Added Pin To Net: NetName=NetJ3_1 Pin=R10-1
Added Pin To Net: NetName=NetJ3_2 Pin=R11-1
Added Pin To Net: NetName=NetJ3_3 Pin=R12-1
Added Pin To Net: NetName=NetJ3_4 Pin=R13-1
Added Pin To Net: NetName=NetJ2_1 Pin=R15-1
Added Pin To Net: NetName=NetJ2_2 Pin=R16-1
Added Pin To Net: NetName=NetJ2_3 Pin=R18-1
Added Pin To Net: NetName=NetJ2_4 Pin=R19-1
Added Pin To Net: NetName=NetJ2_5 Pin=R20-1
Added Pin To Net: NetName=NetJ3_5 Pin=J3-5
Added Pin To Net: NetName=NetJ3_5 Pin=R14-1
Added Net: Name=NetJ3_5
