Removed Pin From Net: NetName=ALERT Pin=R29-1
Removed Pin From Net: NetName=REG1 Pin=R29-2
Removed Pin From Net: NetName=NetD4_1 Pin=TP20-1
Removed Pin From Net: NetName=NetQ2_1 Pin=TP21-1
Removed Pin From Net: NetName=NetQ3_1 Pin=TP22-1
Removed Pin From Net: NetName=CHG Pin=TP25-1
Removed Pin From Net: NetName=PCHG Pin=TP26-1
Removed Pin From Net: NetName=PDSG Pin=TP27-1
Removed Member From Class: ClassName=BMS029B_FETs Member=TP20
Removed Member From Class: ClassName=BMS029B_FETs Member=TP21
Removed Member From Class: ClassName=BMS029B_FETs Member=TP22
Removed Member From Class: ClassName=BMS029B_FETs Member=TP25
Removed Member From Class: ClassName=BMS029B_FETs Member=TP26
Removed Member From Class: ClassName=BMS029B_FETs Member=TP27
Change Component DesignItemId : Designator=R22 Old DesignItemId=Resistor_0603 New DesignItemId=Resistor_0805
Change Component DesignItemId : Designator=R23 Old DesignItemId=Resistor_0603 New DesignItemId=Resistor_0805
Change Component DesignItemId : Designator=R24 Old DesignItemId=Resistor_0603 New DesignItemId=Resistor_0805
Change Component DesignItemId : Designator=R25 Old DesignItemId=Resistor_0603 New DesignItemId=Resistor_0805
Change Component DesignItemId : Designator=R26 Old DesignItemId=Resistor_0603 New DesignItemId=Resistor_0805
Change Component DesignItemId : Designator=R27 Old DesignItemId=Resistor_0603 New DesignItemId=Resistor_0805
Change Component DesignItemId : Designator=R28 Old DesignItemId=Resistor_0603 New DesignItemId=Resistor_0805
Change Component DesignItemId : Designator=R29 Old DesignItemId=Resistor_0603 New DesignItemId=Resistor_0805
Change Component Footprint: Designator=R22 Old Footprint=0603S New Footprint=SMD 0805 res
Change Component Footprint: Designator=R23 Old Footprint=0603S New Footprint=SMD 0805 res
Change Component Footprint: Designator=R24 Old Footprint=0603S New Footprint=SMD 0805 res
Change Component Footprint: Designator=R25 Old Footprint=0603S New Footprint=SMD 0805 res
Change Component Footprint: Designator=R26 Old Footprint=0603S New Footprint=SMD 0805 res
Change Component Footprint: Designator=R27 Old Footprint=0603S New Footprint=SMD 0805 res
Change Component Footprint: Designator=R28 Old Footprint=0603S New Footprint=SMD 0805 res
Change Component Footprint: Designator=R29 Old Footprint=0603S New Footprint=SMD 0805 res
Change Component Comment : Designator=R22 Old Comment=Resistor New Comment=0805_res
Change Component Comment : Designator=R23 Old Comment=Resistor New Comment=0805_res
Change Component Comment : Designator=R24 Old Comment=Resistor New Comment=0805_res
Change Component Comment : Designator=R25 Old Comment=Resistor New Comment=0805_res
Change Component Comment : Designator=R26 Old Comment=Resistor New Comment=0805_res
Change Component Comment : Designator=R27 Old Comment=Resistor New Comment=0805_res
Change Component Comment : Designator=R28 Old Comment=Resistor New Comment=0805_res
Change Component Comment : Designator=R29 Old Comment=Resistor New Comment=0805_res
Change Component Description : Designator=R22 Old Description=RES, 100, 5%, 0.1 W, AEC-Q200 Grade 0, 0603 New Description=0.25 W, AEC-Q200 Grade 0, 0805
Change Component Description : Designator=R23 Old Description=RES, 100, 5%, 0.1 W, AEC-Q200 Grade 0, 0603 New Description=0.25 W, AEC-Q200 Grade 0, 0805
Change Component Description : Designator=R24 Old Description=RES, 100, 5%, 0.1 W, AEC-Q200 Grade 0, 0603 New Description=0.25 W, AEC-Q200 Grade 0, 0805
Change Component Description : Designator=R25 Old Description=RES, 100, 5%, 0.1 W, AEC-Q200 Grade 0, 0603 New Description=0.25 W, AEC-Q200 Grade 0, 0805
Change Component Description : Designator=R26 Old Description=RES, 100, 5%, 0.1 W, AEC-Q200 Grade 0, 0603 New Description=0.25 W, AEC-Q200 Grade 0, 0805
Change Component Description : Designator=R27 Old Description=RES, 100, 5%, 0.1 W, AEC-Q200 Grade 0, 0603 New Description=0.25 W, AEC-Q200 Grade 0, 0805
Change Component Description : Designator=R28 Old Description=RES, 100, 5%, 0.1 W, AEC-Q200 Grade 0, 0603 New Description=0.25 W, AEC-Q200 Grade 0, 0805
Change Component Description : Designator=R29 Old Description=RES, 100, 5%, 0.1 W, AEC-Q200 Grade 0, 0603 New Description=0.25 W, AEC-Q200 Grade 0, 0805
Change component parameters: Designator = "R22" ("R22"); Footprint = "0603S"; UniqueID = "\CCHZESUM" ("\CCHZESUM")
Change component parameters (AddParameter): Name = "AEC Category"; Value = "Q200"; VariantName = "[No Variations]"
Change component parameters (AddParameter): Name = "AEC Grade"; Value = "0"; VariantName = "[No Variations]"
Change component parameters (AddParameter): Name = "AEC Qualified"; Value = "Y"; VariantName = "[No Variations]"
Change component parameters (AddParameter): Name = "Alternate Manufacturer"; Value = ""; VariantName = "[No Variations]"
Change component parameters (AddParameter): Name = "Alternate PartNumber"; Value = ""; VariantName = "[No Variations]"
Change component parameters (AddParameter): Name = "ComponentLink1Description"; Value = "Datasheet link"; VariantName = "[No Variations]"
Change component parameters (AddParameter): Name = "ComponentLink1URL"; Value = "http://www.vishay.com/docs/20035/dcrcwe3.pdf"; VariantName = "[No Variations]"
Change component parameters (AddParameter): Name = "CompType"; Value = "Resistor"; VariantName = "[No Variations]"
Change component parameters (AddParameter): Name = "EIA_Code"; Value = "E96"; VariantName = "[No Variations]"
Change component parameters (AddParameter): Name = "Green_EU RoHS"; Value = ""; VariantName = "[No Variations]"
Change component parameters (AddParameter): Name = "Green_EU RoHS-2"; Value = ""; VariantName = "[No Variations]"
Change component parameters (AddParameter): Name = "Green_Lifecycle"; Value = ""; VariantName = "[No Variations]"
Change component parameters (AddParameter): Name = "Green_REACh"; Value = ""; VariantName = "[No Variations]"
Change component parameters (AddParameter): Name = "Manufacturer"; Value = "Vishay-Dale"; VariantName = "[No Variations]"
Change component parameters (AddParameter): Name = "MountType"; Value = "SMT"; VariantName = "[No Variations]"
Change component parameters (AddParameter): Name = "PackageReference"; Value = "1206"; VariantName = "[No Variations]"
Change component parameters (AddParameter): Name = "PartNumber"; Value = "CRCW120620R0FKEA"; VariantName = "[No Variations]"
Change component parameters (AddParameter): Name = "Power_W"; Value = "250mW"; VariantName = "[No Variations]"
Change component parameters (AddParameter): Name = "Res_ohm"; Value = "20"; VariantName = "[No Variations]"
Change component parameters (AddParameter): Name = "RoHS"; Value = "E"; VariantName = "[No Variations]"
Change component parameters (AddParameter): Name = "SizeArea_mm2"; Value = "5.12"; VariantName = "[No Variations]"
Change component parameters (AddParameter): Name = "SizeX_mm"; Value = "3.2"; VariantName = "[No Variations]"
Change component parameters (AddParameter): Name = "SizeY_mm"; Value = "1.6"; VariantName = "[No Variations]"
Change component parameters (AddParameter): Name = "SizeZ_mm"; Value = "1.35"; VariantName = "[No Variations]"
Change component parameters (AddParameter): Name = "Supplier 1"; Value = "Digi-Key"; VariantName = "[No Variations]"
Change component parameters (AddParameter): Name = "Supplier 2"; Value = "Newark"; VariantName = "[No Variations]"
Change component parameters (AddParameter): Name = "Supplier 3"; Value = "Mouser"; VariantName = "[No Variations]"
Change component parameters (AddParameter): Name = "Supplier Part Number 1"; Value = "541-20.0FCT-ND"; VariantName = "[No Variations]"
Change component parameters (AddParameter): Name = "Supplier Part Number 2"; Value = "42K4894"; VariantName = "[No Variations]"
Change component parameters (AddParameter): Name = "Supplier Part Number 3"; Value = "71-CRCW1206-20-E3"; VariantName = "[No Variations]"
Change component parameters (AddParameter): Name = "Technology"; Value = "Thick Film"; VariantName = "[No Variations]"
Change component parameters (AddParameter): Name = "TempCo"; Value = "100 ppm/C"; VariantName = "[No Variations]"
Change component parameters (AddParameter): Name = "Tolerance_%"; Value = "1%"; VariantName = "[No Variations]"
Change component parameters (AddParameter): Name = "Value"; Value = "20.0"; VariantName = "[No Variations]"
Change component parameters (AddParameter): Name = "Value1"; Value = "1%"; VariantName = "[No Variations]"
Change component parameters (AddParameter): Name = "Value2"; Value = "0.25W"; VariantName = "[No Variations]"
Change component parameters (AddParameter): Name = "Value_Code"; Value = "20R0"; VariantName = "[No Variations]"
Change component parameters (AddParameter): Name = "ValueDisplayed"; Value = ""; VariantName = "[No Variations]"
Change component parameters (AddParameter): Name = "VDC_V"; Value = "200V"; VariantName = "[No Variations]"
Change component parameters: Designator = "R23" ("R23"); Footprint = "0603S"; UniqueID = "\YCUYJTJD" ("\YCUYJTJD")
Change component parameters (AddParameter): Name = "AEC Category"; Value = "Q200"; VariantName = "[No Variations]"
Change component parameters (AddParameter): Name = "AEC Grade"; Value = "0"; VariantName = "[No Variations]"
Change component parameters (AddParameter): Name = "AEC Qualified"; Value = "Y"; VariantName = "[No Variations]"
Change component parameters (AddParameter): Name = "Alternate Manufacturer"; Value = ""; VariantName = "[No Variations]"
Change component parameters (AddParameter): Name = "Alternate PartNumber"; Value = ""; VariantName = "[No Variations]"
Change component parameters (AddParameter): Name = "ComponentLink1Description"; Value = "Datasheet link"; VariantName = "[No Variations]"
Change component parameters (AddParameter): Name = "ComponentLink1URL"; Value = "http://www.vishay.com/docs/20035/dcrcwe3.pdf"; VariantName = "[No Variations]"
Change component parameters (AddParameter): Name = "CompType"; Value = "Resistor"; VariantName = "[No Variations]"
Change component parameters (AddParameter): Name = "EIA_Code"; Value = "E96"; VariantName = "[No Variations]"
Change component parameters (AddParameter): Name = "Green_EU RoHS"; Value = ""; VariantName = "[No Variations]"
Change component parameters (AddParameter): Name = "Green_EU RoHS-2"; Value = ""; VariantName = "[No Variations]"
Change component parameters (AddParameter): Name = "Green_Lifecycle"; Value = ""; VariantName = "[No Variations]"
Change component parameters (AddParameter): Name = "Green_REACh"; Value = ""; VariantName = "[No Variations]"
Change component parameters (AddParameter): Name = "Manufacturer"; Value = "Vishay-Dale"; VariantName = "[No Variations]"
Change component parameters (AddParameter): Name = "MountType"; Value = "SMT"; VariantName = "[No Variations]"
Change component parameters (AddParameter): Name = "PackageReference"; Value = "1206"; VariantName = "[No Variations]"
Change component parameters (AddParameter): Name = "PartNumber"; Value = "CRCW120620R0FKEA"; VariantName = "[No Variations]"
Change component parameters (AddParameter): Name = "Power_W"; Value = "250mW"; VariantName = "[No Variations]"
Change component parameters (AddParameter): Name = "Res_ohm"; Value = "20"; VariantName = "[No Variations]"
Change component parameters (AddParameter): Name = "RoHS"; Value = "E"; VariantName = "[No Variations]"
Change component parameters (AddParameter): Name = "SizeArea_mm2"; Value = "5.12"; VariantName = "[No Variations]"
Change component parameters (AddParameter): Name = "SizeX_mm"; Value = "3.2"; VariantName = "[No Variations]"
Change component parameters (AddParameter): Name = "SizeY_mm"; Value = "1.6"; VariantName = "[No Variations]"
Change component parameters (AddParameter): Name = "SizeZ_mm"; Value = "1.35"; VariantName = "[No Variations]"
Change component parameters (AddParameter): Name = "Supplier 1"; Value = "Digi-Key"; VariantName = "[No Variations]"
Change component parameters (AddParameter): Name = "Supplier 2"; Value = "Newark"; VariantName = "[No Variations]"
Change component parameters (AddParameter): Name = "Supplier 3"; Value = "Mouser"; VariantName = "[No Variations]"
Change component parameters (AddParameter): Name = "Supplier Part Number 1"; Value = "541-20.0FCT-ND"; VariantName = "[No Variations]"
Change component parameters (AddParameter): Name = "Supplier Part Number 2"; Value = "42K4894"; VariantName = "[No Variations]"
Change component parameters (AddParameter): Name = "Supplier Part Number 3"; Value = "71-CRCW1206-20-E3"; VariantName = "[No Variations]"
Change component parameters (AddParameter): Name = "Technology"; Value = "Thick Film"; VariantName = "[No Variations]"
Change component parameters (AddParameter): Name = "TempCo"; Value = "100 ppm/C"; VariantName = "[No Variations]"
Change component parameters (AddParameter): Name = "Tolerance_%"; Value = "1%"; VariantName = "[No Variations]"
Change component parameters (AddParameter): Name = "Value"; Value = "20.0"; VariantName = "[No Variations]"
Change component parameters (AddParameter): Name = "Value1"; Value = "1%"; VariantName = "[No Variations]"
Change component parameters (AddParameter): Name = "Value2"; Value = "0.25W"; VariantName = "[No Variations]"
Change component parameters (AddParameter): Name = "Value_Code"; Value = "20R0"; VariantName = "[No Variations]"
Change component parameters (AddParameter): Name = "ValueDisplayed"; Value = ""; VariantName = "[No Variations]"
Change component parameters (AddParameter): Name = "VDC_V"; Value = "200V"; VariantName = "[No Variations]"
Change component parameters: Designator = "R24" ("R24"); Footprint = "0603S"; UniqueID = "\RMQHRMFN" ("\RMQHRMFN")
Change component parameters (AddParameter): Name = "AEC Category"; Value = "Q200"; VariantName = "[No Variations]"
Change component parameters (AddParameter): Name = "AEC Grade"; Value = "0"; VariantName = "[No Variations]"
Change component parameters (AddParameter): Name = "AEC Qualified"; Value = "Y"; VariantName = "[No Variations]"
Change component parameters (AddParameter): Name = "Alternate Manufacturer"; Value = ""; VariantName = "[No Variations]"
Change component parameters (AddParameter): Name = "Alternate PartNumber"; Value = ""; VariantName = "[No Variations]"
Change component parameters (AddParameter): Name = "ComponentLink1Description"; Value = "Datasheet link"; VariantName = "[No Variations]"
Change component parameters (AddParameter): Name = "ComponentLink1URL"; Value = "http://www.vishay.com/docs/20035/dcrcwe3.pdf"; VariantName = "[No Variations]"
Change component parameters (AddParameter): Name = "CompType"; Value = "Resistor"; VariantName = "[No Variations]"
Change component parameters (AddParameter): Name = "EIA_Code"; Value = "E96"; VariantName = "[No Variations]"
Change component parameters (AddParameter): Name = "Green_EU RoHS"; Value = ""; VariantName = "[No Variations]"
Change component parameters (AddParameter): Name = "Green_EU RoHS-2"; Value = ""; VariantName = "[No Variations]"
Change component parameters (AddParameter): Name = "Green_Lifecycle"; Value = ""; VariantName = "[No Variations]"
Change component parameters (AddParameter): Name = "Green_REACh"; Value = ""; VariantName = "[No Variations]"
Change component parameters (AddParameter): Name = "Manufacturer"; Value = "Vishay-Dale"; VariantName = "[No Variations]"
Change component parameters (AddParameter): Name = "MountType"; Value = "SMT"; VariantName = "[No Variations]"
Change component parameters (AddParameter): Name = "PackageReference"; Value = "1206"; VariantName = "[No Variations]"
Change component parameters (AddParameter): Name = "PartNumber"; Value = "CRCW120620R0FKEA"; VariantName = "[No Variations]"
Change component parameters (AddParameter): Name = "Power_W"; Value = "250mW"; VariantName = "[No Variations]"
Change component parameters (AddParameter): Name = "Res_ohm"; Value = "20"; VariantName = "[No Variations]"
Change component parameters (AddParameter): Name = "RoHS"; Value = "E"; VariantName = "[No Variations]"
Change component parameters (AddParameter): Name = "SizeArea_mm2"; Value = "5.12"; VariantName = "[No Variations]"
Change component parameters (AddParameter): Name = "SizeX_mm"; Value = "3.2"; VariantName = "[No Variations]"
Change component parameters (AddParameter): Name = "SizeY_mm"; Value = "1.6"; VariantName = "[No Variations]"
Change component parameters (AddParameter): Name = "SizeZ_mm"; Value = "1.35"; VariantName = "[No Variations]"
Change component parameters (AddParameter): Name = "Supplier 1"; Value = "Digi-Key"; VariantName = "[No Variations]"
Change component parameters (AddParameter): Name = "Supplier 2"; Value = "Newark"; VariantName = "[No Variations]"
Change component parameters (AddParameter): Name = "Supplier 3"; Value = "Mouser"; VariantName = "[No Variations]"
Change component parameters (AddParameter): Name = "Supplier Part Number 1"; Value = "541-20.0FCT-ND"; VariantName = "[No Variations]"
Change component parameters (AddParameter): Name = "Supplier Part Number 2"; Value = "42K4894"; VariantName = "[No Variations]"
Change component parameters (AddParameter): Name = "Supplier Part Number 3"; Value = "71-CRCW1206-20-E3"; VariantName = "[No Variations]"
Change component parameters (AddParameter): Name = "Technology"; Value = "Thick Film"; VariantName = "[No Variations]"
Change component parameters (AddParameter): Name = "TempCo"; Value = "100 ppm/C"; VariantName = "[No Variations]"
Change component parameters (AddParameter): Name = "Tolerance_%"; Value = "1%"; VariantName = "[No Variations]"
Change component parameters (AddParameter): Name = "Value"; Value = "20.0"; VariantName = "[No Variations]"
Change component parameters (AddParameter): Name = "Value1"; Value = "1%"; VariantName = "[No Variations]"
Change component parameters (AddParameter): Name = "Value2"; Value = "0.25W"; VariantName = "[No Variations]"
Change component parameters (AddParameter): Name = "Value_Code"; Value = "20R0"; VariantName = "[No Variations]"
Change component parameters (AddParameter): Name = "ValueDisplayed"; Value = ""; VariantName = "[No Variations]"
Change component parameters (AddParameter): Name = "VDC_V"; Value = "200V"; VariantName = "[No Variations]"
Change component parameters: Designator = "R25" ("R25"); Footprint = "0603S"; UniqueID = "\PWYFLMKN" ("\PWYFLMKN")
Change component parameters (AddParameter): Name = "AEC Category"; Value = "Q200"; VariantName = "[No Variations]"
Change component parameters (AddParameter): Name = "AEC Grade"; Value = "0"; VariantName = "[No Variations]"
Change component parameters (AddParameter): Name = "AEC Qualified"; Value = "Y"; VariantName = "[No Variations]"
Change component parameters (AddParameter): Name = "Alternate Manufacturer"; Value = ""; VariantName = "[No Variations]"
Change component parameters (AddParameter): Name = "Alternate PartNumber"; Value = ""; VariantName = "[No Variations]"
Change component parameters (AddParameter): Name = "ComponentLink1Description"; Value = "Datasheet link"; VariantName = "[No Variations]"
Change component parameters (AddParameter): Name = "ComponentLink1URL"; Value = "http://www.vishay.com/docs/20035/dcrcwe3.pdf"; VariantName = "[No Variations]"
Change component parameters (AddParameter): Name = "CompType"; Value = "Resistor"; VariantName = "[No Variations]"
Change component parameters (AddParameter): Name = "EIA_Code"; Value = "E96"; VariantName = "[No Variations]"
Change component parameters (AddParameter): Name = "Green_EU RoHS"; Value = ""; VariantName = "[No Variations]"
Change component parameters (AddParameter): Name = "Green_EU RoHS-2"; Value = ""; VariantName = "[No Variations]"
Change component parameters (AddParameter): Name = "Green_Lifecycle"; Value = ""; VariantName = "[No Variations]"
Change component parameters (AddParameter): Name = "Green_REACh"; Value = ""; VariantName = "[No Variations]"
Change component parameters (AddParameter): Name = "Manufacturer"; Value = "Vishay-Dale"; VariantName = "[No Variations]"
Change component parameters (AddParameter): Name = "MountType"; Value = "SMT"; VariantName = "[No Variations]"
Change component parameters (AddParameter): Name = "PackageReference"; Value = "1206"; VariantName = "[No Variations]"
Change component parameters (AddParameter): Name = "PartNumber"; Value = "CRCW120620R0FKEA"; VariantName = "[No Variations]"
Change component parameters (AddParameter): Name = "Power_W"; Value = "250mW"; VariantName = "[No Variations]"
Change component parameters (AddParameter): Name = "Res_ohm"; Value = "20"; VariantName = "[No Variations]"
Change component parameters (AddParameter): Name = "RoHS"; Value = "E"; VariantName = "[No Variations]"
Change component parameters (AddParameter): Name = "SizeArea_mm2"; Value = "5.12"; VariantName = "[No Variations]"
Change component parameters (AddParameter): Name = "SizeX_mm"; Value = "3.2"; VariantName = "[No Variations]"
Change component parameters (AddParameter): Name = "SizeY_mm"; Value = "1.6"; VariantName = "[No Variations]"
Change component parameters (AddParameter): Name = "SizeZ_mm"; Value = "1.35"; VariantName = "[No Variations]"
Change component parameters (AddParameter): Name = "Supplier 1"; Value = "Digi-Key"; VariantName = "[No Variations]"
Change component parameters (AddParameter): Name = "Supplier 2"; Value = "Newark"; VariantName = "[No Variations]"
Change component parameters (AddParameter): Name = "Supplier 3"; Value = "Mouser"; VariantName = "[No Variations]"
Change component parameters (AddParameter): Name = "Supplier Part Number 1"; Value = "541-20.0FCT-ND"; VariantName = "[No Variations]"
Change component parameters (AddParameter): Name = "Supplier Part Number 2"; Value = "42K4894"; VariantName = "[No Variations]"
Change component parameters (AddParameter): Name = "Supplier Part Number 3"; Value = "71-CRCW1206-20-E3"; VariantName = "[No Variations]"
Change component parameters (AddParameter): Name = "Technology"; Value = "Thick Film"; VariantName = "[No Variations]"
Change component parameters (AddParameter): Name = "TempCo"; Value = "100 ppm/C"; VariantName = "[No Variations]"
Change component parameters (AddParameter): Name = "Tolerance_%"; Value = "1%"; VariantName = "[No Variations]"
Change component parameters (AddParameter): Name = "Value"; Value = "20.0"; VariantName = "[No Variations]"
Change component parameters (AddParameter): Name = "Value1"; Value = "1%"; VariantName = "[No Variations]"
Change component parameters (AddParameter): Name = "Value2"; Value = "0.25W"; VariantName = "[No Variations]"
Change component parameters (AddParameter): Name = "Value_Code"; Value = "20R0"; VariantName = "[No Variations]"
Change component parameters (AddParameter): Name = "ValueDisplayed"; Value = ""; VariantName = "[No Variations]"
Change component parameters (AddParameter): Name = "VDC_V"; Value = "200V"; VariantName = "[No Variations]"
Change component parameters: Designator = "R26" ("R26"); Footprint = "0603S"; UniqueID = "\VHCZCOZW" ("\VHCZCOZW")
Change component parameters (AddParameter): Name = "AEC Category"; Value = "Q200"; VariantName = "[No Variations]"
Change component parameters (AddParameter): Name = "AEC Grade"; Value = "0"; VariantName = "[No Variations]"
Change component parameters (AddParameter): Name = "AEC Qualified"; Value = "Y"; VariantName = "[No Variations]"
Change component parameters (AddParameter): Name = "Alternate Manufacturer"; Value = ""; VariantName = "[No Variations]"
Change component parameters (AddParameter): Name = "Alternate PartNumber"; Value = ""; VariantName = "[No Variations]"
Change component parameters (AddParameter): Name = "ComponentLink1Description"; Value = "Datasheet link"; VariantName = "[No Variations]"
Change component parameters (AddParameter): Name = "ComponentLink1URL"; Value = "http://www.vishay.com/docs/20035/dcrcwe3.pdf"; VariantName = "[No Variations]"
Change component parameters (AddParameter): Name = "CompType"; Value = "Resistor"; VariantName = "[No Variations]"
Change component parameters (AddParameter): Name = "EIA_Code"; Value = "E96"; VariantName = "[No Variations]"
Change component parameters (AddParameter): Name = "Green_EU RoHS"; Value = ""; VariantName = "[No Variations]"
Change component parameters (AddParameter): Name = "Green_EU RoHS-2"; Value = ""; VariantName = "[No Variations]"
Change component parameters (AddParameter): Name = "Green_Lifecycle"; Value = ""; VariantName = "[No Variations]"
Change component parameters (AddParameter): Name = "Green_REACh"; Value = ""; VariantName = "[No Variations]"
Change component parameters (AddParameter): Name = "Manufacturer"; Value = "Vishay-Dale"; VariantName = "[No Variations]"
Change component parameters (AddParameter): Name = "MountType"; Value = "SMT"; VariantName = "[No Variations]"
Change component parameters (AddParameter): Name = "PackageReference"; Value = "1206"; VariantName = "[No Variations]"
Change component parameters (AddParameter): Name = "PartNumber"; Value = "CRCW120620R0FKEA"; VariantName = "[No Variations]"
Change component parameters (AddParameter): Name = "Power_W"; Value = "250mW"; VariantName = "[No Variations]"
Change component parameters (AddParameter): Name = "Res_ohm"; Value = "20"; VariantName = "[No Variations]"
Change component parameters (AddParameter): Name = "RoHS"; Value = "E"; VariantName = "[No Variations]"
Change component parameters (AddParameter): Name = "SizeArea_mm2"; Value = "5.12"; VariantName = "[No Variations]"
Change component parameters (AddParameter): Name = "SizeX_mm"; Value = "3.2"; VariantName = "[No Variations]"
Change component parameters (AddParameter): Name = "SizeY_mm"; Value = "1.6"; VariantName = "[No Variations]"
Change component parameters (AddParameter): Name = "SizeZ_mm"; Value = "1.35"; VariantName = "[No Variations]"
Change component parameters (AddParameter): Name = "Supplier 1"; Value = "Digi-Key"; VariantName = "[No Variations]"
Change component parameters (AddParameter): Name = "Supplier 2"; Value = "Newark"; VariantName = "[No Variations]"
Change component parameters (AddParameter): Name = "Supplier 3"; Value = "Mouser"; VariantName = "[No Variations]"
Change component parameters (AddParameter): Name = "Supplier Part Number 1"; Value = "541-20.0FCT-ND"; VariantName = "[No Variations]"
Change component parameters (AddParameter): Name = "Supplier Part Number 2"; Value = "42K4894"; VariantName = "[No Variations]"
Change component parameters (AddParameter): Name = "Supplier Part Number 3"; Value = "71-CRCW1206-20-E3"; VariantName = "[No Variations]"
Change component parameters (AddParameter): Name = "Technology"; Value = "Thick Film"; VariantName = "[No Variations]"
Change component parameters (AddParameter): Name = "TempCo"; Value = "100 ppm/C"; VariantName = "[No Variations]"
Change component parameters (AddParameter): Name = "Tolerance_%"; Value = "1%"; VariantName = "[No Variations]"
Change component parameters (AddParameter): Name = "Value"; Value = "20.0"; VariantName = "[No Variations]"
Change component parameters (AddParameter): Name = "Value1"; Value = "1%"; VariantName = "[No Variations]"
Change component parameters (AddParameter): Name = "Value2"; Value = "0.25W"; VariantName = "[No Variations]"
Change component parameters (AddParameter): Name = "Value_Code"; Value = "20R0"; VariantName = "[No Variations]"
Change component parameters (AddParameter): Name = "ValueDisplayed"; Value = ""; VariantName = "[No Variations]"
Change component parameters (AddParameter): Name = "VDC_V"; Value = "200V"; VariantName = "[No Variations]"
Change component parameters: Designator = "R27" ("R27"); Footprint = "0603S"; UniqueID = "\PYQOOKJF" ("\PYQOOKJF")
Change component parameters (AddParameter): Name = "AEC Category"; Value = "Q200"; VariantName = "[No Variations]"
Change component parameters (AddParameter): Name = "AEC Grade"; Value = "0"; VariantName = "[No Variations]"
Change component parameters (AddParameter): Name = "AEC Qualified"; Value = "Y"; VariantName = "[No Variations]"
Change component parameters (AddParameter): Name = "Alternate Manufacturer"; Value = ""; VariantName = "[No Variations]"
Change component parameters (AddParameter): Name = "Alternate PartNumber"; Value = ""; VariantName = "[No Variations]"
Change component parameters (AddParameter): Name = "ComponentLink1Description"; Value = "Datasheet link"; VariantName = "[No Variations]"
Change component parameters (AddParameter): Name = "ComponentLink1URL"; Value = "http://www.vishay.com/docs/20035/dcrcwe3.pdf"; VariantName = "[No Variations]"
Change component parameters (AddParameter): Name = "CompType"; Value = "Resistor"; VariantName = "[No Variations]"
Change component parameters (AddParameter): Name = "EIA_Code"; Value = "E96"; VariantName = "[No Variations]"
Change component parameters (AddParameter): Name = "Green_EU RoHS"; Value = ""; VariantName = "[No Variations]"
Change component parameters (AddParameter): Name = "Green_EU RoHS-2"; Value = ""; VariantName = "[No Variations]"
Change component parameters (AddParameter): Name = "Green_Lifecycle"; Value = ""; VariantName = "[No Variations]"
Change component parameters (AddParameter): Name = "Green_REACh"; Value = ""; VariantName = "[No Variations]"
Change component parameters (AddParameter): Name = "Manufacturer"; Value = "Vishay-Dale"; VariantName = "[No Variations]"
Change component parameters (AddParameter): Name = "MountType"; Value = "SMT"; VariantName = "[No Variations]"
Change component parameters (AddParameter): Name = "PackageReference"; Value = "1206"; VariantName = "[No Variations]"
Change component parameters (AddParameter): Name = "PartNumber"; Value = "CRCW120620R0FKEA"; VariantName = "[No Variations]"
Change component parameters (AddParameter): Name = "Power_W"; Value = "250mW"; VariantName = "[No Variations]"
Change component parameters (AddParameter): Name = "Res_ohm"; Value = "20"; VariantName = "[No Variations]"
Change component parameters (AddParameter): Name = "RoHS"; Value = "E"; VariantName = "[No Variations]"
Change component parameters (AddParameter): Name = "SizeArea_mm2"; Value = "5.12"; VariantName = "[No Variations]"
Change component parameters (AddParameter): Name = "SizeX_mm"; Value = "3.2"; VariantName = "[No Variations]"
Change component parameters (AddParameter): Name = "SizeY_mm"; Value = "1.6"; VariantName = "[No Variations]"
Change component parameters (AddParameter): Name = "SizeZ_mm"; Value = "1.35"; VariantName = "[No Variations]"
Change component parameters (AddParameter): Name = "Supplier 1"; Value = "Digi-Key"; VariantName = "[No Variations]"
Change component parameters (AddParameter): Name = "Supplier 2"; Value = "Newark"; VariantName = "[No Variations]"
Change component parameters (AddParameter): Name = "Supplier 3"; Value = "Mouser"; VariantName = "[No Variations]"
Change component parameters (AddParameter): Name = "Supplier Part Number 1"; Value = "541-20.0FCT-ND"; VariantName = "[No Variations]"
Change component parameters (AddParameter): Name = "Supplier Part Number 2"; Value = "42K4894"; VariantName = "[No Variations]"
Change component parameters (AddParameter): Name = "Supplier Part Number 3"; Value = "71-CRCW1206-20-E3"; VariantName = "[No Variations]"
Change component parameters (AddParameter): Name = "Technology"; Value = "Thick Film"; VariantName = "[No Variations]"
Change component parameters (AddParameter): Name = "TempCo"; Value = "100 ppm/C"; VariantName = "[No Variations]"
Change component parameters (AddParameter): Name = "Tolerance_%"; Value = "1%"; VariantName = "[No Variations]"
Change component parameters (AddParameter): Name = "Value"; Value = "20.0"; VariantName = "[No Variations]"
Change component parameters (AddParameter): Name = "Value1"; Value = "1%"; VariantName = "[No Variations]"
Change component parameters (AddParameter): Name = "Value2"; Value = "0.25W"; VariantName = "[No Variations]"
Change component parameters (AddParameter): Name = "Value_Code"; Value = "20R0"; VariantName = "[No Variations]"
Change component parameters (AddParameter): Name = "ValueDisplayed"; Value = ""; VariantName = "[No Variations]"
Change component parameters (AddParameter): Name = "VDC_V"; Value = "200V"; VariantName = "[No Variations]"
Change component parameters: Designator = "R28" ("R28"); Footprint = "0603S"; UniqueID = "\IHATZKOY" ("\IHATZKOY")
Change component parameters (AddParameter): Name = "AEC Category"; Value = "Q200"; VariantName = "[No Variations]"
Change component parameters (AddParameter): Name = "AEC Grade"; Value = "0"; VariantName = "[No Variations]"
Change component parameters (AddParameter): Name = "AEC Qualified"; Value = "Y"; VariantName = "[No Variations]"
Change component parameters (AddParameter): Name = "Alternate Manufacturer"; Value = ""; VariantName = "[No Variations]"
Change component parameters (AddParameter): Name = "Alternate PartNumber"; Value = ""; VariantName = "[No Variations]"
Change component parameters (AddParameter): Name = "ComponentLink1Description"; Value = "Datasheet link"; VariantName = "[No Variations]"
Change component parameters (AddParameter): Name = "ComponentLink1URL"; Value = "http://www.vishay.com/docs/20035/dcrcwe3.pdf"; VariantName = "[No Variations]"
Change component parameters (AddParameter): Name = "CompType"; Value = "Resistor"; VariantName = "[No Variations]"
Change component parameters (AddParameter): Name = "EIA_Code"; Value = "E96"; VariantName = "[No Variations]"
Change component parameters (AddParameter): Name = "Green_EU RoHS"; Value = ""; VariantName = "[No Variations]"
Change component parameters (AddParameter): Name = "Green_EU RoHS-2"; Value = ""; VariantName = "[No Variations]"
Change component parameters (AddParameter): Name = "Green_Lifecycle"; Value = ""; VariantName = "[No Variations]"
Change component parameters (AddParameter): Name = "Green_REACh"; Value = ""; VariantName = "[No Variations]"
Change component parameters (AddParameter): Name = "Manufacturer"; Value = "Vishay-Dale"; VariantName = "[No Variations]"
Change component parameters (AddParameter): Name = "MountType"; Value = "SMT"; VariantName = "[No Variations]"
Change component parameters (AddParameter): Name = "PackageReference"; Value = "1206"; VariantName = "[No Variations]"
Change component parameters (AddParameter): Name = "PartNumber"; Value = "CRCW120620R0FKEA"; VariantName = "[No Variations]"
Change component parameters (AddParameter): Name = "Power_W"; Value = "250mW"; VariantName = "[No Variations]"
Change component parameters (AddParameter): Name = "Res_ohm"; Value = "20"; VariantName = "[No Variations]"
Change component parameters (AddParameter): Name = "RoHS"; Value = "E"; VariantName = "[No Variations]"
Change component parameters (AddParameter): Name = "SizeArea_mm2"; Value = "5.12"; VariantName = "[No Variations]"
Change component parameters (AddParameter): Name = "SizeX_mm"; Value = "3.2"; VariantName = "[No Variations]"
Change component parameters (AddParameter): Name = "SizeY_mm"; Value = "1.6"; VariantName = "[No Variations]"
Change component parameters (AddParameter): Name = "SizeZ_mm"; Value = "1.35"; VariantName = "[No Variations]"
Change component parameters (AddParameter): Name = "Supplier 1"; Value = "Digi-Key"; VariantName = "[No Variations]"
Change component parameters (AddParameter): Name = "Supplier 2"; Value = "Newark"; VariantName = "[No Variations]"
Change component parameters (AddParameter): Name = "Supplier 3"; Value = "Mouser"; VariantName = "[No Variations]"
Change component parameters (AddParameter): Name = "Supplier Part Number 1"; Value = "541-20.0FCT-ND"; VariantName = "[No Variations]"
Change component parameters (AddParameter): Name = "Supplier Part Number 2"; Value = "42K4894"; VariantName = "[No Variations]"
Change component parameters (AddParameter): Name = "Supplier Part Number 3"; Value = "71-CRCW1206-20-E3"; VariantName = "[No Variations]"
Change component parameters (AddParameter): Name = "Technology"; Value = "Thick Film"; VariantName = "[No Variations]"
Change component parameters (AddParameter): Name = "TempCo"; Value = "100 ppm/C"; VariantName = "[No Variations]"
Change component parameters (AddParameter): Name = "Tolerance_%"; Value = "1%"; VariantName = "[No Variations]"
Change component parameters (AddParameter): Name = "Value"; Value = "20.0"; VariantName = "[No Variations]"
Change component parameters (AddParameter): Name = "Value1"; Value = "1%"; VariantName = "[No Variations]"
Change component parameters (AddParameter): Name = "Value2"; Value = "0.25W"; VariantName = "[No Variations]"
Change component parameters (AddParameter): Name = "Value_Code"; Value = "20R0"; VariantName = "[No Variations]"
Change component parameters (AddParameter): Name = "ValueDisplayed"; Value = ""; VariantName = "[No Variations]"
Change component parameters (AddParameter): Name = "VDC_V"; Value = "200V"; VariantName = "[No Variations]"
Change component parameters: Designator = "R29" ("R29"); Footprint = "0603S"; UniqueID = "\WFNHXMJP" ("\WFNHXMJP")
Change component parameters (AddParameter): Name = "AEC Category"; Value = "Q200"; VariantName = "[No Variations]"
Change component parameters (AddParameter): Name = "AEC Grade"; Value = "0"; VariantName = "[No Variations]"
Change component parameters (AddParameter): Name = "AEC Qualified"; Value = "Y"; VariantName = "[No Variations]"
Change component parameters (AddParameter): Name = "Alternate Manufacturer"; Value = ""; VariantName = "[No Variations]"
Change component parameters (AddParameter): Name = "Alternate PartNumber"; Value = ""; VariantName = "[No Variations]"
Change component parameters (AddParameter): Name = "ComponentLink1Description"; Value = "Datasheet link"; VariantName = "[No Variations]"
Change component parameters (AddParameter): Name = "ComponentLink1URL"; Value = "http://www.vishay.com/docs/20035/dcrcwe3.pdf"; VariantName = "[No Variations]"
Change component parameters (AddParameter): Name = "CompType"; Value = "Resistor"; VariantName = "[No Variations]"
Change component parameters (AddParameter): Name = "EIA_Code"; Value = "E96"; VariantName = "[No Variations]"
Change component parameters (AddParameter): Name = "Green_EU RoHS"; Value = ""; VariantName = "[No Variations]"
Change component parameters (AddParameter): Name = "Green_EU RoHS-2"; Value = ""; VariantName = "[No Variations]"
Change component parameters (AddParameter): Name = "Green_Lifecycle"; Value = ""; VariantName = "[No Variations]"
Change component parameters (AddParameter): Name = "Green_REACh"; Value = ""; VariantName = "[No Variations]"
Change component parameters (AddParameter): Name = "Manufacturer"; Value = "Vishay-Dale"; VariantName = "[No Variations]"
Change component parameters (AddParameter): Name = "MountType"; Value = "SMT"; VariantName = "[No Variations]"
Change component parameters (AddParameter): Name = "PackageReference"; Value = "1206"; VariantName = "[No Variations]"
Change component parameters (AddParameter): Name = "PartNumber"; Value = "CRCW120620R0FKEA"; VariantName = "[No Variations]"
Change component parameters (AddParameter): Name = "Power_W"; Value = "250mW"; VariantName = "[No Variations]"
Change component parameters (AddParameter): Name = "Res_ohm"; Value = "20"; VariantName = "[No Variations]"
Change component parameters (AddParameter): Name = "RoHS"; Value = "E"; VariantName = "[No Variations]"
Change component parameters (AddParameter): Name = "SizeArea_mm2"; Value = "5.12"; VariantName = "[No Variations]"
Change component parameters (AddParameter): Name = "SizeX_mm"; Value = "3.2"; VariantName = "[No Variations]"
Change component parameters (AddParameter): Name = "SizeY_mm"; Value = "1.6"; VariantName = "[No Variations]"
Change component parameters (AddParameter): Name = "SizeZ_mm"; Value = "1.35"; VariantName = "[No Variations]"
Change component parameters (AddParameter): Name = "Supplier 1"; Value = "Digi-Key"; VariantName = "[No Variations]"
Change component parameters (AddParameter): Name = "Supplier 2"; Value = "Newark"; VariantName = "[No Variations]"
Change component parameters (AddParameter): Name = "Supplier 3"; Value = "Mouser"; VariantName = "[No Variations]"
Change component parameters (AddParameter): Name = "Supplier Part Number 1"; Value = "541-20.0FCT-ND"; VariantName = "[No Variations]"
Change component parameters (AddParameter): Name = "Supplier Part Number 2"; Value = "42K4894"; VariantName = "[No Variations]"
Change component parameters (AddParameter): Name = "Supplier Part Number 3"; Value = "71-CRCW1206-20-E3"; VariantName = "[No Variations]"
Change component parameters (AddParameter): Name = "Technology"; Value = "Thick Film"; VariantName = "[No Variations]"
Change component parameters (AddParameter): Name = "TempCo"; Value = "100 ppm/C"; VariantName = "[No Variations]"
Change component parameters (AddParameter): Name = "Tolerance_%"; Value = "1%"; VariantName = "[No Variations]"
Change component parameters (AddParameter): Name = "Value"; Value = "20.0"; VariantName = "[No Variations]"
Change component parameters (AddParameter): Name = "Value1"; Value = "1%"; VariantName = "[No Variations]"
Change component parameters (AddParameter): Name = "Value2"; Value = "0.25W"; VariantName = "[No Variations]"
Change component parameters (AddParameter): Name = "Value_Code"; Value = "20R0"; VariantName = "[No Variations]"
Change component parameters (AddParameter): Name = "ValueDisplayed"; Value = ""; VariantName = "[No Variations]"
Change component parameters (AddParameter): Name = "VDC_V"; Value = "200V"; VariantName = "[No Variations]"
Added Pin To Net: NetName=REG1 Pin=R29-1
Added Pin To Net: NetName=ALERT Pin=R29-2
